# JRE version: OpenJDK Runtime Environment (8.0_292-b10) (build 1.8.0_292-8u292-b10-0ubuntu1~18.04-b10)
# Java VM: OpenJDK 64-Bit Server VM (25.292-b10 mixed mode linux-amd64 compressed oops)
Heap:
 PSYoungGen      total 350208K, used 297113K [0x000000076c600000, 0x000000078c080000, 0x00000007c0000000)
  eden space 272896K, 93% used [0x000000076c600000,0x000000077be59460,0x000000077d080000)
  from space 77312K, 55% used [0x000000077d080000,0x000000077fa4d118,0x0000000781c00000)
  to   space 79360K, 0% used [0x0000000787300000,0x0000000787300000,0x000000078c080000)
 ParOldGen       total 286208K, used 119078K [0x00000006c5200000, 0x00000006d6980000, 0x000000076c600000)
  object space 286208K, 41% used [0x00000006c5200000,0x00000006cc649b00,0x00000006d6980000)
 Metaspace       used 32223K, capacity 33184K, committed 33584K, reserved 1079296K
  class space    used 3520K, capacity 3780K, committed 3888K, reserved 1048576K
GC Heap History (10 events):
Event: 13.122 GC heap before
{Heap before GC invocations=17 (full 1):
 PSYoungGen      total 210432K, used 181664K [0x000000076c600000, 0x000000077f600000, 0x00000007c0000000)
  eden space 181248K, 100% used [0x000000076c600000,0x0000000777700000,0x0000000777700000)
  from space 29184K, 1% used [0x0000000777700000,0x0000000777768000,0x0000000779380000)
  to   space 28672K, 0% used [0x000000077da00000,0x000000077da00000,0x000000077f600000)
 ParOldGen       total 126464K, used 65262K [0x00000006c5200000, 0x00000006ccd80000, 0x000000076c600000)
  object space 126464K, 51% used [0x00000006c5200000,0x00000006c91bb8c8,0x00000006ccd80000)
 Metaspace       used 29170K, capacity 30068K, committed 30384K, reserved 1077248K
  class space    used 3188K, capacity 3425K, committed 3504K, reserved 1048576K
Event: 13.125 GC heap after
Heap after GC invocations=17 (full 1):
 PSYoungGen      total 272384K, used 680K [0x000000076c600000, 0x000000077f080000, 0x00000007c0000000)
  eden space 249344K, 0% used [0x000000076c600000,0x000000076c600000,0x000000077b980000)
  from space 23040K, 2% used [0x000000077da00000,0x000000077daaa010,0x000000077f080000)
  to   space 28160K, 0% used [0x000000077b980000,0x000000077b980000,0x000000077d500000)
 ParOldGen       total 126464K, used 65574K [0x00000006c5200000, 0x00000006ccd80000, 0x000000076c600000)
  object space 126464K, 51% used [0x00000006c5200000,0x00000006c92098c8,0x00000006ccd80000)
 Metaspace       used 29170K, capacity 30068K, committed 30384K, reserved 1077248K
  class space    used 3188K, capacity 3425K, committed 3504K, reserved 1048576K
}
Event: 14.189 GC heap before
{Heap before GC invocations=18 (full 1):
 PSYoungGen      total 272384K, used 250024K [0x000000076c600000, 0x000000077f080000, 0x00000007c0000000)
  eden space 249344K, 100% used [0x000000076c600000,0x000000077b980000,0x000000077b980000)
  from space 23040K, 2% used [0x000000077da00000,0x000000077daaa010,0x000000077f080000)
  to   space 28160K, 0% used [0x000000077b980000,0x000000077b980000,0x000000077d500000)
 ParOldGen       total 126464K, used 65574K [0x00000006c5200000, 0x00000006ccd80000, 0x000000076c600000)
  object space 126464K, 51% used [0x00000006c5200000,0x00000006c92098c8,0x00000006ccd80000)
 Metaspace       used 31945K, capacity 33004K, committed 33328K, reserved 1079296K
  class space    used 3503K, capacity 3765K, committed 3888K, reserved 1048576K
Event: 14.206 GC heap after
Heap after GC invocations=18 (full 1):
 PSYoungGen      total 277504K, used 28137K [0x000000076c600000, 0x0000000784380000, 0x00000007c0000000)
  eden space 249344K, 0% used [0x000000076c600000,0x000000076c600000,0x000000077b980000)
  from space 28160K, 99% used [0x000000077b980000,0x000000077d4fa790,0x000000077d500000)
  to   space 40448K, 0% used [0x0000000781c00000,0x0000000781c00000,0x0000000784380000)
 ParOldGen       total 126464K, used 83982K [0x00000006c5200000, 0x00000006ccd80000, 0x000000076c600000)
  object space 126464K, 66% used [0x00000006c5200000,0x00000006ca403be8,0x00000006ccd80000)
 Metaspace       used 31945K, capacity 33004K, committed 33328K, reserved 1079296K
  class space    used 3503K, capacity 3765K, committed 3888K, reserved 1048576K
}
Event: 14.335 GC heap before
{Heap before GC invocations=19 (full 1):
 PSYoungGen      total 277504K, used 277481K [0x000000076c600000, 0x0000000784380000, 0x00000007c0000000)
  eden space 249344K, 100% used [0x000000076c600000,0x000000077b980000,0x000000077b980000)
  from space 28160K, 99% used [0x000000077b980000,0x000000077d4fa790,0x000000077d500000)
  to   space 40448K, 0% used [0x0000000781c00000,0x0000000781c00000,0x0000000784380000)
 ParOldGen       total 126464K, used 83982K [0x00000006c5200000, 0x00000006ccd80000, 0x000000076c600000)
  object space 126464K, 66% used [0x00000006c5200000,0x00000006ca403be8,0x00000006ccd80000)
 Metaspace       used 32068K, capacity 33068K, committed 33328K, reserved 1079296K
  class space    used 3515K, capacity 3765K, committed 3888K, reserved 1048576K
Event: 14.361 GC heap after
Heap after GC invocations=19 (full 1):
 PSYoungGen      total 313344K, used 40443K [0x000000076c600000, 0x0000000789f00000, 0x00000007c0000000)
  eden space 272896K, 0% used [0x000000076c600000,0x000000076c600000,0x000000077d080000)
  from space 40448K, 99% used [0x0000000781c00000,0x000000078437ed30,0x0000000784380000)
  to   space 77312K, 0% used [0x000000077d080000,0x000000077d080000,0x0000000781c00000)
 ParOldGen       total 167424K, used 162681K [0x00000006c5200000, 0x00000006cf580000, 0x000000076c600000)
  object space 167424K, 97% used [0x00000006c5200000,0x00000006cf0de690,0x00000006cf580000)
 Metaspace       used 32068K, capacity 33068K, committed 33328K, reserved 1079296K
  class space    used 3515K, capacity 3765K, committed 3888K, reserved 1048576K
}
Event: 14.361 GC heap before
{Heap before GC invocations=20 (full 2):
 PSYoungGen      total 313344K, used 40443K [0x000000076c600000, 0x0000000789f00000, 0x00000007c0000000)
  eden space 272896K, 0% used [0x000000076c600000,0x000000076c600000,0x000000077d080000)
  from space 40448K, 99% used [0x0000000781c00000,0x000000078437ed30,0x0000000784380000)
  to   space 77312K, 0% used [0x000000077d080000,0x000000077d080000,0x0000000781c00000)
 ParOldGen       total 167424K, used 162681K [0x00000006c5200000, 0x00000006cf580000, 0x000000076c600000)
  object space 167424K, 97% used [0x00000006c5200000,0x00000006cf0de690,0x00000006cf580000)
 Metaspace       used 32068K, capacity 33068K, committed 33328K, reserved 1079296K
  class space    used 3515K, capacity 3765K, committed 3888K, reserved 1048576K
Event: 14.442 GC heap after
Heap after GC invocations=20 (full 2):
 PSYoungGen      total 313344K, used 0K [0x000000076c600000, 0x0000000789f00000, 0x00000007c0000000)
  eden space 272896K, 0% used [0x000000076c600000,0x000000076c600000,0x000000077d080000)
  from space 40448K, 0% used [0x0000000781c00000,0x0000000781c00000,0x0000000784380000)
  to   space 77312K, 0% used [0x000000077d080000,0x000000077d080000,0x0000000781c00000)
 ParOldGen       total 286208K, used 119078K [0x00000006c5200000, 0x00000006d6980000, 0x000000076c600000)
  object space 286208K, 41% used [0x00000006c5200000,0x00000006cc649b00,0x00000006d6980000)
 Metaspace       used 32013K, capacity 32960K, committed 33328K, reserved 1079296K
  class space    used 3505K, capacity 3748K, committed 3888K, reserved 1048576K
}
Event: 15.157 GC heap before
{Heap before GC invocations=21 (full 2):
 PSYoungGen      total 313344K, used 272896K [0x000000076c600000, 0x0000000789f00000, 0x00000007c0000000)
  eden space 272896K, 100% used [0x000000076c600000,0x000000077d080000,0x000000077d080000)
  from space 40448K, 0% used [0x0000000781c00000,0x0000000781c00000,0x0000000784380000)
  to   space 77312K, 0% used [0x000000077d080000,0x000000077d080000,0x0000000781c00000)
 ParOldGen       total 286208K, used 119078K [0x00000006c5200000, 0x00000006d6980000, 0x000000076c600000)
  object space 286208K, 41% used [0x00000006c5200000,0x00000006cc649b00,0x00000006d6980000)
 Metaspace       used 32214K, capacity 33184K, committed 33584K, reserved 1079296K
  class space    used 3520K, capacity 3780K, committed 3888K, reserved 1048576K
Event: 15.172 GC heap after
Heap after GC invocations=21 (full 2):
 PSYoungGen      total 350208K, used 42804K [0x000000076c600000, 0x000000078c080000, 0x00000007c0000000)
  eden space 272896K, 0% used [0x000000076c600000,0x000000076c600000,0x000000077d080000)
  from space 77312K, 55% used [0x000000077d080000,0x000000077fa4d118,0x0000000781c00000)
  to   space 79360K, 0% used [0x0000000787300000,0x0000000787300000,0x000000078c080000)
 ParOldGen       total 286208K, used 119078K [0x00000006c5200000, 0x00000006d6980000, 0x000000076c600000)
  object space 286208K, 41% used [0x00000006c5200000,0x00000006cc649b00,0x00000006d6980000)
 Metaspace       used 32214K, capacity 33184K, committed 33584K, reserved 1079296K
  class space    used 3520K, capacity 3780K, committed 3888K, reserved 1048576K
}

