GROUP,PACKAGE,CLASS,INSTRUCTION_MISSED,INSTRUCTION_COVERED,BRANCH_MISSED,BRANCH_COVERED,LINE_MISSED,LINE_COVERED,COMPLEXITY_MISSED,COMPLEXITY_COVERED,METHOD_MISSED,METHOD_COVERED
Flink : Core,org.apache.flink.api.dag,Transformation,302,113,26,6,73,27,39,10,26,7
Flink : Core,org.apache.flink.api.java.functions,NullByteKeySelector,6,0,0,0,2,0,2,0,2,0
Flink : Core,org.apache.flink.api.common.eventtime,TimestampAssignerSupplier,0,5,0,0,0,1,0,1,0,1
Flink : Core,org.apache.flink.api.common.eventtime,AscendingTimestampsWatermarks,0,5,0,0,0,2,0,1,0,1
Flink : Core,org.apache.flink.api.common.eventtime,WatermarkOutputMultiplexer.OutputState,1,46,1,3,0,12,1,6,0,5
Flink : Core,org.apache.flink.api.common.eventtime,WatermarksWithIdleness.IdlenessTimer,4,60,1,5,2,16,1,5,0,3
Flink : Core,org.apache.flink.api.common.eventtime,RecordTimestampAssigner,2,3,0,0,1,1,1,1,1,1
Flink : Core,org.apache.flink.api.common.eventtime,WatermarkOutputMultiplexer.DeferredOutput,0,18,0,0,0,7,0,3,0,3
Flink : Core,org.apache.flink.api.common.eventtime,TimestampAssignerSupplier.SupplierFromSerializableTimestampAssigner,0,9,0,0,0,4,0,2,0,2
Flink : Core,org.apache.flink.api.common.eventtime,WatermarkOutputMultiplexer,3,171,3,15,0,41,3,13,0,7
Flink : Core,org.apache.flink.api.common.eventtime,WatermarkStrategyWithIdleness,0,24,0,0,0,7,0,3,0,3
Flink : Core,org.apache.flink.api.common.eventtime,NoWatermarksGenerator,5,0,0,0,3,0,3,0,3,0
Flink : Core,org.apache.flink.api.common.eventtime,Watermark,56,18,8,0,5,7,9,3,5,3
Flink : Core,org.apache.flink.api.common.eventtime,WatermarkOutputMultiplexer.ImmediateOutput,0,37,0,4,0,11,0,5,0,3
Flink : Core,org.apache.flink.api.common.eventtime,WatermarkStrategy,21,51,2,2,3,11,7,6,5,6
Flink : Core,org.apache.flink.api.common.eventtime,WatermarksWithIdleness,22,37,2,4,7,9,3,4,2,2
Flink : Core,org.apache.flink.api.common.eventtime,BoundedOutOfOrdernessWatermarks,1,46,1,1,0,10,1,3,0,3
Flink : Core,org.apache.flink.api.common.eventtime,WatermarkStrategyWithTimestampAssigner,5,14,0,0,1,5,1,2,1,2
Flink : Core,org.apache.flink.api.common.eventtime,IngestionTimeAssigner,13,0,0,0,4,0,2,0,2,0
Flink : Core,org.apache.flink.api.common.typeinfo,IntegerTypeInfo,0,47,0,0,0,7,0,2,0,2
Flink : Core,org.apache.flink.api.common.typeinfo,Types,154,87,23,3,39,27,25,4,13,3
Flink : Core,org.apache.flink.api.common.typeinfo,BasicArrayTypeInfo,13,216,3,9,4,44,6,16,3,13
Flink : Core,org.apache.flink.api.common.typeinfo,TypeHint,1,51,3,3,0,11,3,5,0,5
Flink : Core,org.apache.flink.api.common.typeinfo,TypeInfoFactory,0,3,0,0,0,1,0,1,0,1
Flink : Core,org.apache.flink.api.common.typeinfo,BasicTypeInfo,65,456,9,9,12,67,10,16,3,14
Flink : Core,org.apache.flink.api.common.typeinfo,SqlTimeTypeInfo,58,116,3,13,14,24,12,12,9,7
Flink : Core,org.apache.flink.api.common.typeinfo,NothingTypeInfo,19,23,0,2,7,8,7,6,7,5
Flink : Core,org.apache.flink.api.common.typeinfo,NumericTypeInfo,0,55,0,0,0,7,0,2,0,2
Flink : Core,org.apache.flink.api.common.typeinfo,LocalTimeTypeInfo,78,96,9,7,22,16,16,8,10,6
Flink : Core,org.apache.flink.api.common.typeinfo,FractionalTypeInfo,0,35,0,0,0,7,0,2,0,2
Flink : Core,org.apache.flink.api.common.typeinfo,TypeInformation,3,17,0,0,1,6,1,4,1,4
Flink : Core,org.apache.flink.api.common.typeinfo,PrimitiveArrayTypeInfo,40,231,6,10,10,39,12,13,6,11
Flink : Core,org.apache.flink.configuration.description,LineBreakElement,0,8,0,0,0,3,0,2,0,2
Flink : Core,org.apache.flink.configuration.description,TextElement.TextStyle,0,14,0,0,0,2,0,1,0,1
Flink : Core,org.apache.flink.configuration.description,Description,0,13,0,0,0,5,0,3,0,3
Flink : Core,org.apache.flink.configuration.description,Description.DescriptionBuilder,0,54,0,0,0,13,0,7,0,7
Flink : Core,org.apache.flink.configuration.description,HtmlFormatter,4,101,1,3,2,20,1,8,0,7
Flink : Core,org.apache.flink.configuration.description,TextElement,0,49,0,0,0,15,0,8,0,8
Flink : Core,org.apache.flink.configuration.description,Formatter,0,125,0,2,0,36,0,13,0,12
Flink : Core,org.apache.flink.configuration.description,ListElement,0,19,0,0,0,7,0,4,0,4
Flink : Core,org.apache.flink.configuration.description,LinkElement,0,31,0,0,0,10,0,6,0,6
Flink : Core,org.apache.flink.api.common.aggregators,DoubleZeroConvergence,12,0,2,0,2,0,3,0,2,0
Flink : Core,org.apache.flink.api.common.aggregators,LongZeroConvergence,12,0,2,0,2,0,3,0,2,0
Flink : Core,org.apache.flink.api.common.aggregators,AggregatorRegistry,132,0,18,0,31,0,16,0,7,0
Flink : Core,org.apache.flink.api.common.aggregators,LongSumAggregator,28,0,0,0,8,0,5,0,5,0
Flink : Core,org.apache.flink.api.common.aggregators,DoubleSumAggregator,35,0,0,0,10,0,5,0,5,0
Flink : Core,org.apache.flink.api.common.aggregators,AggregatorWithName,15,0,0,0,6,0,3,0,3,0
Flink : Core,org.apache.flink.api.common.functions,RichGroupCombineFunction,3,0,0,0,1,0,1,0,1,0
Flink : Core,org.apache.flink.api.common.functions,RichGroupReduceFunction,0,3,0,0,0,1,0,1,0,1
Flink : Core,org.apache.flink.api.common.functions,RichMapPartitionFunction,0,3,0,0,0,1,0,1,0,1
Flink : Core,org.apache.flink.api.common.functions,RichCrossFunction,0,3,0,0,0,1,0,1,0,1
Flink : Core,org.apache.flink.api.common.functions,AbstractRichFunction,28,13,5,1,8,5,6,3,3,3
Flink : Core,org.apache.flink.api.common.functions,RichFlatJoinFunction,0,3,0,0,0,1,0,1,0,1
Flink : Core,org.apache.flink.api.common.functions,RichFlatMapFunction,0,3,0,0,0,1,0,1,0,1
Flink : Core,org.apache.flink.api.common.functions,RichReduceFunction,3,0,0,0,1,0,1,0,1,0
Flink : Core,org.apache.flink.api.common.functions,RichFilterFunction,3,0,0,0,1,0,1,0,1,0
Flink : Core,org.apache.flink.api.common.functions,RichCoGroupFunction,0,3,0,0,0,1,0,1,0,1
Flink : Core,org.apache.flink.api.common.functions,RichJoinFunction,0,3,0,0,0,1,0,1,0,1
Flink : Core,org.apache.flink.api.common.functions,InvalidTypesException,3,9,0,0,2,4,1,2,1,2
Flink : Core,org.apache.flink.api.common.functions,RichAggregateFunction,3,0,0,0,1,0,1,0,1,0
Flink : Core,org.apache.flink.api.common.functions,RichMapFunction,0,3,0,0,0,1,0,1,0,1
Flink : Core,org.apache.flink.api.common.resources,Resource,17,211,3,23,2,36,4,24,1,14
Flink : Core,org.apache.flink.api.common.resources,ExternalResource,0,17,0,0,0,5,0,3,0,3
Flink : Core,org.apache.flink.api.common.resources,CPUResource,0,29,0,0,0,7,0,4,0,4
Flink : Core,org.apache.flink.core.fs.local,LocalRecoverableSerializer,17,122,2,2,2,26,2,5,0,5
Flink : Core,org.apache.flink.core.fs.local,LocalRecoverableFsDataOutputStream,5,169,0,4,2,36,1,11,1,9
Flink : Core,org.apache.flink.core.fs.local,LocalBlockLocation,2,13,0,0,1,6,1,4,1,4
Flink : Core,org.apache.flink.core.fs.local,LocalFileSystemFactory,0,8,0,0,0,3,0,3,0,3
Flink : Core,org.apache.flink.core.fs.local,LocalRecoverableWriter,45,101,8,8,7,24,11,7,3,7
Flink : Core,org.apache.flink.core.fs.local,LocalRecoverable,21,35,1,1,1,9,2,4,1,4
Flink : Core,org.apache.flink.core.fs.local,LocalFileStatus,21,60,0,0,3,12,3,8,3,8
Flink : Core,org.apache.flink.core.fs.local,LocalDataInputStream,5,48,0,2,1,13,1,8,1,7
Flink : Core,org.apache.flink.core.fs.local,LocalDataOutputStream,9,30,0,0,4,10,2,5,2,5
Flink : Core,org.apache.flink.core.fs.local,LocalFileSystem,63,372,15,43,7,83,15,37,0,23
Flink : Core,org.apache.flink.core.fs.local,LocalRecoverableFsDataOutputStream.LocalCommitter,69,79,8,4,11,18,6,4,0,4
Flink : Core,org.apache.flink.api.connector.source.lib.util,IteratorSourceEnumerator,44,0,2,0,15,0,8,0,7,0
Flink : Core,org.apache.flink.api.connector.source.lib.util,IteratorSourceReader,18,159,9,21,5,42,11,15,3,8
Flink : Core,org.apache.flink.api.common.state,CheckpointListener,1,0,0,0,1,0,1,0,1,0
Flink : Core,org.apache.flink.api.common.state,StateTtlConfig,48,51,3,1,6,14,8,4,6,4
Flink : Core,org.apache.flink.api.common.state,StateTtlConfig.RocksdbCompactFilterCleanupStrategy,0,15,0,0,0,5,0,3,0,3
Flink : Core,org.apache.flink.api.common.state,StateTtlConfig.Builder,68,55,0,0,17,13,11,4,11,4
Flink : Core,org.apache.flink.api.common.state,StateTtlConfig.CleanupStrategies.EmptyCleanupStrategy,0,3,0,0,0,1,0,1,0,1
Flink : Core,org.apache.flink.api.common.state,AggregatingStateDescriptor,38,0,0,0,11,0,5,0,5,0
Flink : Core,org.apache.flink.api.common.state,StateTtlConfig.IncrementalCleanupStrategy,0,29,0,2,0,8,0,5,0,4
Flink : Core,org.apache.flink.api.common.state,StateTtlConfig.StateVisibility,0,24,0,0,0,3,0,1,0,1
Flink : Core,org.apache.flink.api.common.state,StateTtlConfig.TtlTimeCharacteristic,0,14,0,0,0,2,0,1,0,1
Flink : Core,org.apache.flink.api.common.state,StateTtlConfig.UpdateType,0,34,0,0,0,4,0,1,0,1
Flink : Core,org.apache.flink.api.common.state,ListStateDescriptor,15,28,1,1,4,7,3,3,2,3
Flink : Core,org.apache.flink.api.common.state,StateDescriptor.Type,74,0,0,0,8,0,1,0,1,0
Flink : Core,org.apache.flink.api.common.state,StateDescriptor,163,295,19,19,31,75,19,20,6,14
Flink : Core,org.apache.flink.api.common.state,StateTtlConfig.CleanupStrategies,5,52,0,6,1,13,1,9,1,6
Flink : Core,org.apache.flink.api.common.state,MapStateDescriptor,22,40,2,2,5,10,4,4,2,4
Flink : Core,org.apache.flink.api.common.state,StateTtlConfig.CleanupStrategies.Strategies,0,34,0,0,0,4,0,1,0,1
Flink : Core,org.apache.flink.api.common.state,ValueStateDescriptor,20,18,0,0,7,6,4,3,4,3
Flink : Core,org.apache.flink.api.common.state,ReducingStateDescriptor,18,28,1,1,5,8,3,3,2,3
Flink : Core,org.apache.flink.api.connector.source.lib,NumberSequenceSource,92,22,5,1,19,6,12,2,9,2
Flink : Core,org.apache.flink.api.connector.source.lib,NumberSequenceSource.NumberSequenceSplit,32,40,1,1,4,8,5,3,4,3
Flink : Core,org.apache.flink.api.connector.source.lib,NumberSequenceSource.SplitSerializer,72,0,4,0,16,0,7,0,5,0
Flink : Core,org.apache.flink.api.connector.source.lib,NumberSequenceSource.CheckpointSerializer,74,0,6,0,15,0,6,0,3,0
Flink : Core,org.apache.flink.configuration,ConfigOptions.OptionBuilder,0,107,0,0,0,18,0,14,0,14
Flink : Core,org.apache.flink.configuration,DeploymentOptions,70,0,0,0,32,0,2,0,2,0
Flink : Core,org.apache.flink.configuration,SchedulerExecutionMode,0,14,0,0,0,2,0,1,0,1
Flink : Core,org.apache.flink.configuration,TaskManagerOptions,0,491,0,0,0,229,0,1,0,1
Flink : Core,org.apache.flink.configuration,ConfigOptions.ListConfigOptionBuilder,0,36,0,0,0,7,0,3,0,3
Flink : Core,org.apache.flink.configuration,IllegalConfigurationException,6,9,0,0,2,4,1,2,1,2
Flink : Core,org.apache.flink.configuration,AkkaOptions,269,0,0,0,157,0,2,0,2,0
Flink : Core,org.apache.flink.configuration,ConfigurationUtils,329,630,30,81,69,139,28,67,10,29
Flink : Core,org.apache.flink.configuration,BlobServerOptions,3,95,0,0,1,45,1,1,1,1
Flink : Core,org.apache.flink.configuration,StructuredOptionsSplitter,4,317,3,41,1,59,3,26,0,6
Flink : Core,org.apache.flink.configuration,JobManagerOptions,6,405,0,0,2,189,1,1,1,1
Flink : Core,org.apache.flink.configuration,PipelineOptionsInternal,11,0,0,0,6,0,2,0,2,0
Flink : Core,org.apache.flink.configuration,ExternalResourceOptions,77,0,0,0,30,0,8,0,8,0
Flink : Core,org.apache.flink.configuration,Configuration,330,875,21,65,70,201,34,76,19,45
Flink : Core,org.apache.flink.configuration,MemorySize,37,540,9,49,7,97,8,48,1,26
Flink : Core,org.apache.flink.configuration,ClusterOptions,192,0,18,0,73,0,16,0,7,0
Flink : Core,org.apache.flink.configuration,ResourceManagerOptions,185,0,0,0,79,0,1,0,1,0
Flink : Core,org.apache.flink.configuration,WebOptions,0,234,0,0,0,81,0,1,0,1
Flink : Core,org.apache.flink.configuration,GlobalConfiguration,16,268,4,24,4,49,4,17,0,7
Flink : Core,org.apache.flink.configuration,ConfigConstants,0,20,0,0,0,8,0,1,0,1
Flink : Core,org.apache.flink.configuration,ConfigUtils,0,97,0,10,0,31,0,8,0,3
Flink : Core,org.apache.flink.configuration,DeploymentOptionsInternal,11,0,0,0,6,0,2,0,2,0
Flink : Core,org.apache.flink.configuration,OptimizerOptions,3,25,0,0,1,12,1,1,1,1
Flink : Core,org.apache.flink.configuration,DelegatingConfiguration,628,144,10,14,91,30,57,11,52,4
Flink : Core,org.apache.flink.configuration,ConfigOptions,0,8,0,0,0,2,0,1,0,1
Flink : Core,org.apache.flink.configuration,StructuredOptionsSplitter.TokenType,0,44,0,0,0,5,0,1,0,1
Flink : Core,org.apache.flink.configuration,JobManagerOptions.SchedulerType,0,24,0,0,0,3,0,1,0,1
Flink : Core,org.apache.flink.configuration,ClusterOptions.UserSystemExitMode,127,0,2,0,20,0,5,0,4,0
Flink : Core,org.apache.flink.configuration,CheckpointingOptions,175,0,0,0,80,0,2,0,2,0
Flink : Core,org.apache.flink.configuration,RestartStrategyOptions,7,380,0,0,2,120,1,1,1,1
Flink : Core,org.apache.flink.configuration,StateBackendOptions,67,0,0,0,32,0,2,0,2,0
Flink : Core,org.apache.flink.configuration,ConfigOption,83,209,26,10,13,41,19,20,4,17
Flink : Core,org.apache.flink.configuration,ConfigOptions.TypedConfigOptionBuilder,0,46,0,0,0,8,0,4,0,4
Flink : Core,org.apache.flink.configuration,TaskManagerOptionsInternal,11,0,0,0,6,0,2,0,2,0
Flink : Core,org.apache.flink.configuration,HeartbeatManagerOptions,0,17,0,0,0,8,0,1,0,1
Flink : Core,org.apache.flink.configuration,TaskManagerOptions.new HashMap() {...},0,18,0,0,0,5,0,1,0,1
Flink : Core,org.apache.flink.configuration,RestOptions,3,224,0,0,1,96,1,1,1,1
Flink : Core,org.apache.flink.configuration,StructuredOptionsSplitter.Token,0,21,0,0,0,8,0,4,0,4
Flink : Core,org.apache.flink.configuration,HistoryServerOptions,98,0,0,0,47,0,1,0,1,0
Flink : Core,org.apache.flink.configuration,NettyShuffleEnvironmentOptions,0,318,0,0,0,124,0,1,0,1
Flink : Core,org.apache.flink.configuration,JMXServerOptions,15,0,0,0,8,0,1,0,1,0
Flink : Core,org.apache.flink.configuration,FallbackKey,60,27,12,0,8,8,9,5,3,5
Flink : Core,org.apache.flink.configuration,UnmodifiableConfiguration,17,9,0,0,10,3,5,2,5,2
Flink : Core,org.apache.flink.configuration,PipelineOptions,3,264,0,0,1,153,1,1,1,1
Flink : Core,org.apache.flink.configuration,MemorySize.MemoryUnit,1,287,1,13,0,37,1,13,0,7
Flink : Core,org.apache.flink.configuration,HighAvailabilityOptions,274,0,0,0,97,0,1,0,1,0
Flink : Core,org.apache.flink.configuration,QueryableStateOptions,112,0,0,0,39,0,1,0,1,0
Flink : Core,org.apache.flink.configuration,CoreOptions,3,350,0,0,1,143,1,9,1,9
Flink : Core,org.apache.flink.configuration,MetricOptions,0,170,0,0,0,85,0,1,0,1
Flink : Core,org.apache.flink.configuration,ExecutionOptions,3,77,0,0,1,33,1,1,1,1
Flink : Core,org.apache.flink.configuration,AlgorithmOptions,36,0,0,0,17,0,2,0,2,0
Flink : Core,org.apache.flink.configuration,SecurityOptions,3,477,0,0,1,221,1,1,1,1
Flink : Core,org.apache.flink.api.common.distributions,CommonRangeBoundaries,118,0,14,0,27,0,11,0,4,0
Flink : Core,org.apache.flink.util,FileUtils.FilterFileVisitor,0,34,0,2,0,9,0,4,0,3
Flink : Core,org.apache.flink.util,ChildFirstClassLoader,100,12,14,0,24,5,10,2,3,2
Flink : Core,org.apache.flink.util,AutoCloseableAsync,14,0,0,0,6,0,1,0,1,0
Flink : Core,org.apache.flink.util,UnionIterator,4,101,0,12,1,29,1,13,1,7
Flink : Core,org.apache.flink.util,IOUtils,137,122,27,19,43,42,25,13,8,7
Flink : Core,org.apache.flink.util,CloseableIterable,5,0,0,0,1,0,1,0,1,0
Flink : Core,org.apache.flink.util,IterableUtils.new Iterator() {...},51,0,8,0,10,0,7,0,3,0
Flink : Core,org.apache.flink.util,LinkedOptionalMapSerializer,13,142,5,7,4,36,5,6,0,5
Flink : Core,org.apache.flink.util,ProcessorArchitecture,12,182,3,7,5,24,5,8,2,6
Flink : Core,org.apache.flink.util,DynamicCodeLoadingException,9,0,0,0,4,0,2,0,2,0
Flink : Core,org.apache.flink.util,OptionalFailure,155,0,16,0,36,0,21,0,13,0
Flink : Core,org.apache.flink.util,AbstractID,15,230,9,15,4,48,9,18,0,15
Flink : Core,org.apache.flink.util,IterableUtils,14,11,1,1,3,3,3,1,2,1
Flink : Core,org.apache.flink.util,LambdaUtil,39,18,10,0,14,5,7,2,2,2
Flink : Core,org.apache.flink.util,FlinkRuntimeException,9,4,0,0,4,2,2,1,2,1
Flink : Core,org.apache.flink.util,NetUtils.new Iterator() {...},5,31,0,2,1,4,1,4,1,3
Flink : Core,org.apache.flink.util,CollectionUtil,86,45,12,2,17,9,14,3,8,2
Flink : Core,org.apache.flink.util,OutputTag,90,20,8,2,20,6,11,2,6,2
Flink : Core,org.apache.flink.util,InstantiationUtil.MigrationUtil,0,79,0,2,0,16,0,5,0,4
Flink : Core,org.apache.flink.util,TimeUtils.TimeUnit,0,262,0,0,0,23,0,9,0,9
Flink : Core,org.apache.flink.util,SerializedValue,2,64,1,3,1,18,1,9,0,8
Flink : Core,org.apache.flink.util,SerializedThrowable,188,0,16,0,53,0,19,0,11,0
Flink : Core,org.apache.flink.util,LinkedOptionalMap.MergeResult,0,31,0,2,0,9,0,6,0,5
Flink : Core,org.apache.flink.util,Preconditions,200,56,28,14,42,23,20,14,4,9
Flink : Core,org.apache.flink.util,OperatingSystem,58,87,19,3,14,14,14,5,3,5
Flink : Core,org.apache.flink.util,CloseableIterator.new CloseableIterator() {...},57,0,6,0,14,0,7,0,4,0
Flink : Core,org.apache.flink.util,CloseableIterator.new CloseableIterator() {...},0,58,0,6,0,12,0,8,0,5
Flink : Core,org.apache.flink.util,CloseableIterator.new CloseableIterator() {...},0,30,1,1,0,8,1,4,0,4
Flink : Core,org.apache.flink.util,CloseableIterable.Empty,3,0,0,0,2,0,2,0,2,0
Flink : Core,org.apache.flink.util,StringUtils,99,359,18,24,27,57,18,23,8,10
Flink : Core,org.apache.flink.util,TernaryBoolean,0,80,0,14,0,9,0,13,0,6
Flink : Core,org.apache.flink.util,FileUtils,380,549,33,47,90,123,37,38,16,19
Flink : Core,org.apache.flink.util,TraversableOnceException,0,4,0,0,0,2,0,1,0,1
Flink : Core,org.apache.flink.util,ReflectionUtil.FullTypeInfo,126,0,14,0,26,0,13,0,6,0
Flink : Core,org.apache.flink.util,NumberSequenceIterator,121,205,16,18,14,41,14,12,2,7
Flink : Core,org.apache.flink.util,MathUtils,207,95,12,10,38,16,12,11,6,6
Flink : Core,org.apache.flink.util,ConfigurationException,13,0,0,0,6,0,3,0,3,0
Flink : Core,org.apache.flink.util,StringValueUtils,0,52,0,10,0,12,0,7,0,2
Flink : Core,org.apache.flink.util,InstantiationUtil.ClassLoaderObjectInputStream,28,130,8,8,7,33,7,5,0,4
Flink : Core,org.apache.flink.util,NetUtils,217,425,29,59,38,92,29,35,6,14
Flink : Core,org.apache.flink.util,JarUtils,146,0,10,0,28,0,9,0,4,0
Flink : Core,org.apache.flink.util,FlinkUserCodeClassLoader,19,24,0,0,4,8,3,3,3,3
Flink : Core,org.apache.flink.util,InstantiationUtil,259,503,43,27,61,120,39,26,7,23
Flink : Core,org.apache.flink.util,CloseableIterator,11,28,0,0,2,7,2,7,2,7
Flink : Core,org.apache.flink.util,LinkedOptionalMap.KeyValue,0,35,0,2,0,12,0,6,0,5
Flink : Core,org.apache.flink.util,SplittableIterator,18,3,6,0,3,1,4,1,1,1
Flink : Core,org.apache.flink.util,ResourceGuard,19,104,3,9,6,33,3,11,1,7
Flink : Core,org.apache.flink.util,XORShiftRandom,52,0,0,0,10,0,3,0,3,0
Flink : Core,org.apache.flink.util,LinkedOptionalMap,4,330,2,26,2,67,2,32,0,20
Flink : Core,org.apache.flink.util,OptionalConsumer,27,0,2,0,9,0,5,0,4,0
Flink : Core,org.apache.flink.util,ResourceGuard.Lease,0,22,0,2,0,6,0,3,0,2
Flink : Core,org.apache.flink.util,ExecutorUtils,39,79,5,9,12,14,8,4,3,2
Flink : Core,org.apache.flink.util,StateMigrationException,18,0,0,0,7,0,4,0,4,0
Flink : Core,org.apache.flink.util,ThrowableCatchingRunnable,19,0,0,0,9,0,2,0,2,0
Flink : Core,org.apache.flink.util,ExceptionUtils,401,139,109,27,118,44,79,22,19,14
Flink : Core,org.apache.flink.util,ArrayUtils,3,34,0,4,1,8,1,3,1,1
Flink : Core,org.apache.flink.util,ProcessorArchitecture.MemoryAddressSize,0,24,0,0,0,3,0,1,0,1
Flink : Core,org.apache.flink.util,SimpleUserCodeClassLoader,4,11,0,0,2,4,2,2,2,2
Flink : Core,org.apache.flink.util,LongValueSequenceIterator,150,190,19,15,18,39,17,9,4,5
Flink : Core,org.apache.flink.util,SerializableObject,0,3,0,0,0,1,0,1,0,1
Flink : Core,org.apache.flink.util,InstantiationUtil.FailureTolerantObjectInputStream,0,85,5,9,0,26,5,4,0,2
Flink : Core,org.apache.flink.util,ReflectionUtil,297,0,42,0,66,0,41,0,20,0
Flink : Core,org.apache.flink.util,PropertiesUtil,91,27,6,0,20,8,7,2,4,2
Flink : Core,org.apache.flink.util,StringBasedID,41,0,6,0,12,0,8,0,5,0
Flink : Core,org.apache.flink.util,WrappingRuntimeException,36,0,4,0,10,0,6,0,4,0
Flink : Core,org.apache.flink.util,ChildFirstClassLoader.new Enumeration() {...},23,0,0,0,4,0,3,0,3,0
Flink : Core,org.apache.flink.util,TimeUtils,32,281,8,22,10,51,9,19,1,9
Flink : Core,org.apache.flink.util,WrappingProxyUtil,8,37,1,5,3,12,2,4,1,2
Flink : Core,org.apache.flink.util,AbstractCloseableRegistry,43,121,3,7,11,30,6,10,3,8
Flink : Core,org.apache.flink.util,ShutdownHookUtil,96,0,6,0,30,0,8,0,5,0
Flink : Core,org.apache.flink.util,FlinkException,5,8,0,0,2,4,1,2,1,2
Flink : Core,org.apache.flink.util,CloseableIterator.IteratorAdapter,13,17,0,0,5,7,3,3,3,3
Flink : Core,org.apache.flink.util,StringValueUtils.WhitespaceTokenizer,0,67,0,10,0,17,0,8,0,3
Flink : Core,org.apache.flink.util,TemporaryClassLoaderContext,0,29,0,0,0,10,0,3,0,3
Flink : Core,org.apache.flink.util,TaskManagerExceptionUtils,32,0,0,0,9,0,2,0,2,0
Flink : Core,org.apache.flink.api.connector.source,SplitsAssignment,29,0,0,0,9,0,4,0,4,0
Flink : Core,org.apache.flink.api.connector.source,SplitEnumerator,2,0,0,0,2,0,2,0,2,0
Flink : Core,org.apache.flink.api.connector.source,SourceReader,2,0,0,0,2,0,2,0,2,0
Flink : Core,org.apache.flink.api.connector.source,ReaderInfo,53,0,6,0,11,0,8,0,5,0
Flink : Core,org.apache.flink.api.connector.source,SplitEnumeratorContext,8,0,0,0,2,0,1,0,1,0
Flink : Core,org.apache.flink.api.connector.source,Boundedness,24,0,0,0,3,0,1,0,1,0
Flink : Core,org.apache.flink.api.common.io,ReplicatingInputSplitAssigner,116,0,10,0,27,0,9,0,4,0
Flink : Core,org.apache.flink.api.common.io,BinaryInputFormat.BlockBasedInput,139,0,8,0,33,0,11,0,7,0
Flink : Core,org.apache.flink.api.common.io,LocatableInputSplitAssigner,121,283,14,30,21,66,14,16,2,6
Flink : Core,org.apache.flink.api.common.io,SerializedOutputFormat,4,3,0,0,2,1,1,1,1,1
Flink : Core,org.apache.flink.api.common.io,SerializedInputFormat,5,3,0,0,2,1,1,1,1,1
Flink : Core,org.apache.flink.api.common.io,FileInputFormat,343,1061,46,118,69,241,49,74,11,30
Flink : Core,org.apache.flink.api.common.io,GlobFilePathFilter,5,139,2,18,0,33,2,15,0,7
Flink : Core,org.apache.flink.api.common.io,FileInputFormat.FileBaseStatistics,22,41,2,2,1,10,3,5,1,5
Flink : Core,org.apache.flink.api.common.io,ParseException,12,4,0,0,6,2,3,1,3,1
Flink : Core,org.apache.flink.api.common.io,DefaultInputSplitAssigner,54,46,5,3,11,12,5,4,2,3
Flink : Core,org.apache.flink.api.common.io,LocatableInputSplitAssigner.LocatableInputSplitWithCount,0,22,0,0,0,8,0,4,0,4
Flink : Core,org.apache.flink.api.common.io,BinaryOutputFormat,94,6,10,0,23,2,11,1,6,1
Flink : Core,org.apache.flink.api.common.io,InputStreamFSInputWrapper,17,80,3,7,3,22,4,8,1,6
Flink : Core,org.apache.flink.api.common.io,FileInputFormat.InputSplitOpenThread,104,55,13,5,25,18,10,3,1,3
Flink : Core,org.apache.flink.api.common.io,BinaryOutputFormat.BlockBasedOutput,171,0,12,0,42,0,13,0,7,0
Flink : Core,org.apache.flink.api.common.io,ReplicatingInputFormat,89,0,8,0,27,0,18,0,14,0
Flink : Core,org.apache.flink.api.common.io,RichInputFormat,5,15,1,1,1,7,1,5,0,5
Flink : Core,org.apache.flink.api.common.io,FileOutputFormat,234,145,30,24,49,42,29,14,6,10
Flink : Core,org.apache.flink.api.common.io,BinaryInputFormat,334,288,28,24,65,64,29,14,9,8
Flink : Core,org.apache.flink.api.common.io,BlockInfo,31,21,0,0,12,7,6,4,6,4
Flink : Core,org.apache.flink.api.common.io,BinaryInputFormat.SequentialStatistics,3,9,0,0,1,3,1,1,1,1
Flink : Core,org.apache.flink.api.common.io,FilePathFilter.DefaultFilter,0,29,2,6,0,6,2,5,0,3
Flink : Core,org.apache.flink.api.common.io,DelimitedInputFormat,357,872,40,98,68,223,36,63,4,26
Flink : Core,org.apache.flink.api.common.io,FilePathFilter,0,5,0,0,0,2,0,2,0,2
Flink : Core,org.apache.flink.api.common.io,GenericInputFormat,13,40,2,4,3,11,4,6,2,5
Flink : Core,org.apache.flink.api.common.io,LocatableInputSplitAssigner.LocatableInputSplitChooser,0,191,0,26,0,50,0,17,0,4
Flink : Core,org.apache.flink.api.common.io,RichOutputFormat,5,13,1,1,1,5,1,3,0,3
Flink : Core,org.apache.flink.api.common.io,GenericCsvInputFormat,626,612,89,71,98,140,68,41,10,19
Flink : Core,org.apache.flink.api.common.io,FileOutputFormat.OutputDirectoryMode,0,24,0,0,0,3,0,1,0,1
Flink : Core,org.apache.flink.api.common.typeutils.base.array,LongPrimitiveArraySerializer.LongPrimitiveArraySerializerSnapshot,0,6,0,0,0,2,0,2,0,2
Flink : Core,org.apache.flink.api.common.typeutils.base.array,LongPrimitiveArrayComparator,29,77,2,12,4,11,2,9,1,3
Flink : Core,org.apache.flink.api.common.typeutils.base.array,FloatPrimitiveArraySerializer,2,99,0,6,1,27,1,14,1,11
Flink : Core,org.apache.flink.api.common.typeutils.base.array,DoublePrimitiveArraySerializer.DoublePrimitiveArraySerializerSnapshot,0,6,0,0,0,2,0,2,0,2
Flink : Core,org.apache.flink.api.common.typeutils.base.array,PrimitiveArrayComparator,26,88,3,7,6,22,8,12,6,9
Flink : Core,org.apache.flink.api.common.typeutils.base.array,FloatPrimitiveArrayComparator,25,63,2,8,4,11,2,7,1,3
Flink : Core,org.apache.flink.api.common.typeutils.base.array,LongPrimitiveArraySerializer,2,99,0,6,1,27,1,14,1,11
Flink : Core,org.apache.flink.api.common.typeutils.base.array,ShortPrimitiveArrayComparator,24,63,2,8,4,11,2,7,1,3
Flink : Core,org.apache.flink.api.common.typeutils.base.array,BytePrimitiveArraySerializer,2,79,0,2,1,25,1,12,1,11
Flink : Core,org.apache.flink.api.common.typeutils.base.array,StringArraySerializer.StringArraySerializerSnapshot,0,6,0,0,0,2,0,2,0,2
Flink : Core,org.apache.flink.api.common.typeutils.base.array,StringArraySerializer,0,105,0,8,0,29,0,16,0,12
Flink : Core,org.apache.flink.api.common.typeutils.base.array,BytePrimitiveArrayComparator,24,63,2,8,4,11,2,7,1,3
Flink : Core,org.apache.flink.api.common.typeutils.base.array,CharPrimitiveArraySerializer.CharPrimitiveArraySerializerSnapshot,0,6,0,0,0,2,0,2,0,2
Flink : Core,org.apache.flink.api.common.typeutils.base.array,CharPrimitiveArraySerializer,2,99,0,6,1,27,1,14,1,11
Flink : Core,org.apache.flink.api.common.typeutils.base.array,IntPrimitiveArraySerializer,0,101,0,6,0,28,0,15,0,12
Flink : Core,org.apache.flink.api.common.typeutils.base.array,ShortPrimitiveArraySerializer.ShortPrimitiveArraySerializerSnapshot,0,6,0,0,0,2,0,2,0,2
Flink : Core,org.apache.flink.api.common.typeutils.base.array,BooleanPrimitiveArrayComparator,28,72,4,12,4,11,3,9,1,3
Flink : Core,org.apache.flink.api.common.typeutils.base.array,BytePrimitiveArraySerializer.BytePrimitiveArraySerializerSnapshot,0,6,0,0,0,2,0,2,0,2
Flink : Core,org.apache.flink.api.common.typeutils.base.array,ShortPrimitiveArraySerializer,2,99,0,6,1,27,1,14,1,11
Flink : Core,org.apache.flink.api.common.typeutils.base.array,FloatPrimitiveArraySerializer.FloatPrimitiveArraySerializerSnapshot,0,6,0,0,0,2,0,2,0,2
Flink : Core,org.apache.flink.api.common.typeutils.base.array,CharPrimitiveArrayComparator,24,63,2,8,4,11,2,7,1,3
Flink : Core,org.apache.flink.api.common.typeutils.base.array,IntPrimitiveArraySerializer.IntPrimitiveArraySerializerSnapshot,0,6,0,0,0,2,0,2,0,2
Flink : Core,org.apache.flink.api.common.typeutils.base.array,BooleanPrimitiveArraySerializer,2,97,0,6,1,27,1,14,1,11
Flink : Core,org.apache.flink.api.common.typeutils.base.array,BooleanPrimitiveArraySerializer.BooleanPrimitiveArraySerializerSnapshot,0,6,0,0,0,2,0,2,0,2
Flink : Core,org.apache.flink.api.common.typeutils.base.array,IntPrimitiveArrayComparator,24,63,2,8,4,11,2,7,1,3
Flink : Core,org.apache.flink.api.common.typeutils.base.array,DoublePrimitiveArraySerializer,2,99,0,6,1,27,1,14,1,11
Flink : Core,org.apache.flink.api.common.typeutils.base.array,DoublePrimitiveArrayComparator,32,63,2,8,5,11,2,7,1,3
Flink : Core,org.apache.flink.api.common.operators.util,ListKeyGroupedIterator.ValuesIterator,12,49,2,4,3,14,3,6,1,5
Flink : Core,org.apache.flink.api.common.operators.util,ListKeyGroupedIterator,9,178,4,20,3,42,4,12,0,4
Flink : Core,org.apache.flink.api.common.operators.util,JoinHashMap,77,0,6,0,19,0,8,0,5,0
Flink : Core,org.apache.flink.api.common.operators.util,JoinHashMap.Prober,65,0,6,0,14,0,5,0,2,0
Flink : Core,org.apache.flink.api.common.operators.util,UserCodeObjectWrapper,76,101,7,13,19,29,10,6,4,2
Flink : Core,org.apache.flink.api.common.operators.util,TypeComparable,37,0,4,0,10,0,5,0,3,0
Flink : Core,org.apache.flink.api.common.operators.util,OperatorValidationUtils,98,0,18,0,22,0,17,0,8,0
Flink : Core,org.apache.flink.api.common.operators.util,FieldList,126,192,26,20,33,42,23,19,7,12
Flink : Core,org.apache.flink.api.common.operators.util,UserCodeClassWrapper,26,0,0,0,8,0,6,0,6,0
Flink : Core,org.apache.flink.api.common.operators.util,FieldSet,184,248,29,21,44,62,27,22,8,16
Flink : Core,org.apache.flink.core.fs,LimitedConnectionsFileSystem.StreamProgressTracker,0,31,0,2,0,11,0,4,0,3
Flink : Core,org.apache.flink.core.fs,RefCountedFile,17,42,2,2,7,13,3,6,2,5
Flink : Core,org.apache.flink.core.fs,LimitedConnectionsFileSystem.InStream,58,108,1,3,27,32,3,15,2,14
Flink : Core,org.apache.flink.core.fs,SafetyNetCloseableRegistry.PhantomDelegatingCloseableRef,0,38,0,2,0,11,0,4,0,3
Flink : Core,org.apache.flink.core.fs,ClosingFSDataInputStream,29,60,5,1,8,14,7,4,4,4
Flink : Core,org.apache.flink.core.fs,OutputStreamAndPath,0,19,0,0,0,6,0,3,0,3
Flink : Core,org.apache.flink.core.fs,FSDataInputStreamWrapper,51,11,0,0,15,4,11,2,11,2
Flink : Core,org.apache.flink.core.fs,Path,164,611,28,76,44,127,29,53,5,25
Flink : Core,org.apache.flink.core.fs,ConnectionLimitingFactory,9,60,0,2,3,13,2,5,2,4
Flink : Core,org.apache.flink.core.fs,PluginFileSystemFactory,25,36,0,0,5,7,4,3,4,3
Flink : Core,org.apache.flink.core.fs,FSDataOutputStream,0,3,0,0,0,1,0,1,0,1
Flink : Core,org.apache.flink.core.fs,PluginFileSystemFactory.ClassLoaderFixingFileSystem,194,26,0,0,30,7,15,3,15,3
Flink : Core,org.apache.flink.core.fs,SafetyNetWrapperFileSystem,122,29,0,0,23,7,19,3,19,3
Flink : Core,org.apache.flink.core.fs,RecoverableFsDataOutputStream,0,3,0,0,0,1,0,1,0,1
Flink : Core,org.apache.flink.core.fs,CloseableRegistry,8,28,2,0,1,8,2,4,1,4
Flink : Core,org.apache.flink.core.fs,SafetyNetCloseableRegistry,14,146,10,16,1,40,10,11,0,8
Flink : Core,org.apache.flink.core.fs,SafetyNetCloseableRegistry.CloseableReaperThread,5,38,1,3,2,18,1,4,0,3
Flink : Core,org.apache.flink.core.fs,UnsupportedSchemeFactory,10,25,1,1,2,8,2,3,1,3
Flink : Core,org.apache.flink.core.fs,LimitedConnectionsFileSystem.ConnectionLimitingSettings,39,146,7,19,4,41,7,10,0,4
Flink : Core,org.apache.flink.core.fs,FileInputSplit,86,23,20,0,9,8,13,4,3,4
Flink : Core,org.apache.flink.core.fs,FSDataOutputStreamWrapper,28,16,0,0,11,6,6,3,6,3
Flink : Core,org.apache.flink.core.fs,FileSystemSafetyNet,4,56,2,4,1,13,3,5,1,4
Flink : Core,org.apache.flink.core.fs,LimitedConnectionsFileSystem.StreamTimeoutException,0,10,0,0,0,4,0,2,0,2
Flink : Core,org.apache.flink.core.fs,FileSystem.FSKey,23,64,9,11,3,10,9,5,1,3
Flink : Core,org.apache.flink.core.fs,FSDataInputStream,0,3,0,0,0,1,0,1,0,1
Flink : Core,org.apache.flink.core.fs,ClosingFSDataOutputStream,35,60,5,1,10,14,8,4,5,4
Flink : Core,org.apache.flink.core.fs,FileSystem.WriteMode,0,24,0,0,0,3,0,1,0,1
Flink : Core,org.apache.flink.core.fs,FileSystem,321,566,32,48,74,159,28,34,7,14
Flink : Core,org.apache.flink.core.fs,LimitedConnectionsFileSystem.OutStream,27,96,1,3,13,33,1,12,0,11
Flink : Core,org.apache.flink.core.fs,FileSystemKind,0,24,0,0,0,3,0,1,0,1
Flink : Core,org.apache.flink.core.fs,EntropyInjector,30,117,4,12,9,32,4,9,1,4
Flink : Core,org.apache.flink.core.fs,LimitedConnectionsFileSystem,32,704,16,64,6,138,16,67,0,43
Flink : Core,org.apache.flink.core.fs,UnsupportedFileSystemSchemeException,0,9,0,0,0,4,0,2,0,2
Flink : Core,org.apache.flink.api.common.io.compression,Bzip2InputStreamFactory,5,13,0,0,1,4,1,4,1,4
Flink : Core,org.apache.flink.api.common.io.compression,GzipInflaterInputStreamFactory,0,27,0,0,0,5,0,5,0,5
Flink : Core,org.apache.flink.api.common.io.compression,XZInputStreamFactory,6,13,0,0,1,4,1,4,1,4
Flink : Core,org.apache.flink.api.common.io.compression,ZStandardInputStreamFactory,0,18,0,0,0,5,0,5,0,5
Flink : Core,org.apache.flink.api.common.io.compression,DeflateInflaterInputStreamFactory,0,18,0,0,0,5,0,5,0,5
Flink : Core,org.apache.flink.api.common.typeutils,TypeSerializer,0,3,0,0,0,1,0,1,0,1
Flink : Core,org.apache.flink.api.common.typeutils,GenericPairComparator,7,140,2,10,2,25,2,8,0,4
Flink : Core,org.apache.flink.api.common.typeutils,TypeSerializerSnapshotSerializationUtil.TypeSerializerSnapshotSerializationProxy,21,117,3,6,3,37,3,12,0,10
Flink : Core,org.apache.flink.api.common.typeutils,SingleThreadAccessCheckingTypeSerializer.SingleThreadAccessCheckingTypeSerializerSnapshot,25,0,0,0,7,0,5,0,5,0
Flink : Core,org.apache.flink.api.common.typeutils,BackwardsCompatibleSerializerSnapshot,55,0,6,0,15,0,11,0,8,0
Flink : Core,org.apache.flink.api.common.typeutils,CompositeSerializer.ConfigSnapshot,9,0,0,0,4,0,3,0,3,0
Flink : Core,org.apache.flink.api.common.typeutils,TypeSerializerSnapshotSerializationUtil,3,29,0,0,1,8,1,3,1,3
Flink : Core,org.apache.flink.api.common.typeutils,TypeSerializerSnapshot,8,33,1,3,2,10,1,3,0,2
Flink : Core,org.apache.flink.api.common.typeutils,SimpleTypeSerializerSnapshot,35,32,6,3,6,12,7,7,3,6
Flink : Core,org.apache.flink.api.common.typeutils,ParameterlessTypeSerializerConfig,98,0,16,0,30,0,18,0,10,0
Flink : Core,org.apache.flink.api.common.typeutils,SingleThreadAccessCheckingTypeSerializer.SingleThreadAccessCheck,37,0,6,0,7,0,6,0,3,0
Flink : Core,org.apache.flink.api.common.typeutils,TypeComparator,7,3,0,0,2,1,2,1,2,1
Flink : Core,org.apache.flink.api.common.typeutils,TypePairComparator,0,3,0,0,0,1,0,1,0,1
Flink : Core,org.apache.flink.api.common.typeutils,CompositeTypeSerializerConfigSnapshot,119,0,10,0,31,0,16,0,11,0
Flink : Core,org.apache.flink.api.common.typeutils,CompositeTypeSerializerSnapshot,42,167,4,16,10,59,7,21,3,15
Flink : Core,org.apache.flink.api.common.typeutils,TypeSerializerConfigSnapshot,43,84,4,6,8,24,4,10,1,8
Flink : Core,org.apache.flink.api.common.typeutils,NestedSerializersSnapshotDelegate,134,101,18,6,31,26,16,10,6,8
Flink : Core,org.apache.flink.api.common.typeutils,TypeSerializerUtils,4,25,1,1,1,9,1,4,0,4
Flink : Core,org.apache.flink.api.common.typeutils,CompositeTypeSerializerSnapshot.OuterSchemaCompatibility,0,34,0,0,0,4,0,1,0,1
Flink : Core,org.apache.flink.api.common.typeutils,CompositeType.FlatFieldDescriptor,5,35,1,1,1,8,1,4,0,4
Flink : Core,org.apache.flink.api.common.typeutils,CompositeTypeSerializerUtil.IntermediateCompatibilityResult,6,103,2,16,1,19,2,19,0,11
Flink : Core,org.apache.flink.api.common.typeutils,CompositeType,65,179,12,26,11,41,14,17,5,7
Flink : Core,org.apache.flink.api.common.typeutils,SameTypePairComparator,30,0,0,0,9,0,4,0,4,0
Flink : Core,org.apache.flink.api.common.typeutils,TypeSerializerSchemaCompatibility.Type,0,44,0,0,0,5,0,1,0,1
Flink : Core,org.apache.flink.api.common.typeutils,CompositeSerializer,18,349,5,31,2,66,6,29,1,16
Flink : Core,org.apache.flink.api.common.typeutils,CompositeType.InvalidFieldReferenceException,0,4,0,0,0,2,0,1,0,1
Flink : Core,org.apache.flink.api.common.typeutils,SingleThreadAccessCheckingTypeSerializer.SingleThreadAccessChecker,53,0,6,0,8,0,7,0,4,0
Flink : Core,org.apache.flink.api.common.typeutils,CompositeSerializer.PrecomputedParameters,0,76,0,10,0,21,0,7,0,2
Flink : Core,org.apache.flink.api.common.typeutils,CompositeTypeComparator,0,17,0,0,0,4,0,2,0,2
Flink : Core,org.apache.flink.api.common.typeutils,TypeSerializerSerializationUtil.TypeSerializerSerializationProxy,15,95,1,1,5,27,1,6,0,6
Flink : Core,org.apache.flink.api.common.typeutils,UnloadableDummyTypeSerializer,82,22,6,0,18,8,16,4,13,4
Flink : Core,org.apache.flink.api.common.typeutils,TypeSerializerSchemaCompatibility,0,104,0,8,0,17,0,15,0,11
Flink : Core,org.apache.flink.api.common.typeutils,TypeSerializerSerializationUtil,16,209,2,8,5,46,4,9,2,6
Flink : Core,org.apache.flink.api.common.typeutils,CompositeTypeSerializerUtil,30,85,4,14,7,24,6,8,3,2
Flink : Core,org.apache.flink.api.common.typeutils,GenericTypeSerializerConfigSnapshot,66,18,8,0,16,7,9,2,5,2
Flink : Core,org.apache.flink.api.common.typeutils,GenericTypeSerializerSnapshot,6,60,4,4,2,16,4,7,0,7
Flink : Core,org.apache.flink.api.common.typeutils,TypeSerializerSerializationUtil.UnloadableTypeSerializerException,0,12,0,0,0,4,0,2,0,2
Flink : Core,org.apache.flink.api.common.typeutils,SingleThreadAccessCheckingTypeSerializer,202,0,8,0,51,0,19,0,15,0
Flink : Core,org.apache.flink.api.common.io.ratelimiting,GuavaFlinkConnectorRateLimiter,37,0,0,0,12,0,6,0,6,0
Flink : Core,org.apache.flink.api.java.typeutils,ObjectArrayTypeInfo,21,113,2,6,7,22,7,12,5,10
Flink : Core,org.apache.flink.api.java.typeutils,MapTypeInfo,30,107,2,12,7,25,9,13,7,8
Flink : Core,org.apache.flink.api.java.typeutils,ValueTypeInfo,237,206,59,21,49,44,40,17,5,12
Flink : Core,org.apache.flink.api.java.typeutils,PojoTypeInfo,146,556,24,54,20,109,22,37,3,17
Flink : Core,org.apache.flink.api.java.typeutils,TupleTypeInfoBase,90,442,15,45,15,89,17,29,4,12
Flink : Core,org.apache.flink.api.java.typeutils,PojoField,27,68,3,3,2,16,4,7,1,7
Flink : Core,org.apache.flink.api.java.typeutils,TypeExtractor,520,3063,130,444,105,695,128,225,8,58
Flink : Core,org.apache.flink.api.java.typeutils,GenericTypeInfo,26,81,2,6,8,17,5,12,4,9
Flink : Core,org.apache.flink.api.java.typeutils,AvroUtils,20,13,0,0,4,5,0,2,0,2
Flink : Core,org.apache.flink.api.java.typeutils,PojoTypeInfo.PojoTypeComparatorBuilder,3,95,3,3,0,21,3,4,0,4
Flink : Core,org.apache.flink.api.java.typeutils,AvroUtils.DefaultAvroUtils,15,19,2,2,3,5,4,2,2,2
Flink : Core,org.apache.flink.api.java.typeutils,EitherTypeInfoFactory,5,28,1,3,1,7,1,3,0,2
Flink : Core,org.apache.flink.api.java.typeutils,RowTypeInfo,153,496,18,52,21,97,16,37,1,17
Flink : Core,org.apache.flink.api.java.typeutils,PojoTypeInfo.NamedFlatFieldDescriptor,25,8,0,0,4,3,2,1,2,1
Flink : Core,org.apache.flink.api.java.typeutils,TupleTypeInfo.TupleTypeComparatorBuilder,4,114,4,6,0,23,4,5,0,4
Flink : Core,org.apache.flink.api.java.typeutils,EitherTypeInfo,45,76,2,6,9,18,8,11,6,9
Flink : Core,org.apache.flink.api.java.typeutils,TypeExtractionUtils,122,368,20,56,25,82,17,33,2,10
Flink : Core,org.apache.flink.api.java.typeutils,TypeExtractionUtils.LambdaExecutable,13,42,0,0,3,14,3,4,3,4
Flink : Core,org.apache.flink.api.java.typeutils,PojoTypeInfo.new Comparator() {...},0,14,0,0,0,2,0,2,0,2
Flink : Core,org.apache.flink.api.java.typeutils,ListTypeInfo,25,77,2,10,7,17,9,11,7,7
Flink : Core,org.apache.flink.api.java.typeutils,TupleTypeInfo,218,161,31,15,38,30,21,16,4,10
Flink : Core,org.apache.flink.api.java.typeutils,MultisetTypeInfo,23,56,2,10,4,12,5,9,3,5
Flink : Core,org.apache.flink.api.java.typeutils,RowTypeInfo.RowTypeComparatorBuilder,4,158,4,10,0,30,4,7,0,4
Flink : Core,org.apache.flink.api.java.typeutils,TypeExtractionException,12,0,0,0,6,0,3,0,3,0
Flink : Core,org.apache.flink.api.java.typeutils,EnumTypeInfo,39,53,2,6,8,14,8,9,6,7
Flink : Core,org.apache.flink.api.java.typeutils,MissingTypeInfo,71,50,2,6,13,12,13,6,11,4
Flink : Core,org.apache.flink.api.common.cache,DistributedCache.DistributedCacheEntry,140,0,14,0,26,0,14,0,7,0
Flink : Core,org.apache.flink.api.common.cache,DistributedCache,292,6,18,0,44,3,14,1,5,1
Flink : Core,org.apache.flink.types,Either,11,70,1,11,2,17,1,12,0,7
Flink : Core,org.apache.flink.types,ShortValue,55,122,6,10,13,34,9,16,4,13
Flink : Core,org.apache.flink.types,Either.Right,11,44,1,1,3,11,3,6,2,6
Flink : Core,org.apache.flink.types,FloatValue,19,82,2,6,7,22,6,13,4,11
Flink : Core,org.apache.flink.types,CharValue,18,150,2,14,7,33,6,19,4,13
Flink : Core,org.apache.flink.types,Row,38,561,18,60,3,113,20,47,2,26
Flink : Core,org.apache.flink.types,ByteValue,42,94,5,9,12,28,8,16,4,13
Flink : Core,org.apache.flink.types,DoubleValue,28,80,2,6,8,22,6,13,4,11
Flink : Core,org.apache.flink.types,NullFieldException,33,16,0,0,10,3,4,1,4,1
Flink : Core,org.apache.flink.types,Record.InternalDeSerializer,1215,347,124,28,192,65,93,21,22,15
Flink : Core,org.apache.flink.types,RowKind,14,79,1,4,1,16,1,8,0,5
Flink : Core,org.apache.flink.types,DeserializationException,16,0,0,0,8,0,4,0,4,0
Flink : Core,org.apache.flink.types,NullKeyFieldException,39,0,0,0,13,0,5,0,5,0
Flink : Core,org.apache.flink.types,JavaToValueConverter,3,181,0,40,1,43,1,22,1,2
Flink : Core,org.apache.flink.types,IntValue,39,120,6,12,10,31,9,17,4,13
Flink : Core,org.apache.flink.types,NullValue,21,41,2,4,8,13,7,11,5,10
Flink : Core,org.apache.flink.types,ListValue,261,0,18,0,68,0,39,0,30,0
Flink : Core,org.apache.flink.types,MapValue,219,0,16,0,60,0,27,0,19,0
Flink : Core,org.apache.flink.types,Either.Left,11,44,1,1,3,11,3,6,2,6
Flink : Core,org.apache.flink.types,Record,856,1706,119,213,167,359,89,120,14,29
Flink : Core,org.apache.flink.types,Record.new Value() {...},8,3,0,0,2,1,2,1,2,1
Flink : Core,org.apache.flink.types,LongValue,47,122,6,12,10,31,9,17,4,13
Flink : Core,org.apache.flink.types,RowUtils,96,585,32,104,29,145,31,59,3,19
Flink : Core,org.apache.flink.types,BooleanValue,36,107,5,13,11,27,10,19,6,14
Flink : Core,org.apache.flink.types,SerializableOptional,68,0,10,0,20,0,15,0,10,0
Flink : Core,org.apache.flink.types,StringValue,444,952,55,103,99,241,54,74,17,32
Flink : Core,org.apache.flink.types,KeyFieldOutOfBoundsException,49,0,0,0,13,0,5,0,5,0
Flink : Core,org.apache.flink.api.common,ExecutionMode,0,44,0,0,0,5,0,1,0,1
Flink : Core,org.apache.flink.api.common,ExecutionConfig.GlobalJobParameters,4,16,2,2,2,4,3,3,1,3
Flink : Core,org.apache.flink.api.common,ExecutionConfig.SerializableSerializer,0,9,0,0,0,4,0,2,0,2
Flink : Core,org.apache.flink.api.common,ExecutionConfig,432,769,58,44,61,198,66,75,16,74
Flink : Core,org.apache.flink.api.common,TaskInfo,18,108,6,6,4,20,10,5,4,5
Flink : Core,org.apache.flink.api.common,JobExecutionResult,153,0,10,0,35,0,16,0,11,0
Flink : Core,org.apache.flink.api.common,Plan,217,0,12,0,56,0,29,0,23,0
Flink : Core,org.apache.flink.api.common,NonSerializableUserCodeException,7,0,0,0,4,0,2,0,2,0
Flink : Core,org.apache.flink.api.common,ExecutionConfig.ClosureCleanerLevel,0,34,0,0,0,4,0,1,0,1
Flink : Core,org.apache.flink.api.common,JobSubmissionResult,16,0,0,0,6,0,4,0,4,0
Flink : Core,org.apache.flink.api.common,InvalidProgramException,3,9,0,0,2,4,1,2,1,2
Flink : Core,org.apache.flink.api.common,CodeAnalysisMode,34,0,0,0,4,0,1,0,1,0
Flink : Core,org.apache.flink.api.common,JobStatus,149,0,4,0,17,0,6,0,4,0
Flink : Core,org.apache.flink.api.common,RuntimeExecutionMode,0,34,0,0,0,4,0,1,0,1
Flink : Core,org.apache.flink.api.common,JobID,52,3,0,0,12,2,6,1,6,1
Flink : Core,org.apache.flink.api.common,JobStatus.TerminalState,34,0,0,0,4,0,1,0,1,0
Flink : Core,org.apache.flink.api.common,Plan.MaxDopVisitor,28,0,2,0,8,0,4,0,3,0
Flink : Core,org.apache.flink.api.common,InputDependencyConstraint,24,0,0,0,3,0,1,0,1,0
Flink : Core,org.apache.flink.api.common,ExecutionConfig.MapBasedJobParameters,22,21,2,2,4,7,4,2,2,2
Flink : Core,org.apache.flink.api.common,ArchivedExecutionConfig,87,0,6,0,26,0,11,0,8,0
Flink : Core,org.apache.flink.api.common.operators,SemanticProperties.EmptySemanticProperties,9,0,0,0,4,0,4,0,4,0
Flink : Core,org.apache.flink.api.common.operators,CollectionExecutor.IterationRuntimeUDFContext,31,0,0,0,6,0,4,0,4,0
Flink : Core,org.apache.flink.api.common.operators,GenericDataSinkBase.new Comparator() {...},15,0,0,0,2,0,2,0,2,0
Flink : Core,org.apache.flink.api.common.operators,Union,57,0,0,0,13,0,3,0,3,0
Flink : Core,org.apache.flink.api.common.operators,ResourceSpec.Builder,55,44,0,0,20,10,8,3,8,3
Flink : Core,org.apache.flink.api.common.operators,Keys.IncompatibleKeysException,0,19,0,0,0,4,0,2,0,2
Flink : Core,org.apache.flink.api.common.operators,ResourceSpec,94,453,14,46,21,95,15,37,3,19
Flink : Core,org.apache.flink.api.common.operators,DualInputOperator,156,21,8,0,51,6,24,2,20,2
Flink : Core,org.apache.flink.api.common.operators,DualInputSemanticProperties,37,227,5,45,6,50,6,27,1,7
Flink : Core,org.apache.flink.api.common.operators,AbstractUdfOperator,49,13,4,0,15,4,8,1,6,1
Flink : Core,org.apache.flink.api.common.operators,GenericDataSinkBase,151,78,9,7,40,22,17,6,11,4
Flink : Core,org.apache.flink.api.common.operators,SingleInputSemanticProperties,12,160,0,22,1,34,1,18,1,7
Flink : Core,org.apache.flink.api.common.operators,CollectionExecutor.DynamicPathCollector,151,0,26,0,33,0,16,0,3,0
Flink : Core,org.apache.flink.api.common.operators,Order,24,44,8,0,2,5,6,1,2,1
Flink : Core,org.apache.flink.api.common.operators,CompilerHints,159,15,20,0,45,5,24,1,14,1
Flink : Core,org.apache.flink.api.common.operators,Operator,214,33,25,1,53,10,30,2,17,2
Flink : Core,org.apache.flink.api.common.operators,SingleInputOperator,107,19,6,0,32,5,16,2,13,2
Flink : Core,org.apache.flink.api.common.operators,UnaryOperatorInformation,0,10,0,0,0,4,0,2,0,2
Flink : Core,org.apache.flink.api.common.operators,OperatorInformation,10,9,0,0,1,4,1,2,1,2
Flink : Core,org.apache.flink.api.common.operators,Ordering,475,112,89,11,94,22,60,10,14,6
Flink : Core,org.apache.flink.api.common.operators,BinaryOperatorInformation,0,16,0,0,0,6,0,3,0,3
Flink : Core,org.apache.flink.api.common.operators,SemanticProperties.InvalidSemanticAnnotationException,5,4,0,0,2,2,1,1,1,1
Flink : Core,org.apache.flink.api.common.operators,Keys,7,97,3,13,1,17,3,10,1,4
Flink : Core,org.apache.flink.api.common.operators,SingleInputSemanticProperties.AllFieldsForwardedProperties,5,23,0,4,1,7,1,5,1,3
Flink : Core,org.apache.flink.api.common.operators,Keys.ExpressionKeys,226,389,39,41,40,77,30,25,5,10
Flink : Core,org.apache.flink.api.common.operators,Keys.SelectorFunctionKeys,124,80,15,7,23,19,16,5,7,3
Flink : Core,org.apache.flink.api.common.operators,CollectionExecutor.CompletedFuture,45,0,2,0,16,0,7,0,6,0
Flink : Core,org.apache.flink.api.common.operators,GenericDataSourceBase,90,92,10,10,28,25,17,6,11,2
Flink : Core,org.apache.flink.api.common.operators,CollectionExecutor,1178,0,98,0,220,0,60,0,11,0
Flink : Core,org.apache.flink.api.common.typeutils.base,ListSerializer,7,158,3,15,2,35,5,19,2,13
Flink : Core,org.apache.flink.api.common.typeutils.base,ByteSerializer,2,41,0,0,1,14,1,11,1,11
Flink : Core,org.apache.flink.api.common.typeutils.base,InstantComparator,37,122,5,17,6,30,4,15,0,8
Flink : Core,org.apache.flink.api.common.typeutils.base,ShortComparator,0,54,0,8,0,12,0,11,0,7
Flink : Core,org.apache.flink.api.common.typeutils.base,CharSerializer,2,41,0,0,1,14,1,11,1,11
Flink : Core,org.apache.flink.api.common.typeutils.base,LocalDateTimeSerializer,7,85,3,7,2,25,4,13,1,11
Flink : Core,org.apache.flink.api.common.typeutils.base,DateSerializer,6,78,2,8,3,25,3,14,1,11
Flink : Core,org.apache.flink.api.common.typeutils.base,StringComparator,53,77,9,9,9,22,5,12,0,8
Flink : Core,org.apache.flink.api.common.typeutils.base,FloatValueComparator,44,104,5,5,10,24,10,13,7,11
Flink : Core,org.apache.flink.api.common.typeutils.base,BooleanValueSerializer,2,55,0,0,1,17,1,11,1,11
Flink : Core,org.apache.flink.api.common.typeutils.base,LocalTimeSerializer,2,89,0,4,1,27,1,13,1,11
Flink : Core,org.apache.flink.api.common.typeutils.base,StringValueComparator,21,121,4,6,4,28,7,16,4,14
Flink : Core,org.apache.flink.api.common.typeutils.base,ByteSerializer.ByteSerializerSnapshot,0,6,0,0,0,2,0,2,0,2
Flink : Core,org.apache.flink.api.common.typeutils.base,VoidSerializer,33,8,0,0,14,2,10,2,10,2
Flink : Core,org.apache.flink.api.common.typeutils.base,NullValueComparator,74,0,2,0,23,0,21,0,20,0
Flink : Core,org.apache.flink.api.common.typeutils.base,IntValueSerializer.IntValueSerializerSnapshot,0,6,0,0,0,2,0,2,0,2
Flink : Core,org.apache.flink.api.common.typeutils.base,StringValueSerializer,15,100,1,7,4,28,2,14,1,11
Flink : Core,org.apache.flink.api.common.typeutils.base,InstantSerializer.InstantSerializerSnapshot,0,6,0,0,0,2,0,2,0,2
Flink : Core,org.apache.flink.api.common.typeutils.base,BooleanSerializer.BooleanSerializerSnapshot,0,6,0,0,0,2,0,2,0,2
Flink : Core,org.apache.flink.api.common.typeutils.base,StringSerializer,0,37,0,0,0,14,0,12,0,12
Flink : Core,org.apache.flink.api.common.typeutils.base,ListSerializerSnapshot,0,27,0,0,0,8,0,5,0,5
Flink : Core,org.apache.flink.api.common.typeutils.base,BooleanValueComparator,20,122,3,7,4,28,6,17,4,14
Flink : Core,org.apache.flink.api.common.typeutils.base,MapSerializerConfigSnapshot,54,0,2,0,11,0,5,0,4,0
Flink : Core,org.apache.flink.api.common.typeutils.base,FloatComparator,8,40,0,6,3,8,3,7,3,4
Flink : Core,org.apache.flink.api.common.typeutils.base,ShortValueSerializer.ShortValueSerializerSnapshot,0,6,0,0,0,2,0,2,0,2
Flink : Core,org.apache.flink.api.common.typeutils.base,InstantSerializer,2,71,1,5,1,22,2,13,1,11
Flink : Core,org.apache.flink.api.common.typeutils.base,DoubleValueComparator,44,104,5,5,10,24,10,13,7,11
Flink : Core,org.apache.flink.api.common.typeutils.base,DateSerializer.DateSerializerSnapshot,0,6,0,0,0,2,0,2,0,2
Flink : Core,org.apache.flink.api.common.typeutils.base,IntValueComparator,20,122,3,7,4,28,6,17,4,14
Flink : Core,org.apache.flink.api.common.typeutils.base,ShortSerializer.ShortSerializerSnapshot,0,6,0,0,0,2,0,2,0,2
Flink : Core,org.apache.flink.api.common.typeutils.base,BooleanComparator,0,54,0,8,0,12,0,11,0,7
Flink : Core,org.apache.flink.api.common.typeutils.base,DoubleValueSerializer.DoubleValueSerializerSnapshot,0,6,0,0,0,2,0,2,0,2
Flink : Core,org.apache.flink.api.common.typeutils.base,FloatSerializer.FloatSerializerSnapshot,0,6,0,0,0,2,0,2,0,2
Flink : Core,org.apache.flink.api.common.typeutils.base,LongValueSerializer.LongValueSerializerSnapshot,0,6,0,0,0,2,0,2,0,2
Flink : Core,org.apache.flink.api.common.typeutils.base,BigIntSerializer.BigIntSerializerSnapshot,0,6,0,0,0,2,0,2,0,2
Flink : Core,org.apache.flink.api.common.typeutils.base,GenericArraySerializerSnapshot,8,53,1,1,3,14,2,8,1,8
Flink : Core,org.apache.flink.api.common.typeutils.base,DateComparator,17,99,3,13,3,20,2,15,0,9
Flink : Core,org.apache.flink.api.common.typeutils.base,NormalizedKeyUtil,134,206,20,28,23,47,16,17,1,8
Flink : Core,org.apache.flink.api.common.typeutils.base,ShortValueComparator,20,122,3,7,4,28,6,17,4,14
Flink : Core,org.apache.flink.api.common.typeutils.base,LocalDateComparator,28,192,6,20,5,50,9,24,4,16
Flink : Core,org.apache.flink.api.common.typeutils.base,DoubleSerializer.DoubleSerializerSnapshot,0,6,0,0,0,2,0,2,0,2
Flink : Core,org.apache.flink.api.common.typeutils.base,TypeSerializerSingleton,0,15,0,0,0,4,0,4,0,4
Flink : Core,org.apache.flink.api.common.typeutils.base,IntSerializer,0,43,0,0,0,15,0,12,0,12
Flink : Core,org.apache.flink.api.common.typeutils.base,SqlDateSerializer,6,79,2,8,3,25,3,14,1,11
Flink : Core,org.apache.flink.api.common.typeutils.base,IntComparator,0,54,0,8,0,12,0,11,0,7
Flink : Core,org.apache.flink.api.common.typeutils.base,BooleanSerializer,0,42,0,0,0,15,0,12,0,12
Flink : Core,org.apache.flink.api.common.typeutils.base,IntValueSerializer,2,52,0,0,1,15,1,11,1,11
Flink : Core,org.apache.flink.api.common.typeutils.base,DoubleValueSerializer,2,52,0,0,1,15,1,11,1,11
Flink : Core,org.apache.flink.api.common.typeutils.base,EnumComparator,106,0,18,0,21,0,16,0,7,0
Flink : Core,org.apache.flink.api.common.typeutils.base,ByteValueSerializer.ByteValueSerializerSnapshot,0,6,0,0,0,2,0,2,0,2
Flink : Core,org.apache.flink.api.common.typeutils.base,EnumSerializer,46,175,7,9,7,36,7,20,1,18
Flink : Core,org.apache.flink.api.common.typeutils.base,FloatValueSerializer.FloatValueSerializerSnapshot,0,6,0,0,0,2,0,2,0,2
Flink : Core,org.apache.flink.api.common.typeutils.base,EnumSerializer.EnumSerializerSnapshot,6,184,4,10,2,39,4,10,0,7
Flink : Core,org.apache.flink.api.common.typeutils.base,CharSerializer.CharSerializerSnapshot,0,6,0,0,0,2,0,2,0,2
Flink : Core,org.apache.flink.api.common.typeutils.base,ShortValueSerializer,2,52,0,0,1,15,1,11,1,11
Flink : Core,org.apache.flink.api.common.typeutils.base,CharValueSerializer.CharValueSerializerSnapshot,0,6,0,0,0,2,0,2,0,2
Flink : Core,org.apache.flink.api.common.typeutils.base,LongSerializer.LongSerializerSnapshot,0,6,0,0,0,2,0,2,0,2
Flink : Core,org.apache.flink.api.common.typeutils.base,SqlDateSerializer.SqlDateSerializerSnapshot,0,6,0,0,0,2,0,2,0,2
Flink : Core,org.apache.flink.api.common.typeutils.base,GenericArraySerializer,26,220,3,25,3,56,5,27,2,16
Flink : Core,org.apache.flink.api.common.typeutils.base,BooleanValueSerializer.BooleanValueSerializerSnapshot,0,6,0,0,0,2,0,2,0,2
Flink : Core,org.apache.flink.api.common.typeutils.base,ByteValueSerializer,2,52,0,0,1,15,1,11,1,11
Flink : Core,org.apache.flink.api.common.typeutils.base,VoidSerializer.VoidSerializerSnapshot,6,0,0,0,2,0,2,0,2,0
Flink : Core,org.apache.flink.api.common.typeutils.base,CharValueComparator,20,122,3,7,4,28,6,17,4,14
Flink : Core,org.apache.flink.api.common.typeutils.base,NullValueSerializer,13,15,0,0,7,5,7,5,7,5
Flink : Core,org.apache.flink.api.common.typeutils.base,ByteValueComparator,20,122,3,7,4,28,6,17,4,14
Flink : Core,org.apache.flink.api.common.typeutils.base,BigIntSerializer,4,123,2,17,1,44,3,23,1,14
Flink : Core,org.apache.flink.api.common.typeutils.base,SqlTimestampSerializer,6,110,2,8,3,34,3,14,1,11
Flink : Core,org.apache.flink.api.common.typeutils.base,IntSerializer.IntSerializerSnapshot,0,6,0,0,0,2,0,2,0,2
Flink : Core,org.apache.flink.api.common.typeutils.base,FloatSerializer,2,41,0,0,1,14,1,11,1,11
Flink : Core,org.apache.flink.api.common.typeutils.base,BigDecSerializer,2,117,1,19,1,44,2,21,1,12
Flink : Core,org.apache.flink.api.common.typeutils.base,NullValueSerializer.NullValueSerializerSnapshot,0,6,0,0,0,2,0,2,0,2
Flink : Core,org.apache.flink.api.common.typeutils.base,LocalDateSerializer,2,76,0,4,1,24,1,13,1,11
Flink : Core,org.apache.flink.api.common.typeutils.base,CollectionSerializerConfigSnapshot,36,0,2,0,8,0,5,0,4,0
Flink : Core,org.apache.flink.api.common.typeutils.base,SqlTimeSerializer.SqlTimeSerializerSnapshot,0,6,0,0,0,2,0,2,0,2
Flink : Core,org.apache.flink.api.common.typeutils.base,ByteComparator,0,54,0,8,0,12,0,11,0,7
Flink : Core,org.apache.flink.api.common.typeutils.base,MapSerializerSnapshot,5,37,0,0,1,10,1,5,1,5
Flink : Core,org.apache.flink.api.common.typeutils.base,MapSerializer,13,245,5,25,2,55,7,24,2,14
Flink : Core,org.apache.flink.api.common.typeutils.base,BigDecComparator,0,109,0,12,0,24,0,14,0,8
Flink : Core,org.apache.flink.api.common.typeutils.base,LocalDateTimeSerializer.LocalDateTimeSerializerSnapshot,0,6,0,0,0,2,0,2,0,2
Flink : Core,org.apache.flink.api.common.typeutils.base,GenericArraySerializerConfigSnapshot,150,0,15,0,38,0,17,0,9,0
Flink : Core,org.apache.flink.api.common.typeutils.base,EnumSerializer.EnumSerializerConfigSnapshot,244,0,16,0,51,0,18,0,10,0
Flink : Core,org.apache.flink.api.common.typeutils.base,LocalDateSerializer.LocalDateSerializerSnapshot,0,6,0,0,0,2,0,2,0,2
Flink : Core,org.apache.flink.api.common.typeutils.base,LocalTimeSerializer.LocalTimeSerializerSnapshot,0,6,0,0,0,2,0,2,0,2
Flink : Core,org.apache.flink.api.common.typeutils.base,FloatValueSerializer,2,52,0,0,1,15,1,11,1,11
Flink : Core,org.apache.flink.api.common.typeutils.base,ShortSerializer,2,41,0,0,1,14,1,11,1,11
Flink : Core,org.apache.flink.api.common.typeutils.base,SqlTimestampComparator,52,70,9,11,9,19,6,11,0,7
Flink : Core,org.apache.flink.api.common.typeutils.base,CharValueSerializer,2,52,0,0,1,15,1,11,1,11
Flink : Core,org.apache.flink.api.common.typeutils.base,StringValueSerializer.StringValueSerializerSnapshot,0,6,0,0,0,2,0,2,0,2
Flink : Core,org.apache.flink.api.common.typeutils.base,DoubleSerializer,2,41,0,0,1,14,1,11,1,11
Flink : Core,org.apache.flink.api.common.typeutils.base,DoubleComparator,8,40,0,6,3,8,3,7,3,4
Flink : Core,org.apache.flink.api.common.typeutils.base,LongValueSerializer,2,52,0,0,1,15,1,11,1,11
Flink : Core,org.apache.flink.api.common.typeutils.base,LocalTimeComparator,29,138,8,16,4,41,7,14,0,9
Flink : Core,org.apache.flink.api.common.typeutils.base,BigIntComparator,0,124,2,18,0,30,2,16,0,8
Flink : Core,org.apache.flink.api.common.typeutils.base,LongSerializer,0,43,0,0,0,15,0,12,0,12
Flink : Core,org.apache.flink.api.common.typeutils.base,BigDecSerializer.BigDecSerializerSnapshot,0,6,0,0,0,2,0,2,0,2
Flink : Core,org.apache.flink.api.common.typeutils.base,BasicTypeComparator,8,71,0,6,2,17,2,13,2,10
Flink : Core,org.apache.flink.api.common.typeutils.base,StringSerializer.StringSerializerSnapshot,0,6,0,0,0,2,0,2,0,2
Flink : Core,org.apache.flink.api.common.typeutils.base,LongValueComparator,20,122,3,7,4,28,6,17,4,14
Flink : Core,org.apache.flink.api.common.typeutils.base,LongComparator,0,56,0,8,0,12,0,11,0,7
Flink : Core,org.apache.flink.api.common.typeutils.base,SqlTimeSerializer,6,79,2,8,3,25,3,14,1,11
Flink : Core,org.apache.flink.api.common.typeutils.base,CharComparator,0,54,0,8,0,12,0,11,0,7
Flink : Core,org.apache.flink.api.common.typeutils.base,LocalDateTimeComparator,21,147,4,8,4,32,7,17,4,14
Flink : Core,org.apache.flink.api.common.typeutils.base,SqlTimestampSerializer.SqlTimestampSerializerSnapshot,0,6,0,0,0,2,0,2,0,2
Flink : Core,org.apache.flink.util.clock,ManualClock,16,28,0,0,4,8,3,4,3,4
Flink : Core,org.apache.flink.util.clock,SystemClock,8,7,0,0,3,2,3,2,3,2
Flink : Core,org.apache.flink.util.clock,Clock,0,3,0,0,0,1,0,1,0,1
Flink : Core,org.apache.flink.types.parser,DoubleParser,6,112,2,14,1,25,3,12,1,6
Flink : Core,org.apache.flink.types.parser,ShortValueParser,10,134,4,28,4,30,4,16,0,4
Flink : Core,org.apache.flink.types.parser,BooleanParser,0,159,0,20,0,28,0,16,0,6
Flink : Core,org.apache.flink.types.parser,BooleanValueParser,0,43,0,0,0,9,0,4,0,4
Flink : Core,org.apache.flink.types.parser,SqlDateParser,6,113,2,14,1,25,3,12,1,6
Flink : Core,org.apache.flink.types.parser,IntParser,34,220,10,48,8,46,10,25,1,5
Flink : Core,org.apache.flink.types.parser,SqlTimestampParser,6,113,2,14,1,25,3,12,1,6
Flink : Core,org.apache.flink.types.parser,ShortParser,35,218,10,48,8,46,10,25,1,5
Flink : Core,org.apache.flink.types.parser,ByteParser,35,218,9,49,8,46,9,26,1,5
Flink : Core,org.apache.flink.types.parser,FieldParser.ParseErrorState,0,94,0,0,0,10,0,1,0,1
Flink : Core,org.apache.flink.types.parser,BigDecParser,11,210,5,47,2,38,6,27,1,6
Flink : Core,org.apache.flink.types.parser,ByteValueParser,10,134,3,29,4,30,3,17,0,4
Flink : Core,org.apache.flink.types.parser,StringValueParser,10,157,2,26,3,36,2,17,0,5
Flink : Core,org.apache.flink.types.parser,LongParser,33,268,12,56,8,58,12,28,1,5
Flink : Core,org.apache.flink.types.parser,FieldParser,7,267,3,23,2,66,3,23,0,13
Flink : Core,org.apache.flink.types.parser,BigIntParser,6,114,2,14,1,25,3,12,1,6
Flink : Core,org.apache.flink.types.parser,SqlTimeParser,6,93,1,9,1,20,2,10,1,6
Flink : Core,org.apache.flink.types.parser,FloatParser,6,109,2,14,1,24,3,11,1,5
Flink : Core,org.apache.flink.types.parser,StringParser,8,172,2,26,3,35,2,17,0,5
Flink : Core,org.apache.flink.types.parser,FloatValueParser,0,76,1,9,0,19,1,8,0,4
Flink : Core,org.apache.flink.types.parser,DoubleValueParser,0,76,1,9,0,19,1,8,0,4
Flink : Core,org.apache.flink.types.parser,IntValueParser,10,137,4,28,4,30,4,16,0,4
Flink : Core,org.apache.flink.types.parser,LongValueParser,10,169,5,33,4,38,5,18,0,4
Flink : Core,org.apache.flink.api.java.typeutils.runtime.kryo,KryoSerializerSnapshot,12,151,5,11,5,55,5,15,0,12
Flink : Core,org.apache.flink.api.java.typeutils.runtime.kryo,KryoSerializerSnapshotData.ClassResolverByName,25,6,0,0,5,3,1,1,1,1
Flink : Core,org.apache.flink.api.java.typeutils.runtime.kryo,KryoSerializer.KryoSerializerConfigSnapshot,5,25,0,0,2,10,1,3,1,3
Flink : Core,org.apache.flink.api.java.typeutils.runtime.kryo,KryoSerializerSnapshotData,26,153,0,0,6,42,4,19,4,19
Flink : Core,org.apache.flink.api.java.typeutils.runtime.kryo,MinlogForwarder,53,0,6,0,15,0,7,0,2,0
Flink : Core,org.apache.flink.api.java.typeutils.runtime.kryo,Serializers.SpecificInstanceCollectionSerializer,18,0,0,0,5,0,3,0,3,0
Flink : Core,org.apache.flink.api.java.typeutils.runtime.kryo,Serializers.DummyAvroKryoSerializerClass,5,8,0,0,1,2,1,2,1,2
Flink : Core,org.apache.flink.api.java.typeutils.runtime.kryo,Serializers.SpecificInstanceCollectionSerializerForArrayList,4,0,0,0,2,0,1,0,1,0
Flink : Core,org.apache.flink.api.java.typeutils.runtime.kryo,Serializers.DummyAvroRegisteredClass,3,0,0,0,1,0,1,0,1,0
Flink : Core,org.apache.flink.api.java.typeutils.runtime.kryo,KryoSerializer,64,738,21,55,16,190,21,47,0,30
Flink : Core,org.apache.flink.api.java.typeutils.runtime.kryo,Serializers,84,130,20,22,20,35,15,11,2,3
Flink : Core,org.apache.flink.api.java.typeutils.runtime.kryo,JavaSerializer,66,3,4,0,20,1,4,1,2,1
Flink : Core,org.apache.flink.api.java.typeutils.runtime.kryo,KryoSerializerDebugInitHelper,9,16,3,3,1,5,4,1,1,1
Flink : Core,org.apache.flink.api.java.typeutils.runtime.kryo,KryoSerializerSnapshotData.SerializeableSerializerResolver,29,6,0,0,5,3,1,1,1,1
Flink : Core,org.apache.flink.api.java.typeutils.runtime.kryo,KryoSerializerSnapshotData.KryoRegistrationUtil,115,100,7,7,20,27,8,6,1,4
Flink : Core,org.apache.flink.core.plugin,DefaultPluginManager,90,0,2,0,22,0,6,0,5,0
Flink : Core,org.apache.flink.core.plugin,PluginDescriptor,26,21,0,0,3,8,1,4,1,4
Flink : Core,org.apache.flink.core.plugin,PluginConfig,24,27,0,2,9,8,4,3,4,2
Flink : Core,org.apache.flink.core.plugin,PluginLoader.PluginClassLoader,150,0,10,0,37,0,15,0,10,0
Flink : Core,org.apache.flink.core.plugin,PluginLoader.ContextClassLoaderSettingIterator,25,0,0,0,8,0,3,0,3,0
Flink : Core,org.apache.flink.core.plugin,PluginUtils,45,0,2,0,13,0,4,0,3,0
Flink : Core,org.apache.flink.core.plugin,DirectoryBasedPluginFinder,15,107,1,7,1,20,1,11,0,8
Flink : Core,org.apache.flink.core.plugin,Plugin,0,16,0,0,0,4,0,2,0,2
Flink : Core,org.apache.flink.core.plugin,PluginLoader,44,0,0,0,13,0,4,0,4,0
Flink : Core,org.apache.flink.core.io,GenericInputSplit,42,18,6,0,6,6,6,3,3,3
Flink : Core,org.apache.flink.core.io,LocatableInputSplit,46,42,9,3,8,12,7,7,2,6
Flink : Core,org.apache.flink.core.io,VersionMismatchException,12,4,0,0,5,2,3,1,3,1
Flink : Core,org.apache.flink.core.io,VersionedIOReadableWritable,3,75,1,5,0,15,1,8,0,6
Flink : Core,org.apache.flink.core.io,PostVersionedIOReadableWritable,5,80,0,4,1,19,1,6,1,4
Flink : Core,org.apache.flink.core.io,SimpleVersionedSerializerTypeSerializerProxy,28,101,2,4,7,28,5,13,3,12
Flink : Core,org.apache.flink.core.io,InputStatus,0,44,0,0,0,5,0,1,0,1
Flink : Core,org.apache.flink.core.io,SimpleVersionedSerialization,17,230,1,3,1,39,1,5,0,4
Flink : Core,org.apache.flink.util.concurrent,NeverCompleteFuture,91,0,6,0,25,0,11,0,8,0
Flink : Core,org.apache.flink.util.concurrent,FutureConsumerWithException,11,0,0,0,5,0,1,0,1,0
Flink : Core,org.apache.flink.api.java.tuple.builder,Tuple2Builder,28,0,0,0,5,0,3,0,3,0
Flink : Core,org.apache.flink.api.java.tuple.builder,Tuple5Builder,31,0,0,0,5,0,3,0,3,0
Flink : Core,org.apache.flink.api.java.tuple.builder,Tuple16Builder,42,0,0,0,5,0,3,0,3,0
Flink : Core,org.apache.flink.api.java.tuple.builder,Tuple22Builder,48,0,0,0,5,0,3,0,3,0
Flink : Core,org.apache.flink.api.java.tuple.builder,Tuple24Builder,50,0,0,0,5,0,3,0,3,0
Flink : Core,org.apache.flink.api.java.tuple.builder,Tuple13Builder,39,0,0,0,5,0,3,0,3,0
Flink : Core,org.apache.flink.api.java.tuple.builder,Tuple7Builder,33,0,0,0,5,0,3,0,3,0
Flink : Core,org.apache.flink.api.java.tuple.builder,Tuple11Builder,37,0,0,0,5,0,3,0,3,0
Flink : Core,org.apache.flink.api.java.tuple.builder,Tuple21Builder,47,0,0,0,5,0,3,0,3,0
Flink : Core,org.apache.flink.api.java.tuple.builder,Tuple10Builder,36,0,0,0,5,0,3,0,3,0
Flink : Core,org.apache.flink.api.java.tuple.builder,Tuple18Builder,44,0,0,0,5,0,3,0,3,0
Flink : Core,org.apache.flink.api.java.tuple.builder,Tuple0Builder,24,0,0,0,5,0,3,0,3,0
Flink : Core,org.apache.flink.api.java.tuple.builder,Tuple8Builder,34,0,0,0,5,0,3,0,3,0
Flink : Core,org.apache.flink.api.java.tuple.builder,Tuple15Builder,41,0,0,0,5,0,3,0,3,0
Flink : Core,org.apache.flink.api.java.tuple.builder,Tuple3Builder,29,0,0,0,5,0,3,0,3,0
Flink : Core,org.apache.flink.api.java.tuple.builder,Tuple23Builder,49,0,0,0,5,0,3,0,3,0
Flink : Core,org.apache.flink.api.java.tuple.builder,Tuple6Builder,32,0,0,0,5,0,3,0,3,0
Flink : Core,org.apache.flink.api.java.tuple.builder,Tuple17Builder,43,0,0,0,5,0,3,0,3,0
Flink : Core,org.apache.flink.api.java.tuple.builder,Tuple1Builder,27,0,0,0,5,0,3,0,3,0
Flink : Core,org.apache.flink.api.java.tuple.builder,Tuple12Builder,38,0,0,0,5,0,3,0,3,0
Flink : Core,org.apache.flink.api.java.tuple.builder,Tuple25Builder,51,0,0,0,5,0,3,0,3,0
Flink : Core,org.apache.flink.api.java.tuple.builder,Tuple14Builder,40,0,0,0,5,0,3,0,3,0
Flink : Core,org.apache.flink.api.java.tuple.builder,Tuple20Builder,46,0,0,0,5,0,3,0,3,0
Flink : Core,org.apache.flink.api.java.tuple.builder,Tuple19Builder,45,0,0,0,5,0,3,0,3,0
Flink : Core,org.apache.flink.api.java.tuple.builder,Tuple9Builder,35,0,0,0,5,0,3,0,3,0
Flink : Core,org.apache.flink.api.java.tuple.builder,Tuple4Builder,30,0,0,0,5,0,3,0,3,0
Flink : Core,org.apache.flink.api.common.restartstrategy,RestartStrategies.ExponentialDelayRestartStrategyConfiguration,155,0,16,0,31,0,17,0,9,0
Flink : Core,org.apache.flink.api.common.restartstrategy,RestartStrategies.FallbackRestartStrategyConfiguration,8,10,1,1,3,3,3,2,2,2
Flink : Core,org.apache.flink.api.common.restartstrategy,RestartStrategies.RestartStrategyConfiguration,3,0,0,0,1,0,1,0,1,0
Flink : Core,org.apache.flink.api.common.restartstrategy,RestartStrategies.NoRestartStrategyConfiguration,18,0,2,0,6,0,5,0,4,0
Flink : Core,org.apache.flink.api.common.restartstrategy,RestartStrategies.FixedDelayRestartStrategyConfiguration,43,30,5,3,9,8,8,2,4,2
Flink : Core,org.apache.flink.api.common.restartstrategy,RestartStrategies.FailureRateRestartStrategyConfiguration,103,0,12,0,21,0,13,0,7,0
Flink : Core,org.apache.flink.api.common.restartstrategy,RestartStrategies,108,48,4,1,30,12,9,5,5,5
Flink : Core,org.apache.flink.api.common.accumulators,LongMaximum,30,41,0,0,7,12,4,6,4,6
Flink : Core,org.apache.flink.api.common.accumulators,ListAccumulator,52,0,0,0,13,0,7,0,7,0
Flink : Core,org.apache.flink.api.common.accumulators,Histogram,102,0,6,0,20,0,10,0,7,0
Flink : Core,org.apache.flink.api.common.accumulators,AverageAccumulator,17,122,0,4,1,30,1,11,1,9
Flink : Core,org.apache.flink.api.common.accumulators,AccumulatorHelper,400,0,34,0,90,0,32,0,15,0
Flink : Core,org.apache.flink.api.common.accumulators,SerializedListAccumulator,127,0,2,0,28,0,10,0,9,0
Flink : Core,org.apache.flink.api.common.accumulators,IntMaximum,30,41,0,0,7,12,4,6,4,6
Flink : Core,org.apache.flink.api.common.accumulators,DoubleMaximum,30,41,0,0,7,12,4,6,4,6
Flink : Core,org.apache.flink.api.common.accumulators,LongCounter,65,0,0,0,18,0,10,0,10,0
Flink : Core,org.apache.flink.api.common.accumulators,LongMinimum,30,41,0,0,7,12,4,6,4,6
Flink : Core,org.apache.flink.api.common.accumulators,IntMinimum,30,41,0,0,7,12,4,6,4,6
Flink : Core,org.apache.flink.api.common.accumulators,DoubleCounter,71,0,0,0,19,0,10,0,10,0
Flink : Core,org.apache.flink.api.common.accumulators,IntCounter,71,0,0,0,19,0,10,0,10,0
Flink : Core,org.apache.flink.api.common.accumulators,DoubleMinimum,30,41,0,0,7,12,4,6,4,6
Flink : Core,org.apache.flink.core.memory,MemoryUtils,123,119,2,2,25,33,3,10,1,10
Flink : Core,org.apache.flink.core.memory,ManagedMemoryUseCase,0,47,0,0,0,7,0,2,0,2
Flink : Core,org.apache.flink.core.memory,ByteArrayInputStreamWithPos,0,29,0,0,0,9,0,5,0,5
Flink : Core,org.apache.flink.core.memory,MemorySegmentInputStreamWithPos,44,103,4,10,11,22,7,12,5,7
Flink : Core,org.apache.flink.core.memory,MemorySegmentFactory,30,94,2,4,9,19,4,13,3,11
Flink : Core,org.apache.flink.core.memory,MemorySegment,241,1619,34,194,64,314,44,141,22,49
Flink : Core,org.apache.flink.core.memory,DataInputDeserializer,335,507,56,36,66,95,47,30,4,26
Flink : Core,org.apache.flink.core.memory,ByteArrayOutputStreamWithPos,20,144,8,12,7,34,9,15,2,12
Flink : Core,org.apache.flink.core.memory,DataInputViewStreamWrapper,20,4,2,0,3,2,2,1,1,1
Flink : Core,org.apache.flink.core.memory,DataOutputSerializer,409,418,49,31,68,86,41,29,10,20
Flink : Core,org.apache.flink.core.memory,DataOutputViewStreamWrapper,60,4,8,0,17,2,6,1,2,1
Flink : Core,org.apache.flink.core.memory,ManagedMemoryUseCase.Scope,0,24,0,0,0,3,0,1,0,1
Flink : Core,org.apache.flink.api.java.typeutils.runtime,CopyableValueSerializer,53,42,6,0,16,13,11,8,8,8
Flink : Core,org.apache.flink.api.java.typeutils.runtime,EitherSerializerConfigSnapshot,42,0,2,0,9,0,4,0,3,0
Flink : Core,org.apache.flink.api.java.typeutils.runtime,ValueSerializer.ValueSerializerConfigSnapshot,19,0,0,0,6,0,4,0,4,0
Flink : Core,org.apache.flink.api.java.typeutils.runtime,RowComparator,203,627,21,53,48,134,20,41,5,19
Flink : Core,org.apache.flink.api.java.typeutils.runtime,ValueSerializer.ValueSerializerSnapshot,0,17,0,0,0,6,0,5,0,5
Flink : Core,org.apache.flink.api.java.typeutils.runtime,ValueComparator,21,198,4,14,4,44,7,21,4,15
Flink : Core,org.apache.flink.api.java.typeutils.runtime,RuntimeComparatorFactory,53,0,2,0,20,0,6,0,5,0
Flink : Core,org.apache.flink.api.java.typeutils.runtime,NullableSerializer.NullableSerializerSnapshot,23,75,4,4,5,18,4,9,1,8
Flink : Core,org.apache.flink.api.java.typeutils.runtime,TupleComparator,77,217,1,19,21,46,1,18,0,9
Flink : Core,org.apache.flink.api.java.typeutils.runtime,KryoRegistrationSerializerConfigSnapshot.KryoRegistrationSerializationProxy,150,74,6,2,33,21,7,3,2,2
Flink : Core,org.apache.flink.api.java.typeutils.runtime,CopyableValueSerializer.CopyableValueSerializerConfigSnapshot,17,0,0,0,6,0,4,0,4,0
Flink : Core,org.apache.flink.api.java.typeutils.runtime,PojoSerializerSnapshot,14,651,13,67,4,185,13,52,0,25
Flink : Core,org.apache.flink.api.java.typeutils.runtime,TupleSerializerConfigSnapshot,86,0,6,0,22,0,11,0,8,0
Flink : Core,org.apache.flink.api.java.typeutils.runtime,Tuple0SerializerSnapshot,0,6,0,0,0,2,0,2,0,2
Flink : Core,org.apache.flink.api.java.typeutils.runtime,Tuple0Serializer,25,50,4,0,7,19,6,13,4,13
Flink : Core,org.apache.flink.api.java.typeutils.runtime,JavaEitherSerializerSnapshot,0,37,0,0,0,10,0,5,0,5
Flink : Core,org.apache.flink.api.java.typeutils.runtime,NullableSerializer,38,297,9,43,7,66,11,39,2,22
Flink : Core,org.apache.flink.api.java.typeutils.runtime,CopyableValueComparator,34,142,4,8,8,32,8,17,5,14
Flink : Core,org.apache.flink.api.java.typeutils.runtime,RowSerializer,209,707,25,87,37,152,27,57,4,24
Flink : Core,org.apache.flink.api.java.typeutils.runtime,GenericTypeComparator,72,136,8,8,17,28,14,13,10,9
Flink : Core,org.apache.flink.api.java.typeutils.runtime,PojoFieldUtils,3,43,0,2,1,16,1,4,1,3
Flink : Core,org.apache.flink.api.java.typeutils.runtime,DataOutputViewStream,5,13,0,0,2,5,1,2,1,2
Flink : Core,org.apache.flink.api.java.typeutils.runtime,KryoRegistrationSerializerConfigSnapshot.DummyRegisteredClass,3,0,0,0,1,0,1,0,1,0
Flink : Core,org.apache.flink.api.java.typeutils.runtime,RowSerializer.RowSerializerConfigSnapshot,32,0,0,0,9,0,6,0,6,0
Flink : Core,org.apache.flink.api.java.typeutils.runtime,PojoSerializer.PojoSerializerConfigSnapshot,717,0,38,0,165,0,34,0,15,0
Flink : Core,org.apache.flink.api.java.typeutils.runtime,KryoUtils,36,42,0,4,11,11,1,5,1,3
Flink : Core,org.apache.flink.api.java.typeutils.runtime,RowSerializer.RowSerializerSnapshot,0,44,0,4,0,13,0,9,0,7
Flink : Core,org.apache.flink.api.java.typeutils.runtime,EitherSerializer,21,229,5,17,4,59,7,20,2,14
Flink : Core,org.apache.flink.api.java.typeutils.runtime,KryoRegistration,43,142,16,12,6,38,12,14,1,10
Flink : Core,org.apache.flink.api.java.typeutils.runtime,NoFetchingInput,102,75,7,7,20,22,12,4,6,3
Flink : Core,org.apache.flink.api.java.typeutils.runtime,FieldSerializer,10,27,1,1,5,9,2,2,1,2
Flink : Core,org.apache.flink.api.java.typeutils.runtime,PojoSerializerSnapshotData,38,256,1,7,9,68,1,23,0,20
Flink : Core,org.apache.flink.api.java.typeutils.runtime,RuntimeSerializerFactory,137,0,18,0,39,0,17,0,8,0
Flink : Core,org.apache.flink.api.java.typeutils.runtime,TupleComparatorBase,67,496,2,40,14,80,5,32,3,13
Flink : Core,org.apache.flink.api.java.typeutils.runtime,CopyableValueSerializer.CopyableValueSerializerSnapshot,0,17,0,0,0,6,0,5,0,5
Flink : Core,org.apache.flink.api.java.typeutils.runtime,TupleSerializerBase,29,112,4,12,4,24,7,10,3,6
Flink : Core,org.apache.flink.api.java.typeutils.runtime,PojoSerializerSnapshotData.NoOpWriter,0,17,0,0,0,4,0,3,0,3
Flink : Core,org.apache.flink.api.java.typeutils.runtime,RuntimePairComparatorFactory,15,0,0,0,3,0,3,0,3,0
Flink : Core,org.apache.flink.api.java.typeutils.runtime,ValueSerializer,17,155,3,7,5,40,6,17,3,15
Flink : Core,org.apache.flink.api.java.typeutils.runtime,PojoComparator,164,495,14,46,31,111,17,36,5,18
Flink : Core,org.apache.flink.api.java.typeutils.runtime,PojoSerializer,148,1214,33,133,39,297,30,90,2,35
Flink : Core,org.apache.flink.api.java.typeutils.runtime,KryoRegistration.SerializerDefinitionType,0,34,0,0,0,4,0,1,0,1
Flink : Core,org.apache.flink.api.java.typeutils.runtime,MaskUtils,3,165,0,18,1,49,1,12,1,3
Flink : Core,org.apache.flink.api.java.typeutils.runtime,TupleSerializerSnapshot,12,53,2,2,3,15,3,7,1,7
Flink : Core,org.apache.flink.api.java.typeutils.runtime,TupleSerializer,102,208,6,20,26,42,9,19,5,10
Flink : Core,org.apache.flink.api.java.typeutils.runtime,KryoRegistrationSerializerConfigSnapshot.DummyKryoSerializerClass,13,0,0,0,3,0,3,0,3,0
Flink : Core,org.apache.flink.api.java.typeutils.runtime,KryoRegistrationSerializerConfigSnapshot,69,46,6,2,15,12,8,4,5,3
Flink : Core,org.apache.flink.api.java.typeutils.runtime,NullAwareComparator,37,257,7,45,10,58,12,32,6,12
Flink : Core,org.apache.flink.api.java.typeutils.runtime,EitherSerializerSnapshot,112,0,11,0,30,0,15,0,9,0
Flink : Core,org.apache.flink.api.java.typeutils.runtime,NullableSerializer.NullableSerializerConfigSnapshot,38,0,0,0,9,0,4,0,4,0
Flink : Core,org.apache.flink.api.java.typeutils.runtime,DataInputViewStream,10,47,1,3,4,12,2,5,1,4
Flink : Core,org.apache.flink.api.common.serialization,DeserializationSchema,11,0,2,0,5,0,3,0,2,0
Flink : Core,org.apache.flink.api.common.serialization,RuntimeContextInitializationContextAdapters.RuntimeContextUserCodeClassLoaderAdapter,16,0,0,0,6,0,3,0,3,0
Flink : Core,org.apache.flink.api.common.serialization,RuntimeContextInitializationContextAdapters.RuntimeContextSerializationInitializationContextAdapter,24,0,0,0,6,0,3,0,3,0
Flink : Core,org.apache.flink.api.common.serialization,TypeInformationSerializationSchema,34,59,0,4,10,15,3,5,3,3
Flink : Core,org.apache.flink.api.common.serialization,SimpleStringEncoder,29,0,2,0,10,0,4,0,3,0
Flink : Core,org.apache.flink.api.common.serialization,RuntimeContextInitializationContextAdapters.RuntimeContextDeserializationInitializationContextAdapter,24,0,0,0,6,0,3,0,3,0
Flink : Core,org.apache.flink.api.common.serialization,SimpleStringSchema,8,41,0,0,4,13,3,6,3,6
Flink : Core,org.apache.flink.api.common.serialization,RuntimeContextInitializationContextAdapters,25,0,0,0,5,0,5,0,5,0
Flink : Core,org.apache.flink.api.common.serialization,SerializationSchema,1,0,0,0,1,0,1,0,1,0
Flink : Core,org.apache.flink.api.common.serialization,AbstractDeserializationSchema,33,22,0,0,12,9,4,2,4,2
Flink : Core,org.apache.flink.util.function,CheckedSupplier,24,0,0,0,8,0,4,0,4,0
Flink : Core,org.apache.flink.util.function,ThrowingRunnable,10,0,0,0,6,0,2,0,2,0
Flink : Core,org.apache.flink.util.function,BiConsumerWithException,12,0,0,0,6,0,2,0,2,0
Flink : Core,org.apache.flink.util.function,FunctionUtils,51,13,0,0,22,5,11,3,11,3
Flink : Core,org.apache.flink.util.function,BiFunctionWithException,13,0,0,0,5,0,2,0,2,0
Flink : Core,org.apache.flink.util.function,TriFunctionWithException,14,0,0,0,5,0,2,0,2,0
Flink : Core,org.apache.flink.api.java.tuple,Tuple25,1304,0,256,0,245,0,163,0,11,0
Flink : Core,org.apache.flink.api.java.tuple,Tuple24,1254,0,246,0,236,0,157,0,11,0
Flink : Core,org.apache.flink.api.java.tuple,Tuple21,1104,0,216,0,209,0,139,0,11,0
Flink : Core,org.apache.flink.api.java.tuple,Tuple20,1054,0,206,0,200,0,133,0,11,0
Flink : Core,org.apache.flink.api.java.tuple,Tuple23,1204,0,236,0,227,0,151,0,11,0
Flink : Core,org.apache.flink.api.java.tuple,Tuple22,1154,0,226,0,218,0,145,0,11,0
Flink : Core,org.apache.flink.api.java.tuple,Tuple18,954,0,186,0,182,0,121,0,11,0
Flink : Core,org.apache.flink.api.java.tuple,Tuple17,904,0,176,0,173,0,115,0,11,0
Flink : Core,org.apache.flink.api.java.tuple,Tuple19,1004,0,196,0,191,0,127,0,11,0
Flink : Core,org.apache.flink.api.java.tuple,Tuple14,754,0,146,0,146,0,97,0,11,0
Flink : Core,org.apache.flink.api.java.tuple,Tuple13,704,0,136,0,137,0,91,0,11,0
Flink : Core,org.apache.flink.api.java.tuple,Tuple16,854,0,166,0,164,0,109,0,11,0
Flink : Core,org.apache.flink.api.java.tuple,Tuple15,804,0,156,0,155,0,103,0,11,0
Flink : Core,org.apache.flink.api.java.tuple,Tuple10,554,0,106,0,110,0,73,0,11,0
Flink : Core,org.apache.flink.api.java.tuple,Tuple12,654,0,126,0,128,0,85,0,11,0
Flink : Core,org.apache.flink.api.java.tuple,Tuple11,604,0,116,0,119,0,79,0,11,0
Flink : Core,org.apache.flink.api.java.tuple,Tuple6,354,0,66,0,74,0,49,0,11,0
Flink : Core,org.apache.flink.api.java.tuple,Tuple7,404,0,76,0,83,0,55,0,11,0
Flink : Core,org.apache.flink.api.java.tuple,Tuple8,454,0,86,0,92,0,61,0,11,0
Flink : Core,org.apache.flink.api.java.tuple,Tuple9,443,61,87,9,79,22,56,11,8,3
Flink : Core,org.apache.flink.api.java.tuple,Tuple2,60,102,16,10,10,29,14,12,2,10
Flink : Core,org.apache.flink.api.java.tuple,Tuple3,98,106,22,14,17,30,20,11,4,7
Flink : Core,org.apache.flink.api.java.tuple,Tuple4,231,23,44,2,47,9,34,3,9,2
Flink : Core,org.apache.flink.api.java.tuple,Tuple5,204,100,46,10,32,33,29,14,5,6
Flink : Core,org.apache.flink.api.java.tuple,Tuple0,30,12,4,0,6,4,8,4,6,4
Flink : Core,org.apache.flink.api.java.tuple,Tuple1,68,36,14,2,16,12,13,6,5,6
Flink : Core,org.apache.flink.api.java.tuple,Tuple,114,133,29,4,29,8,29,5,1,4
Flink : Core,org.apache.flink.api.common.operators.base,GroupCombineOperatorBase.new Comparator() {...},15,0,0,0,2,0,2,0,2,0
Flink : Core,org.apache.flink.api.common.operators.base,GroupReduceOperatorBase.new Comparator() {...},15,0,0,0,2,0,2,0,2,0
Flink : Core,org.apache.flink.api.common.operators.base,BulkIterationBase.TerminationCriterionAggregationConvergence,35,0,4,0,7,0,5,0,3,0
Flink : Core,org.apache.flink.api.common.operators.base,CrossOperatorBase.CrossHint,34,0,0,0,4,0,1,0,1,0
Flink : Core,org.apache.flink.api.common.operators.base,MapPartitionOperatorBase,15,64,0,0,4,16,2,2,2,2
Flink : Core,org.apache.flink.api.common.operators.base,DeltaIterationBase,139,0,0,0,41,0,24,0,24,0
Flink : Core,org.apache.flink.api.common.operators.base,CoGroupOperatorBase.CoGroupSortListIterator,184,0,28,0,48,0,18,0,4,0
Flink : Core,org.apache.flink.api.common.operators.base,CoGroupOperatorBase,379,0,22,0,91,0,28,0,17,0
Flink : Core,org.apache.flink.api.common.operators.base,DeltaIterationBase.WorksetPlaceHolder,21,0,0,0,8,0,4,0,4,0
Flink : Core,org.apache.flink.api.common.operators.base,ReduceOperatorBase,258,0,26,0,63,0,24,0,11,0
Flink : Core,org.apache.flink.api.common.operators.base,JoinOperatorBase.JoinHint,0,64,0,0,0,7,0,1,0,1
Flink : Core,org.apache.flink.api.common.operators.base,JoinOperatorBase,49,11,2,0,12,3,7,1,6,1
Flink : Core,org.apache.flink.api.common.operators.base,FlatMapOperatorBase,15,67,0,2,4,17,2,3,2,2
Flink : Core,org.apache.flink.api.common.operators.base,PartitionOperatorBase,84,0,8,0,24,0,15,0,11,0
Flink : Core,org.apache.flink.api.common.operators.base,BulkIterationBase,146,0,12,0,38,0,21,0,15,0
Flink : Core,org.apache.flink.api.common.operators.base,BulkIterationBase.TerminationCriterionAggregator,28,0,0,0,8,0,5,0,5,0
Flink : Core,org.apache.flink.api.common.operators.base,CoGroupOperatorBase.CoGroupSortListIterator.MatchStatus,54,0,0,0,6,0,1,0,1,0
Flink : Core,org.apache.flink.api.common.operators.base,BulkIterationBase.TerminationCriterionMapper,16,0,0,0,7,0,3,0,3,0
Flink : Core,org.apache.flink.api.common.operators.base,OuterJoinOperatorBase,67,129,3,7,16,33,5,7,3,4
Flink : Core,org.apache.flink.api.common.operators.base,BulkIterationBase.PartialSolutionPlaceHolder,21,0,0,0,8,0,4,0,4,0
Flink : Core,org.apache.flink.api.common.operators.base,MapOperatorBase,15,67,0,2,4,17,2,3,2,2
Flink : Core,org.apache.flink.api.common.operators.base,OuterJoinOperatorBase.OuterJoinType,0,34,0,0,0,4,0,1,0,1
Flink : Core,org.apache.flink.api.common.operators.base,CoGroupRawOperatorBase,218,0,10,0,60,0,20,0,15,0
Flink : Core,org.apache.flink.api.common.operators.base,FilterOperatorBase,65,0,2,0,16,0,5,0,4,0
Flink : Core,org.apache.flink.api.common.operators.base,PartitionOperatorBase.PartitionMethod,44,0,0,0,5,0,1,0,1,0
Flink : Core,org.apache.flink.api.common.operators.base,CrossOperatorBase,133,0,10,0,34,0,11,0,6,0
Flink : Core,org.apache.flink.api.common.operators.base,CoGroupRawOperatorBase.SimpleListIterable,25,0,0,0,6,0,2,0,2,0
Flink : Core,org.apache.flink.api.common.operators.base,ReduceOperatorBase.CombineHint,44,0,0,0,5,0,1,0,1,0
Flink : Core,org.apache.flink.api.common.operators.base,OuterJoinOperatorBase.OuterJoinListIterator,0,360,2,62,0,89,2,36,0,6
Flink : Core,org.apache.flink.api.common.operators.base,GroupReduceOperatorBase,309,0,30,0,78,0,29,0,14,0
Flink : Core,org.apache.flink.api.common.operators.base,SortPartitionOperatorBase.new Comparator() {...},15,0,0,0,2,0,2,0,2,0
Flink : Core,org.apache.flink.api.common.operators.base,CoGroupRawOperatorBase.SimpleListIterable.SimpleListIterator,42,0,2,0,9,0,5,0,4,0
Flink : Core,org.apache.flink.api.common.operators.base,CoGroupOperatorBase.CoGroupSortListIterator.new Comparator() {...},15,0,0,0,2,0,2,0,2,0
Flink : Core,org.apache.flink.api.common.operators.base,CoGroupOperatorBase.CoGroupSortListIterator.new Comparator() {...},15,0,0,0,2,0,2,0,2,0
Flink : Core,org.apache.flink.api.common.operators.base,OuterJoinOperatorBase.OuterJoinListIterator.new Comparator() {...},0,15,0,0,0,2,0,2,0,2
Flink : Core,org.apache.flink.api.common.operators.base,OuterJoinOperatorBase.OuterJoinListIterator.new Comparator() {...},0,15,0,0,0,2,0,2,0,2
Flink : Core,org.apache.flink.api.common.operators.base,DeltaIterationBase.SolutionSetPlaceHolder,21,0,0,0,8,0,4,0,4,0
Flink : Core,org.apache.flink.api.common.operators.base,InnerJoinOperatorBase,97,171,8,12,22,40,8,6,2,2
Flink : Core,org.apache.flink.api.common.operators.base,GroupCombineOperatorBase,209,0,16,0,51,0,13,0,5,0
Flink : Core,org.apache.flink.api.common.operators.base,CoGroupRawOperatorBase.SimpleListIterable.new Comparator() {...},15,0,0,0,2,0,2,0,2,0
Flink : Core,org.apache.flink.api.common.operators.base,OuterJoinOperatorBase.OuterJoinListIterator.MatchStatus,0,54,0,0,0,6,0,1,0,1
Flink : Core,org.apache.flink.api.common.operators.base,SortPartitionOperatorBase,81,0,4,0,17,0,6,0,4,0
Flink : Core,org.apache.flink.api.common.time,Deadline,95,0,6,0,17,0,13,0,10,0
Flink : Core,org.apache.flink.api.common.time,Time,31,66,3,5,5,16,7,10,4,9
Flink : Core,org.apache.flink.core.execution,DetachedJobExecutionResult,43,0,0,0,10,0,9,0,9,0
Flink : Core,org.apache.flink.core.execution,DefaultExecutorServiceLoader,117,0,12,0,29,0,11,0,5,0
Flink : Core,org.apache.flink.api.common.functions.util,AbstractRuntimeUDFContext,157,42,4,0,35,11,23,4,21,4
Flink : Core,org.apache.flink.api.common.functions.util,NoOpFunction,3,0,0,0,1,0,1,0,1,0
Flink : Core,org.apache.flink.api.common.functions.util,CopyingListCollector,1,18,0,0,1,6,1,2,1,2
Flink : Core,org.apache.flink.api.common.functions.util,FunctionUtils,17,29,2,6,6,12,3,6,2,3
Flink : Core,org.apache.flink.api.common.functions.util,ListCollector,13,0,0,0,6,0,3,0,3,0
Flink : Core,org.apache.flink.api.common.functions.util,RuntimeUDFContext,26,161,1,13,8,32,5,12,4,6
Flink : Core,org.apache.flink.api.common.functions.util,CopyingIterator,8,33,1,1,2,11,2,4,1,4
Flink : Core,org.apache.flink.api.common.functions.util,PrintSinkOutputWriter,110,0,12,0,20,0,12,0,6,0
Flink : Core,org.apache.flink.api.java,This0AccessFinder.new MethodVisitor() {...},0,22,0,4,0,4,0,4,0,2
Flink : Core,org.apache.flink.api.java,ClosureCleaner,101,296,10,32,19,66,11,20,1,9
Flink : Core,org.apache.flink.api.java,This0AccessFinder,0,16,0,0,0,5,0,3,0,3
