GROUP,PACKAGE,CLASS,INSTRUCTION_MISSED,INSTRUCTION_COVERED,BRANCH_MISSED,BRANCH_COVERED,LINE_MISSED,LINE_COVERED,COMPLEXITY_MISSED,COMPLEXITY_COVERED,METHOD_MISSED,METHOD_COVERED
mybatis,org.apache.ibatis.cache.decorators,LoggingCache,25,74,1,3,2,21,2,10,1,9
mybatis,org.apache.ibatis.cache.decorators,SoftCache,14,117,1,7,4,33,3,10,2,7
mybatis,org.apache.ibatis.cache.decorators,BlockingCache,62,84,4,6,12,30,6,10,3,8
mybatis,org.apache.ibatis.cache.decorators,SoftCache.SoftEntry,0,8,0,0,0,3,0,1,0,1
mybatis,org.apache.ibatis.cache.decorators,LruCache.new LinkedHashMap() {...},0,31,0,4,0,5,0,4,0,2
mybatis,org.apache.ibatis.cache.decorators,WeakCache,14,102,1,7,4,29,3,10,2,7
mybatis,org.apache.ibatis.cache.decorators,TransactionalCache,17,146,0,14,4,44,2,18,2,11
mybatis,org.apache.ibatis.cache.decorators,FifoCache,4,68,0,2,1,21,1,9,1,8
mybatis,org.apache.ibatis.cache.decorators,LruCache,0,78,0,2,0,22,0,10,0,9
mybatis,org.apache.ibatis.cache.decorators,ScheduledCache,2,84,1,3,0,25,1,12,0,11
mybatis,org.apache.ibatis.cache.decorators,SerializedCache.CustomObjectInputStream,0,8,0,0,0,3,0,2,0,2
mybatis,org.apache.ibatis.cache.decorators,WeakCache.WeakEntry,0,8,0,0,0,3,0,1,0,1
mybatis,org.apache.ibatis.cache.decorators,SerializedCache,33,114,0,6,5,26,1,13,1,10
mybatis,org.apache.ibatis.cache.decorators,SynchronizedCache,0,43,0,0,0,13,0,9,0,9
mybatis,org.apache.ibatis.datasource,DataSourceException,0,16,0,0,0,8,0,4,0,4
mybatis,org.apache.ibatis.executor.statement,StatementUtil,15,3,7,1,3,2,4,1,0,1
mybatis,org.apache.ibatis.executor.statement,CallableStatementHandler,66,136,8,10,11,31,8,9,2,6
mybatis,org.apache.ibatis.executor.statement,RoutingStatementHandler,17,81,1,3,2,18,2,10,1,8
mybatis,org.apache.ibatis.executor.statement,BaseStatementHandler,23,163,1,13,6,49,2,13,1,7
mybatis,org.apache.ibatis.executor.statement,SimpleStatementHandler,54,66,2,4,12,17,4,6,2,5
mybatis,org.apache.ibatis.executor.statement,PreparedStatementHandler,0,113,0,6,0,29,0,10,0,7
mybatis,org.apache.ibatis.mapping,DefaultDatabaseIdProvider,3,0,0,0,1,0,1,0,1,0
mybatis,org.apache.ibatis.mapping,ParameterMapping,3,106,0,0,1,22,1,10,1,10
mybatis,org.apache.ibatis.mapping,BoundSql,0,54,0,0,0,15,0,7,0,7
mybatis,org.apache.ibatis.mapping,VendorDatabaseIdProvider,14,58,2,6,5,15,2,7,0,5
mybatis,org.apache.ibatis.mapping,ResultMap,3,37,0,0,1,13,1,12,1,12
mybatis,org.apache.ibatis.mapping,ResultSetType,0,59,0,0,0,9,0,3,0,3
mybatis,org.apache.ibatis.mapping,SqlCommandType,0,64,0,0,0,2,0,1,0,1
mybatis,org.apache.ibatis.mapping,FetchType,0,34,0,0,0,2,0,1,0,1
mybatis,org.apache.ibatis.mapping,VendorDatabaseIdProvider.LogHolder,4,0,0,0,1,0,1,0,1,0
mybatis,org.apache.ibatis.mapping,Environment,15,27,3,3,3,11,3,4,0,4
mybatis,org.apache.ibatis.mapping,ResultMapping.Builder,21,312,1,27,3,65,2,31,1,18
mybatis,org.apache.ibatis.mapping,MappedStatement,20,125,3,11,5,36,4,30,2,25
mybatis,org.apache.ibatis.mapping,ParameterMap,0,9,0,0,0,3,0,3,0,3
mybatis,org.apache.ibatis.mapping,ResultFlag,0,24,0,0,0,2,0,1,0,1
mybatis,org.apache.ibatis.mapping,ParameterMap.Builder,4,35,0,0,1,8,1,2,1,2
mybatis,org.apache.ibatis.mapping,Environment.Builder,3,26,0,0,1,8,1,4,1,4
mybatis,org.apache.ibatis.mapping,CacheBuilder,98,387,7,53,13,84,6,40,0,16
mybatis,org.apache.ibatis.mapping,Discriminator.Builder,14,54,7,7,0,11,7,3,0,3
mybatis,org.apache.ibatis.mapping,ResultMap.Builder,54,499,8,58,6,93,9,34,1,9
mybatis,org.apache.ibatis.mapping,DatabaseIdProvider,1,0,0,0,1,0,1,0,1,0
mybatis,org.apache.ibatis.mapping,ParameterMapping.Builder,63,146,5,5,10,36,6,12,2,11
mybatis,org.apache.ibatis.mapping,ParameterMode,0,34,0,0,0,2,0,1,0,1
mybatis,org.apache.ibatis.mapping,ResultMapping,139,101,8,16,25,24,11,23,4,18
mybatis,org.apache.ibatis.mapping,Discriminator,0,15,0,0,0,5,0,4,0,4
mybatis,org.apache.ibatis.mapping,StatementType,0,34,0,0,0,2,0,1,0,1
mybatis,org.apache.ibatis.mapping,MappedStatement.Builder,30,292,10,22,3,61,12,26,2,20
mybatis,org.apache.ibatis.reflection.property,PropertyTokenizer,11,81,0,6,2,18,2,9,2,6
mybatis,org.apache.ibatis.reflection.property,PropertyNamer,15,94,6,22,1,10,6,12,0,4
mybatis,org.apache.ibatis.reflection.property,PropertyCopier,2,50,1,5,1,15,1,3,0,1
mybatis,org.apache.ibatis.logging.jdk14,Jdk14LoggingImpl,11,37,0,0,3,12,2,6,2,6
mybatis,org.apache.ibatis.logging.commons,JakartaCommonsLoggingImpl,9,32,0,0,3,12,2,6,2,6
mybatis,org.apache.ibatis.logging.log4j,Log4jImpl,12,47,0,0,3,13,2,7,2,7
mybatis,org.apache.ibatis.jdbc,AbstractSQL.SQLStatement.LimitingRowsStrategy,0,34,0,0,0,4,0,1,0,1
mybatis,org.apache.ibatis.jdbc,RuntimeSqlException,7,9,0,0,4,4,2,2,2,2
mybatis,org.apache.ibatis.jdbc,SQL,0,5,0,0,0,2,0,2,0,2
mybatis,org.apache.ibatis.jdbc,SqlBuilder,55,63,0,0,22,26,11,13,11,13
mybatis,org.apache.ibatis.jdbc,SqlRunner,64,304,9,21,17,73,10,16,1,10
mybatis,org.apache.ibatis.jdbc,ScriptRunner,122,462,12,50,34,128,15,45,5,24
mybatis,org.apache.ibatis.jdbc,Null,0,329,0,0,0,29,0,4,0,4
mybatis,org.apache.ibatis.jdbc,AbstractSQL.SafeAppendable,6,29,1,3,2,10,1,4,0,3
mybatis,org.apache.ibatis.jdbc,AbstractSQL.SQLStatement.StatementType,0,44,0,0,0,2,0,1,0,1
mybatis,org.apache.ibatis.jdbc,AbstractSQL.SQLStatement.LimitingRowsStrategy.new AbstractSQL.SQLStatement.LimitingRowsStrategy() {...},0,23,0,4,0,6,0,4,0,2
mybatis,org.apache.ibatis.jdbc,AbstractSQL.SQLStatement.LimitingRowsStrategy.new AbstractSQL.SQLStatement.LimitingRowsStrategy() {...},0,7,0,0,0,2,0,2,0,2
mybatis,org.apache.ibatis.jdbc,AbstractSQL.SQLStatement.LimitingRowsStrategy.new AbstractSQL.SQLStatement.LimitingRowsStrategy() {...},0,27,0,4,0,6,0,4,0,2
mybatis,org.apache.ibatis.jdbc,AbstractSQL.SQLStatement,4,437,4,25,2,78,4,20,0,8
mybatis,org.apache.ibatis.jdbc,SelectBuilder,29,63,0,0,12,26,6,13,6,13
mybatis,org.apache.ibatis.jdbc,AbstractSQL,56,438,0,0,13,94,6,41,6,41
mybatis,org.apache.ibatis.plugin,PluginException,0,16,0,0,0,8,0,4,0,4
mybatis,org.apache.ibatis.plugin,InterceptorChain,0,36,0,2,0,9,0,5,0,4
mybatis,org.apache.ibatis.plugin,Invocation,17,12,0,0,4,5,4,1,4,1
mybatis,org.apache.ibatis.plugin,Interceptor,1,4,0,0,1,1,1,1,1,1
mybatis,org.apache.ibatis.plugin,Plugin,42,166,2,14,5,33,2,12,0,6
mybatis,org.apache.ibatis.datasource.pooled,PooledConnection,34,152,9,13,7,42,10,23,4,18
mybatis,org.apache.ibatis.datasource.pooled,PooledDataSource,737,481,51,35,129,134,62,37,27,29
mybatis,org.apache.ibatis.datasource.pooled,PooledDataSourceFactory,0,8,0,0,0,3,0,1,0,1
mybatis,org.apache.ibatis.datasource.pooled,PoolState,16,277,5,5,0,49,5,12,0,12
mybatis,org.apache.ibatis.builder.xml,XMLIncludeTransformer,0,275,1,33,0,56,1,22,0,6
mybatis,org.apache.ibatis.builder.xml,XMLMapperEntityResolver,10,58,3,9,4,15,3,6,0,3
mybatis,org.apache.ibatis.builder.xml,XMLStatementBuilder,9,497,1,33,2,97,2,24,1,8
mybatis,org.apache.ibatis.builder.xml,XMLConfigBuilder,39,1120,13,91,10,235,15,63,2,24
mybatis,org.apache.ibatis.builder.xml,XMLMapperBuilder,40,1086,8,84,8,247,11,65,3,27
mybatis,org.apache.ibatis.logging,LogException,0,16,0,0,0,8,0,4,0,4
mybatis,org.apache.ibatis.logging,LogFactory,33,96,0,4,5,36,0,15,0,13
mybatis,org.apache.ibatis.reflection.wrapper,DefaultObjectWrapperFactory,5,5,0,0,1,2,1,2,1,2
mybatis,org.apache.ibatis.reflection.wrapper,BeanWrapper,133,244,7,17,21,57,9,19,3,13
mybatis,org.apache.ibatis.reflection.wrapper,CollectionWrapper,42,18,0,0,11,7,11,3,11,3
mybatis,org.apache.ibatis.reflection.wrapper,BaseWrapper,226,77,37,9,37,19,20,8,0,5
mybatis,org.apache.ibatis.reflection.wrapper,MapWrapper,46,172,6,16,12,38,8,17,3,11
mybatis,org.apache.ibatis.scripting.defaults,DefaultParameterHandler,0,139,1,15,0,32,1,10,0,3
mybatis,org.apache.ibatis.scripting.defaults,RawLanguageDriver,5,31,1,1,1,9,1,4,0,4
mybatis,org.apache.ibatis.scripting.defaults,RawSqlSource,0,49,0,2,0,11,0,5,0,4
mybatis,org.apache.ibatis.transaction.jdbc,JdbcTransactionFactory,5,10,0,0,1,2,1,2,1,2
mybatis,org.apache.ibatis.transaction.jdbc,JdbcTransaction,106,119,9,23,12,41,10,17,1,10
mybatis,org.apache.ibatis.datasource.unpooled,UnpooledDataSource.DriverProxy,32,6,0,0,7,3,7,1,7,1
mybatis,org.apache.ibatis.datasource.unpooled,UnpooledDataSourceFactory,39,91,9,11,7,24,9,6,0,5
mybatis,org.apache.ibatis.datasource.unpooled,UnpooledDataSource,126,191,4,16,39,62,22,25,18,19
mybatis,org.apache.ibatis.binding,MapperProxy.PlainMethodInvoker,0,12,0,0,0,4,0,2,0,2
mybatis,org.apache.ibatis.binding,MapperRegistry,42,105,2,8,4,28,2,10,0,7
mybatis,org.apache.ibatis.binding,MapperMethod,57,472,6,58,4,89,6,37,0,9
mybatis,org.apache.ibatis.binding,MapperMethod.SqlCommand,13,124,2,14,1,27,2,10,0,4
mybatis,org.apache.ibatis.binding,BindingException,0,16,0,0,0,8,0,4,0,4
mybatis,org.apache.ibatis.binding,MapperMethod.ParamMap,0,28,0,2,0,4,0,3,0,2
mybatis,org.apache.ibatis.binding,MapperMethod.MethodSignature,7,215,4,24,1,42,4,25,0,15
mybatis,org.apache.ibatis.binding,MapperProxy,67,139,3,9,12,33,4,9,1,6
mybatis,org.apache.ibatis.binding,MapperProxyFactory,0,43,0,0,0,9,0,5,0,5
mybatis,org.apache.ibatis.binding,MapperProxy.DefaultMethodInvoker,0,13,0,0,0,4,0,2,0,2
mybatis,org.apache.ibatis.logging.stdout,StdOutImpl,6,24,0,0,3,12,2,6,2,6
mybatis,org.apache.ibatis.logging.log4j2,Log4j2LoggerImpl,49,0,0,0,16,0,9,0,9,0
mybatis,org.apache.ibatis.logging.log4j2,Log4j2AbstractLoggerImpl,16,72,0,0,3,14,2,7,2,7
mybatis,org.apache.ibatis.logging.log4j2,Log4j2Impl,15,42,1,1,4,14,3,6,2,6
mybatis,org.apache.ibatis.session.defaults,DefaultSqlSession,86,414,2,18,16,94,7,39,5,31
mybatis,org.apache.ibatis.session.defaults,DefaultSqlSession.StrictMap,28,0,2,0,4,0,3,0,2,0
mybatis,org.apache.ibatis.session.defaults,DefaultSqlSessionFactory,94,89,4,2,24,18,8,9,5,9
mybatis,org.apache.ibatis.executor.keygen,SelectKeyGenerator,5,229,5,25,1,44,5,16,0,6
mybatis,org.apache.ibatis.executor.keygen,NoKeyGenerator,0,10,0,0,0,4,0,4,0,4
mybatis,org.apache.ibatis.executor.keygen,Jdbc3KeyGenerator.KeyAssigner,15,104,1,7,2,25,1,5,0,2
mybatis,org.apache.ibatis.executor.keygen,Jdbc3KeyGenerator,13,524,8,52,4,95,8,40,0,18
mybatis,org.apache.ibatis.scripting.xmltags,WhereSqlNode,0,46,0,0,0,3,0,2,0,2
mybatis,org.apache.ibatis.scripting.xmltags,XMLScriptBuilder.ChooseHandler,9,89,4,6,2,23,3,6,0,4
mybatis,org.apache.ibatis.scripting.xmltags,ChooseSqlNode,2,37,1,5,1,11,1,4,0,2
mybatis,org.apache.ibatis.scripting.xmltags,DynamicSqlSource,0,56,0,2,0,12,0,3,0,2
mybatis,org.apache.ibatis.scripting.xmltags,XMLScriptBuilder.IfHandler,0,26,0,0,0,7,0,2,0,2
mybatis,org.apache.ibatis.scripting.xmltags,MixedSqlNode,0,18,0,0,0,5,0,3,0,3
mybatis,org.apache.ibatis.scripting.xmltags,XMLScriptBuilder.WhereHandler,0,24,0,0,0,6,0,2,0,2
mybatis,org.apache.ibatis.scripting.xmltags,DynamicContext.ContextMap,0,42,0,8,0,12,0,6,0,2
mybatis,org.apache.ibatis.scripting.xmltags,DynamicContext,0,90,0,4,0,21,0,9,0,7
mybatis,org.apache.ibatis.scripting.xmltags,OgnlCache,18,41,0,2,2,10,0,4,0,3
mybatis,org.apache.ibatis.scripting.xmltags,XMLScriptBuilder.BindHandler,0,25,0,0,0,7,0,2,0,2
mybatis,org.apache.ibatis.scripting.xmltags,OgnlMemberAccess,0,32,1,3,0,12,1,5,0,4
mybatis,org.apache.ibatis.scripting.xmltags,XMLScriptBuilder.ForEachHandler,0,54,0,0,0,12,0,2,0,2
mybatis,org.apache.ibatis.scripting.xmltags,XMLLanguageDriver,0,69,0,4,0,12,0,6,0,4
mybatis,org.apache.ibatis.scripting.xmltags,XMLScriptBuilder,20,215,2,12,3,39,3,9,1,4
mybatis,org.apache.ibatis.scripting.xmltags,XMLScriptBuilder.OtherwiseHandler,0,16,0,0,0,5,0,2,0,2
mybatis,org.apache.ibatis.scripting.xmltags,StaticTextSqlNode,0,12,0,0,0,5,0,2,0,2
mybatis,org.apache.ibatis.scripting.xmltags,DynamicContext.ContextAccessor,13,32,0,6,5,9,3,5,3,2
mybatis,org.apache.ibatis.scripting.xmltags,TrimSqlNode,0,77,0,4,0,21,0,6,0,4
mybatis,org.apache.ibatis.scripting.xmltags,XMLScriptBuilder.SetHandler,0,24,0,0,0,6,0,2,0,2
mybatis,org.apache.ibatis.scripting.xmltags,ForEachSqlNode.FilteredDynamicContext,4,102,0,4,1,17,1,8,1,6
mybatis,org.apache.ibatis.scripting.xmltags,IfSqlNode,0,31,0,2,0,9,0,3,0,2
mybatis,org.apache.ibatis.scripting.xmltags,SetSqlNode,0,13,0,0,0,3,0,2,0,2
mybatis,org.apache.ibatis.scripting.xmltags,VarDeclSqlNode,0,22,0,0,0,7,0,2,0,2
mybatis,org.apache.ibatis.scripting.xmltags,XMLScriptBuilder.TrimHandler,0,44,0,0,0,10,0,2,0,2
mybatis,org.apache.ibatis.scripting.xmltags,ExpressionEvaluator,32,82,2,16,2,20,2,10,0,3
mybatis,org.apache.ibatis.scripting.xmltags,ForEachSqlNode.PrefixedContext,4,57,1,5,1,16,2,8,1,6
mybatis,org.apache.ibatis.scripting.xmltags,TextSqlNode.BindingTokenParser,28,50,4,6,2,14,3,5,0,3
mybatis,org.apache.ibatis.scripting.xmltags,TrimSqlNode.FilteredDynamicContext,4,193,5,19,1,46,6,15,1,8
mybatis,org.apache.ibatis.scripting.xmltags,ForEachSqlNode,0,227,0,22,0,56,0,18,0,7
mybatis,org.apache.ibatis.scripting.xmltags,TextSqlNode.DynamicCheckerTokenParser,0,11,0,0,0,5,0,3,0,3
mybatis,org.apache.ibatis.scripting.xmltags,OgnlClassResolver,0,6,0,0,0,2,0,2,0,2
mybatis,org.apache.ibatis.scripting.xmltags,TextSqlNode,0,54,0,0,0,14,0,5,0,5
mybatis,org.apache.ibatis.executor.result,DefaultResultHandler,0,27,0,0,0,9,0,4,0,4
mybatis,org.apache.ibatis.executor.result,DefaultMapResultHandler,0,48,0,0,0,13,0,3,0,3
mybatis,org.apache.ibatis.executor.result,ResultMapException,11,5,0,0,6,2,3,1,3,1
mybatis,org.apache.ibatis.executor.result,DefaultResultContext,0,35,0,0,0,13,0,6,0,6
mybatis,org.apache.ibatis.datasource.jndi,JndiDataSourceFactory,31,86,6,8,4,22,5,6,0,4
mybatis,org.apache.ibatis.scripting,ScriptingException,0,16,0,0,0,8,0,4,0,4
mybatis,org.apache.ibatis.scripting,LanguageDriverRegistry,0,90,0,6,0,21,0,11,0,8
mybatis,org.apache.ibatis.transaction.managed,ManagedTransactionFactory,34,0,4,0,9,0,6,0,4,0
mybatis,org.apache.ibatis.transaction.managed,ManagedTransaction,84,0,12,0,27,0,15,0,9,0
mybatis,org.apache.ibatis.executor.loader.cglib,CglibProxyFactory.EnhancedResultObjectProxyImpl,27,145,8,12,6,32,8,5,0,3
mybatis,org.apache.ibatis.executor.loader.cglib,CglibProxyFactory.LogHolder,4,0,0,0,1,0,1,0,1,0
mybatis,org.apache.ibatis.executor.loader.cglib,CglibProxyFactory.EnhancedDeserializationProxyImpl,0,57,0,2,0,10,0,5,0,4
mybatis,org.apache.ibatis.executor.loader.cglib,CglibProxyFactory,48,51,3,1,9,15,2,4,0,4
mybatis,org.apache.ibatis.executor.loader.cglib,CglibSerialStateHolder,0,21,0,0,0,5,0,3,0,3
mybatis,org.apache.ibatis.logging.nologging,NoLoggingImpl,3,9,0,0,2,7,2,6,2,6
mybatis,org.apache.ibatis.reflection,TypeParameterResolver.GenericArrayTypeImpl,0,9,0,0,0,4,0,2,0,2
mybatis,org.apache.ibatis.reflection,TypeParameterResolver.ParameterizedTypeImpl,26,18,0,0,2,7,2,3,2,3
mybatis,org.apache.ibatis.reflection,ArrayUtil,2,324,1,65,1,73,1,36,0,4
mybatis,org.apache.ibatis.reflection,SystemMetaObject,0,25,0,0,0,4,0,2,0,2
mybatis,org.apache.ibatis.reflection,DefaultReflectorFactory,12,21,1,1,4,6,3,2,2,2
mybatis,org.apache.ibatis.reflection,ExceptionUtil,0,20,0,4,0,6,0,3,0,1
mybatis,org.apache.ibatis.reflection,Jdk,34,0,0,0,19,0,1,0,1,0
mybatis,org.apache.ibatis.reflection,ParamNameUtil,0,15,0,0,0,3,0,3,0,3
mybatis,org.apache.ibatis.reflection,ParamNameResolver,2,276,2,38,0,55,2,26,0,8
mybatis,org.apache.ibatis.reflection,MetaObject,9,211,1,19,2,53,2,28,1,19
mybatis,org.apache.ibatis.reflection,OptionalUtil,3,0,0,0,1,0,1,0,1,0
mybatis,org.apache.ibatis.reflection,TypeParameterResolver,54,473,12,60,6,99,11,36,0,11
mybatis,org.apache.ibatis.reflection,TypeParameterResolver.WildcardTypeImpl,0,15,0,0,0,6,0,3,0,3
mybatis,org.apache.ibatis.reflection,ReflectionException,0,16,0,0,0,8,0,4,0,4
mybatis,org.apache.ibatis.reflection,MetaClass,14,329,9,31,6,76,8,30,0,18
mybatis,org.apache.ibatis.reflection,Reflector,62,988,13,105,11,193,13,84,1,37
mybatis,org.apache.ibatis.type,BlobTypeHandler,66,3,6,0,18,1,7,1,4,1
mybatis,org.apache.ibatis.type,ZonedDateTimeTypeHandler,23,3,0,0,5,1,4,1,4,1
mybatis,org.apache.ibatis.type,IntegerTypeHandler,7,44,4,8,0,9,3,8,0,5
mybatis,org.apache.ibatis.type,JdbcType,0,496,0,2,0,50,0,4,0,3
mybatis,org.apache.ibatis.type,MonthTypeHandler,48,3,12,0,8,1,10,1,4,1
mybatis,org.apache.ibatis.type,SqlTimeTypeHandler,17,3,0,0,5,1,4,1,4,1
mybatis,org.apache.ibatis.type,SqlTimestampTypeHandler,13,7,0,0,4,2,3,2,3,2
mybatis,org.apache.ibatis.type,BlobByteObjectArrayTypeHandler,51,3,2,0,13,1,6,1,5,1
mybatis,org.apache.ibatis.type,JapaneseDateTypeHandler,37,3,2,0,11,1,6,1,5,1
mybatis,org.apache.ibatis.type,BaseTypeHandler,45,98,1,3,7,17,2,6,1,5
mybatis,org.apache.ibatis.type,ByteObjectArrayTypeHandler,22,20,1,1,6,7,4,3,3,3
mybatis,org.apache.ibatis.type,OffsetDateTimeTypeHandler,12,14,0,0,2,4,2,3,2,3
mybatis,org.apache.ibatis.type,EnumTypeHandler,31,37,5,5,5,10,5,5,2,3
mybatis,org.apache.ibatis.type,LocalDateTypeHandler,12,14,0,0,2,4,2,3,2,3
mybatis,org.apache.ibatis.type,YearMonthTypeHandler,39,3,6,0,8,1,7,1,4,1
mybatis,org.apache.ibatis.type,ShortTypeHandler,39,12,11,1,6,3,9,2,3,2
mybatis,org.apache.ibatis.type,ClobReaderTypeHandler,14,19,1,1,3,6,3,4,2,4
mybatis,org.apache.ibatis.type,SimpleTypeRegistry,0,61,0,0,0,16,0,2,0,2
mybatis,org.apache.ibatis.type,TypeAliasRegistry,29,376,4,18,4,87,4,15,0,8
mybatis,org.apache.ibatis.type,LongTypeHandler,32,25,9,3,4,5,7,4,2,3
mybatis,org.apache.ibatis.type,ClobTypeHandler,28,22,0,2,7,4,3,4,3,3
mybatis,org.apache.ibatis.type,SqlxmlTypeHandler,43,3,2,0,12,1,6,1,5,1
mybatis,org.apache.ibatis.type,TimeOnlyTypeHandler,51,3,6,0,14,1,7,1,4,1
mybatis,org.apache.ibatis.type,InstantTypeHandler,34,3,2,0,11,1,6,1,5,1
mybatis,org.apache.ibatis.type,ByteTypeHandler,39,12,11,1,6,3,9,2,3,2
mybatis,org.apache.ibatis.type,NClobTypeHandler,47,3,2,0,10,1,6,1,5,1
mybatis,org.apache.ibatis.type,ByteArrayUtils,21,21,2,2,4,4,2,2,1,1
mybatis,org.apache.ibatis.type,ObjectTypeHandler,13,7,0,0,4,2,3,2,3,2
mybatis,org.apache.ibatis.type,TypeException,0,16,0,0,0,8,0,4,0,4
mybatis,org.apache.ibatis.type,ArrayTypeHandler,14,247,1,5,3,49,3,8,2,6
mybatis,org.apache.ibatis.type,LocalTimeTypeHandler,12,14,0,0,2,4,2,3,2,3
mybatis,org.apache.ibatis.type,BlobInputStreamTypeHandler,14,19,1,1,3,6,3,4,2,4
mybatis,org.apache.ibatis.type,CharacterTypeHandler,34,14,5,1,11,4,6,2,3,2
mybatis,org.apache.ibatis.type,DoubleTypeHandler,43,14,11,1,6,3,9,2,3,2
mybatis,org.apache.ibatis.type,BigIntegerTypeHandler,32,12,5,1,6,3,6,2,3,2
mybatis,org.apache.ibatis.type,YearTypeHandler,48,3,12,0,8,1,10,1,4,1
mybatis,org.apache.ibatis.type,OffsetTimeTypeHandler,17,9,0,0,4,2,3,2,3,2
mybatis,org.apache.ibatis.type,NStringTypeHandler,17,3,0,0,5,1,4,1,4,1
mybatis,org.apache.ibatis.type,EnumOrdinalTypeHandler,72,40,11,5,13,12,9,5,2,4
mybatis,org.apache.ibatis.type,ByteArrayTypeHandler,8,12,0,0,2,4,2,3,2,3
mybatis,org.apache.ibatis.type,FloatTypeHandler,38,19,9,3,6,3,8,3,3,2
mybatis,org.apache.ibatis.type,BigDecimalTypeHandler,8,12,0,0,2,4,2,3,2,3
mybatis,org.apache.ibatis.type,LocalDateTimeTypeHandler,12,14,0,0,2,4,2,3,2,3
mybatis,org.apache.ibatis.type,TypeReference,19,41,1,5,2,12,2,5,1,3
mybatis,org.apache.ibatis.type,UnknownTypeHandler,64,178,12,16,17,40,12,15,2,11
mybatis,org.apache.ibatis.type,SqlDateTypeHandler,17,3,0,0,5,1,4,1,4,1
mybatis,org.apache.ibatis.type,BooleanTypeHandler,30,21,9,3,4,5,7,4,2,3
mybatis,org.apache.ibatis.type,StringTypeHandler,0,20,0,0,0,6,0,5,0,5
mybatis,org.apache.ibatis.type,TypeHandlerRegistry,86,1073,13,75,14,215,15,63,5,29
mybatis,org.apache.ibatis.type,DateOnlyTypeHandler,42,12,6,0,12,3,6,2,3,2
mybatis,org.apache.ibatis.type,DateTypeHandler,30,24,5,1,9,6,5,3,2,3
mybatis,org.apache.ibatis.executor.loader.javassist,JavassistSerialStateHolder,0,21,0,0,0,5,0,3,0,3
mybatis,org.apache.ibatis.executor.loader.javassist,JavassistProxyFactory.EnhancedDeserializationProxyImpl,0,57,0,2,0,10,0,5,0,4
mybatis,org.apache.ibatis.executor.loader.javassist,JavassistProxyFactory.EnhancedResultObjectProxyImpl,14,158,1,19,3,35,1,12,0,3
mybatis,org.apache.ibatis.executor.loader.javassist,JavassistProxyFactory.LogHolder,4,0,0,0,1,0,1,0,1,0
mybatis,org.apache.ibatis.executor.loader.javassist,JavassistProxyFactory,44,64,2,0,8,17,1,4,0,4
mybatis,org.apache.ibatis.cursor.defaults,DefaultCursor,7,198,2,28,3,47,2,23,0,10
mybatis,org.apache.ibatis.cursor.defaults,DefaultCursor.CursorIterator,5,61,0,6,1,14,1,6,1,3
mybatis,org.apache.ibatis.cursor.defaults,DefaultCursor.ObjectWrapperResultHandler,0,13,0,0,0,5,0,2,0,2
mybatis,org.apache.ibatis.cursor.defaults,DefaultCursor.CursorStatus,0,44,0,0,0,5,0,1,0,1
mybatis,org.apache.ibatis.reflection.factory,DefaultObjectFactory,4,162,3,17,2,34,3,13,0,6
mybatis,org.apache.ibatis.reflection.factory,ObjectFactory,0,1,0,0,0,1,0,1,0,1
mybatis,org.apache.ibatis.builder.annotation,MethodResolver,0,15,0,0,0,6,0,2,0,2
mybatis,org.apache.ibatis.builder.annotation,MapperAnnotationBuilder.AnnotationWrapper,3,135,1,19,1,36,1,13,0,4
mybatis,org.apache.ibatis.builder.annotation,ProviderSqlSource,12,649,4,78,2,105,5,46,1,9
mybatis,org.apache.ibatis.builder.annotation,ProviderMethodResolver,0,112,0,6,0,17,0,6,0,3
mybatis,org.apache.ibatis.builder.annotation,ProviderContext,0,21,0,0,0,8,0,4,0,4
mybatis,org.apache.ibatis.builder.annotation,MapperAnnotationBuilder,38,1839,20,222,6,338,19,141,0,39
mybatis,org.apache.ibatis.executor,Executor,0,3,0,0,0,1,0,1,0,1
mybatis,org.apache.ibatis.executor,BaseExecutor.DeferredLoad,0,68,1,3,0,14,1,4,0,3
mybatis,org.apache.ibatis.executor,ExecutorException,0,16,0,0,0,8,0,4,0,4
mybatis,org.apache.ibatis.executor,BatchExecutor,79,275,3,15,21,62,3,11,1,4
mybatis,org.apache.ibatis.executor,ExecutionPlaceholder,0,14,0,0,0,2,0,1,0,1
mybatis,org.apache.ibatis.executor,ReuseExecutor,46,124,4,4,9,28,5,8,2,7
mybatis,org.apache.ibatis.executor,BatchExecutorException,38,0,0,0,9,0,5,0,5,0
mybatis,org.apache.ibatis.executor,ErrorContext,0,204,1,13,0,57,1,18,0,12
mybatis,org.apache.ibatis.executor,BatchResult,8,41,0,0,2,15,2,7,2,7
mybatis,org.apache.ibatis.executor,BaseExecutor,42,527,13,57,9,131,13,45,0,23
mybatis,org.apache.ibatis.executor,ResultExtractor,0,105,1,23,0,25,1,13,0,2
mybatis,org.apache.ibatis.executor,CachingExecutor,36,196,5,17,5,50,4,25,1,17
mybatis,org.apache.ibatis.executor,SimpleExecutor,0,110,0,0,0,25,0,6,0,6
mybatis,org.apache.ibatis.cache,NullCacheKey,13,0,0,0,4,0,3,0,3,0
mybatis,org.apache.ibatis.cache,Cache,2,0,0,0,1,0,1,0,1,0
mybatis,org.apache.ibatis.cache,CacheException,0,16,0,0,0,8,0,4,0,4
mybatis,org.apache.ibatis.cache,CacheKey,10,191,5,13,5,42,5,14,0,10
mybatis,org.apache.ibatis.cache,TransactionalCacheManager,0,65,0,4,0,16,0,9,0,7
mybatis,org.apache.ibatis.cache,CacheKey.new CacheKey() {...},0,13,0,0,0,3,0,3,0,3
mybatis,org.apache.ibatis.transaction,TransactionFactory,0,1,0,0,0,1,0,1,0,1
mybatis,org.apache.ibatis.transaction,TransactionException,0,16,0,0,0,8,0,4,0,4
mybatis,org.apache.ibatis.logging.slf4j,Slf4jImpl,17,72,1,1,6,15,3,6,2,6
mybatis,org.apache.ibatis.logging.slf4j,Slf4jLocationAwareLoggerImpl,14,57,0,0,3,14,2,7,2,7
mybatis,org.apache.ibatis.logging.slf4j,Slf4jLoggerImpl,40,0,0,0,15,0,8,0,8,0
mybatis,org.apache.ibatis.logging.jdbc,ConnectionLogger,118,0,10,0,22,0,9,0,4,0
mybatis,org.apache.ibatis.logging.jdbc,ResultSetLogger,243,0,18,0,55,0,16,0,7,0
mybatis,org.apache.ibatis.logging.jdbc,PreparedStatementLogger,191,0,22,0,33,0,15,0,4,0
mybatis,org.apache.ibatis.logging.jdbc,StatementLogger,128,0,14,0,22,0,11,0,4,0
mybatis,org.apache.ibatis.logging.jdbc,BaseJdbcLogger,269,0,16,0,59,0,24,0,16,0
mybatis,org.apache.ibatis.io,JBoss6VFS,91,84,11,5,15,25,8,8,1,7
mybatis,org.apache.ibatis.io,DefaultVFS,425,233,63,21,83,57,39,12,2,7
mybatis,org.apache.ibatis.io,Resources,19,180,2,8,2,47,2,23,0,20
mybatis,org.apache.ibatis.io,JBoss6VFS.VirtualFile,58,0,2,0,13,0,4,0,3,0
mybatis,org.apache.ibatis.io,VFS,37,128,2,8,5,30,2,12,0,9
mybatis,org.apache.ibatis.io,SerialFilterChecker,15,27,2,4,3,10,2,3,0,2
mybatis,org.apache.ibatis.io,ResolverUtil,28,184,1,19,3,39,1,19,0,10
mybatis,org.apache.ibatis.io,JBoss6VFS.VFS,19,0,2,0,2,0,2,0,1,0
mybatis,org.apache.ibatis.io,ClassLoaderWrapper,1,202,0,20,1,34,0,21,0,11
mybatis,org.apache.ibatis.io,ResolverUtil.IsA,0,28,1,3,0,5,1,4,0,3
mybatis,org.apache.ibatis.io,ResolverUtil.AnnotatedWith,0,28,1,3,0,5,1,4,0,3
mybatis,org.apache.ibatis.io,VFS.VFSHolder,39,54,2,8,5,12,2,5,0,2
mybatis,org.apache.ibatis.io,ExternalResources,11,55,1,1,5,13,1,3,0,3
mybatis,org.apache.ibatis.executor.resultset,DefaultResultSetHandler,255,2615,54,392,43,566,49,238,2,62
mybatis,org.apache.ibatis.executor.resultset,DefaultResultSetHandler.UnMappedColumnAutoMapping,0,15,0,0,0,6,0,1,0,1
mybatis,org.apache.ibatis.executor.resultset,ResultSetWrapper,25,376,11,39,9,73,10,28,1,12
mybatis,org.apache.ibatis.annotations,Options.FlushCachePolicy,0,34,0,0,0,4,0,1,0,1
mybatis,org.apache.ibatis.parsing,GenericTokenParser,0,202,1,23,0,40,1,13,0,2
mybatis,org.apache.ibatis.parsing,PropertyParser,0,17,0,0,0,3,0,1,0,1
mybatis,org.apache.ibatis.parsing,XNode,26,700,13,63,11,170,13,72,0,47
mybatis,org.apache.ibatis.parsing,XPathParser.new ErrorHandler() {...},5,6,0,0,3,1,3,1,3,1
mybatis,org.apache.ibatis.parsing,ParsingException,0,16,0,0,0,8,0,4,0,4
mybatis,org.apache.ibatis.parsing,PropertyParser.VariableTokenHandler,0,89,0,12,0,19,0,9,0,3
mybatis,org.apache.ibatis.parsing,XPathParser,28,475,0,4,4,112,0,40,0,38
mybatis,org.apache.ibatis.cache.impl,PerpetualCache,2,76,1,7,1,22,1,12,0,9
mybatis,org.apache.ibatis.executor.loader,ProxyFactory,1,0,0,0,1,0,1,0,1,0
mybatis,org.apache.ibatis.executor.loader,ResultLoader,17,119,5,7,3,28,5,6,1,4
mybatis,org.apache.ibatis.executor.loader,AbstractEnhancedDeserializationProxy,10,128,2,12,1,30,2,7,0,2
mybatis,org.apache.ibatis.executor.loader,JavassistProxyFactory,3,0,0,0,1,0,1,0,1,0
mybatis,org.apache.ibatis.executor.loader,ResultLoaderMap.LoadPair,215,182,15,19,25,41,13,10,1,5
mybatis,org.apache.ibatis.executor.loader,ResultLoaderMap.ClosedExecutor,20,7,0,0,4,3,4,2,4,2
mybatis,org.apache.ibatis.executor.loader,CglibProxyFactory,3,0,0,0,1,0,1,0,1,0
mybatis,org.apache.ibatis.executor.loader,AbstractSerialStateHolder,18,187,1,9,4,47,1,10,0,6
mybatis,org.apache.ibatis.executor.loader,ResultLoaderMap,29,111,3,5,3,23,3,11,1,9
mybatis,org.apache.ibatis.exceptions,PersistenceException,0,16,0,0,0,8,0,4,0,4
mybatis,org.apache.ibatis.exceptions,IbatisException,0,16,0,0,0,8,0,4,0,4
mybatis,org.apache.ibatis.exceptions,TooManyResultsException,12,4,0,0,6,2,3,1,3,1
mybatis,org.apache.ibatis.exceptions,ExceptionFactory,0,11,0,0,0,1,0,1,0,1
mybatis,org.apache.ibatis.builder,SqlSourceBuilder.ParameterMappingTokenHandler,51,218,8,26,9,47,7,15,0,5
mybatis,org.apache.ibatis.builder,StaticSqlSource,0,29,0,0,0,8,0,3,0,3
mybatis,org.apache.ibatis.builder,MapperBuilderAssistant,72,862,9,81,7,197,12,56,3,20
mybatis,org.apache.ibatis.builder,BaseBuilder,0,229,1,27,0,51,1,27,0,14
mybatis,org.apache.ibatis.builder,ResultMapResolver,0,40,0,0,0,10,0,2,0,2
mybatis,org.apache.ibatis.builder,IncompleteElementException,7,9,0,0,4,4,2,2,2,2
mybatis,org.apache.ibatis.builder,SqlSourceBuilder,0,74,0,6,0,17,0,6,0,3
mybatis,org.apache.ibatis.builder,ParameterExpression,2,300,2,32,0,63,2,25,0,10
mybatis,org.apache.ibatis.builder,CacheRefResolver,0,15,0,0,0,5,0,2,0,2
mybatis,org.apache.ibatis.builder,BuilderException,0,16,0,0,0,8,0,4,0,4
mybatis,org.apache.ibatis.reflection.invoker,AmbiguousMethodInvoker,0,13,0,0,0,4,0,2,0,2
mybatis,org.apache.ibatis.reflection.invoker,MethodInvoker,5,41,1,3,2,11,2,3,1,2
mybatis,org.apache.ibatis.reflection.invoker,SetFieldInvoker,6,31,1,1,2,10,2,2,1,2
mybatis,org.apache.ibatis.reflection.invoker,GetFieldInvoker,6,23,1,1,2,8,2,2,1,2
mybatis,org.apache.ibatis.session,Configuration,91,1124,13,55,20,320,23,151,13,127
mybatis,org.apache.ibatis.session,AutoMappingBehavior,0,34,0,0,0,4,0,1,0,1
mybatis,org.apache.ibatis.session,Configuration.StrictMap.Ambiguity,0,9,0,0,0,4,0,2,0,2
mybatis,org.apache.ibatis.session,TransactionIsolationLevel,0,81,0,0,0,11,0,3,0,3
mybatis,org.apache.ibatis.session,RowBounds,0,29,0,0,0,11,0,5,0,5
mybatis,org.apache.ibatis.session,AutoMappingUnknownColumnBehavior.LogHolder,0,4,0,0,0,1,0,1,0,1
mybatis,org.apache.ibatis.session,SqlSessionManager.SqlSessionInterceptor,6,40,0,2,3,11,0,3,0,2
mybatis,org.apache.ibatis.session,SqlSessionException,0,16,0,0,0,8,0,4,0,4
mybatis,org.apache.ibatis.session,ExecutorType,0,34,0,0,0,2,0,1,0,1
mybatis,org.apache.ibatis.session,LocalCacheScope,0,24,0,0,0,2,0,1,0,1
mybatis,org.apache.ibatis.session,SqlSessionManager,355,109,15,3,74,28,52,12,43,12
mybatis,org.apache.ibatis.session,SqlSessionFactoryBuilder,19,77,0,0,6,18,2,8,2,8
mybatis,org.apache.ibatis.session,AutoMappingUnknownColumnBehavior,0,70,0,2,0,13,0,3,0,2
mybatis,org.apache.ibatis.session,Configuration.StrictMap,22,131,0,12,9,22,3,11,3,5
mybatis,org.apache.ibatis.session,AutoMappingUnknownColumnBehavior.new AutoMappingUnknownColumnBehavior() {...},0,15,0,0,0,2,0,2,0,2
mybatis,org.apache.ibatis.session,AutoMappingUnknownColumnBehavior.new AutoMappingUnknownColumnBehavior() {...},0,7,0,0,0,2,0,2,0,2
mybatis,org.apache.ibatis.session,AutoMappingUnknownColumnBehavior.new AutoMappingUnknownColumnBehavior() {...},0,14,0,0,0,3,0,2,0,2
