GROUP,PACKAGE,CLASS,INSTRUCTION_MISSED,INSTRUCTION_COVERED,BRANCH_MISSED,BRANCH_COVERED,LINE_MISSED,LINE_COVERED,COMPLEXITY_MISSED,COMPLEXITY_COVERED,METHOD_MISSED,METHOD_COVERED
Apache Commons Collections,org.apache.commons.collections4.keyvalue,TiedMapEntry,20,89,12,10,2,20,10,8,0,7
Apache Commons Collections,org.apache.commons.collections4.keyvalue,AbstractMapEntry,0,70,1,19,0,13,1,13,0,4
Apache Commons Collections,org.apache.commons.collections4.keyvalue,UnmodifiableMapEntry,0,24,0,0,0,7,0,4,0,4
Apache Commons Collections,org.apache.commons.collections4.keyvalue,AbstractKeyValue,0,44,0,0,0,17,0,6,0,6
Apache Commons Collections,org.apache.commons.collections4.keyvalue,MultiKey,0,195,0,12,0,37,0,20,0,14
Apache Commons Collections,org.apache.commons.collections4.keyvalue,DefaultMapEntry,0,19,0,0,0,6,0,3,0,3
Apache Commons Collections,org.apache.commons.collections4.keyvalue,DefaultKeyValue,3,111,5,19,1,24,5,16,0,9
Apache Commons Collections,org.apache.commons.collections4.keyvalue,AbstractMapEntryDecorator,11,36,2,2,3,11,3,7,1,7
Apache Commons Collections,org.apache.commons.collections4.splitmap,TransformedSplitMap,24,94,3,5,7,23,5,10,2,9
Apache Commons Collections,org.apache.commons.collections4.splitmap,AbstractIterableGetMapDecorator,22,61,2,2,5,18,5,13,3,13
Apache Commons Collections,org.apache.commons.collections4.collection,AbstractCollectionDecorator,8,84,0,2,3,23,2,18,2,17
Apache Commons Collections,org.apache.commons.collections4.collection,TransformedCollection,0,103,1,7,0,21,1,10,0,7
Apache Commons Collections,org.apache.commons.collections4.collection,IndexedCollection,117,125,19,11,36,31,19,13,9,8
Apache Commons Collections,org.apache.commons.collections4.collection,UnmodifiableBoundedCollection,66,42,5,9,16,13,16,5,11,3
Apache Commons Collections,org.apache.commons.collections4.collection,PredicatedCollection,0,94,0,8,0,20,0,11,0,7
Apache Commons Collections,org.apache.commons.collections4.collection,CompositeCollection,120,323,13,47,30,82,15,41,6,20
Apache Commons Collections,org.apache.commons.collections4.collection,SynchronizedCollection,193,59,10,2,39,14,20,7,15,6
Apache Commons Collections,org.apache.commons.collections4.collection,PredicatedCollection.Builder,50,138,8,10,12,36,9,14,2,12
Apache Commons Collections,org.apache.commons.collections4.collection,UnmodifiableCollection,0,49,0,2,0,14,0,11,0,10
Apache Commons Collections,org.apache.commons.collections4.comparators,TransformingComparator,72,43,16,6,9,13,12,4,2,3
Apache Commons Collections,org.apache.commons.collections4.comparators,ReverseComparator,17,37,3,5,5,10,5,4,2,3
Apache Commons Collections,org.apache.commons.collections4.comparators,BooleanComparator,15,71,4,10,3,15,5,12,2,8
Apache Commons Collections,org.apache.commons.collections4.comparators,ComparableComparator,3,30,2,4,1,7,3,6,1,5
Apache Commons Collections,org.apache.commons.collections4.comparators,FixedOrderComparator.UnknownObjectBehavior,0,34,0,0,0,2,0,1,0,1
Apache Commons Collections,org.apache.commons.collections4.comparators,FixedOrderComparator,156,222,35,29,19,44,23,22,2,10
Apache Commons Collections,org.apache.commons.collections4.comparators,NullComparator,61,45,13,11,12,11,11,8,4,3
Apache Commons Collections,org.apache.commons.collections4.comparators,ComparatorChain,170,119,27,15,41,36,24,15,10,8
Apache Commons Collections,org.apache.commons.collections4.properties,AbstractPropertiesFactory,87,3,2,0,19,2,9,1,8,1
Apache Commons Collections,org.apache.commons.collections4.properties,PropertiesFactory,4,5,0,0,1,1,1,1,1,1
Apache Commons Collections,org.apache.commons.collections4.properties,SortedPropertiesFactory,4,5,0,0,1,1,1,1,1,1
Apache Commons Collections,org.apache.commons.collections4.properties,SortedProperties,0,35,0,2,0,8,0,3,0,2
Apache Commons Collections,org.apache.commons.collections4.sequence,KeepCommand,0,9,0,0,0,4,0,2,0,2
Apache Commons Collections,org.apache.commons.collections4.sequence,DeleteCommand,0,9,0,0,0,4,0,2,0,2
Apache Commons Collections,org.apache.commons.collections4.sequence,SequencesComparator,5,558,3,79,1,79,3,44,0,6
Apache Commons Collections,org.apache.commons.collections4.sequence,SequencesComparator.Snake,0,21,0,0,0,8,0,4,0,4
Apache Commons Collections,org.apache.commons.collections4.sequence,ReplacementsFinder,65,0,4,0,17,0,6,0,4,0
Apache Commons Collections,org.apache.commons.collections4.sequence,EditCommand,0,9,0,0,0,4,0,2,0,2
Apache Commons Collections,org.apache.commons.collections4.sequence,InsertCommand,0,9,0,0,0,4,0,2,0,2
Apache Commons Collections,org.apache.commons.collections4.sequence,EditScript,3,69,0,2,1,19,1,7,1,6
Apache Commons Collections,org.apache.commons.collections4.trie.analyzer,StringKeyAnalyzer,15,174,10,24,4,36,11,14,1,7
Apache Commons Collections,org.apache.commons.collections4.bag,AbstractMapBag,326,313,51,31,86,80,39,29,10,17
Apache Commons Collections,org.apache.commons.collections4.bag,PredicatedBag,36,19,4,0,6,5,7,4,5,4
Apache Commons Collections,org.apache.commons.collections4.bag,SynchronizedBag,94,9,2,0,18,3,9,2,8,2
Apache Commons Collections,org.apache.commons.collections4.bag,AbstractMapBag.BagIterator,48,68,9,5,12,15,7,4,1,3
Apache Commons Collections,org.apache.commons.collections4.bag,PredicatedSortedBag,0,27,0,0,0,7,0,6,0,6
Apache Commons Collections,org.apache.commons.collections4.bag,AbstractSortedBagDecorator,15,8,0,0,5,3,4,2,4,2
Apache Commons Collections,org.apache.commons.collections4.bag,UnmodifiableSortedBag,56,21,0,2,16,7,12,4,12,3
Apache Commons Collections,org.apache.commons.collections4.bag,SynchronizedBag.SynchronizedBagSet,8,0,0,0,3,0,1,0,1,0
Apache Commons Collections,org.apache.commons.collections4.bag,AbstractBagDecorator,20,28,2,2,5,6,6,5,4,5
Apache Commons Collections,org.apache.commons.collections4.bag,SynchronizedSortedBag,42,9,0,0,9,3,5,2,5,2
Apache Commons Collections,org.apache.commons.collections4.bag,TransformedSortedBag,56,11,4,0,11,3,7,2,5,2
Apache Commons Collections,org.apache.commons.collections4.bag,TransformedBag,35,64,5,3,5,13,8,6,5,5
Apache Commons Collections,org.apache.commons.collections4.bag,AbstractMapBag.MutableInteger,18,6,4,0,4,3,4,1,2,1
Apache Commons Collections,org.apache.commons.collections4.bag,TreeBag,17,74,0,6,7,17,2,11,2,8
Apache Commons Collections,org.apache.commons.collections4.bag,CollectionBag,96,49,19,5,29,15,16,7,6,5
Apache Commons Collections,org.apache.commons.collections4.bag,CollectionSortedBag,96,49,19,5,29,15,16,7,6,5
Apache Commons Collections,org.apache.commons.collections4.bag,UnmodifiableBag,56,23,0,2,16,8,12,4,12,3
Apache Commons Collections,org.apache.commons.collections4.bag,HashBag,6,22,0,0,3,8,1,3,1,3
Apache Commons Collections,org.apache.commons.collections4.trie,AbstractPatriciaTrie.RangeEntryMap,43,134,10,24,7,30,11,16,1,9
Apache Commons Collections,org.apache.commons.collections4.trie,AbstractPatriciaTrie.PrefixRangeEntrySet,0,81,0,6,0,15,0,6,0,3
Apache Commons Collections,org.apache.commons.collections4.trie,AbstractPatriciaTrie.KeySet.KeyIterator,0,12,0,0,0,2,0,2,0,2
Apache Commons Collections,org.apache.commons.collections4.trie,AbstractPatriciaTrie.RangeMap,131,152,25,25,16,30,18,21,4,10
Apache Commons Collections,org.apache.commons.collections4.trie,AbstractPatriciaTrie.KeySet,0,41,0,2,0,9,0,7,0,6
Apache Commons Collections,org.apache.commons.collections4.trie,AbstractPatriciaTrie.TrieIterator,4,101,1,9,1,25,1,10,0,6
Apache Commons Collections,org.apache.commons.collections4.trie,AbstractPatriciaTrie.TrieEntry,38,212,8,18,6,35,8,10,0,5
Apache Commons Collections,org.apache.commons.collections4.trie,AbstractPatriciaTrie.RangeEntrySet.EntryIterator,0,48,0,10,0,8,0,8,0,3
Apache Commons Collections,org.apache.commons.collections4.trie,AbstractPatriciaTrie.RangeEntrySet,7,171,2,28,2,40,2,19,0,6
Apache Commons Collections,org.apache.commons.collections4.trie,AbstractPatriciaTrie.EntrySet,2,62,2,8,1,15,2,9,0,6
Apache Commons Collections,org.apache.commons.collections4.trie,KeyAnalyzer,21,26,8,6,3,7,8,5,2,4
Apache Commons Collections,org.apache.commons.collections4.trie,UnmodifiableTrie,55,93,0,4,13,23,12,17,12,15
Apache Commons Collections,org.apache.commons.collections4.trie,AbstractPatriciaTrie.Values.ValueIterator,0,12,0,0,0,2,0,2,0,2
Apache Commons Collections,org.apache.commons.collections4.trie,PatriciaTrie,7,6,0,0,2,2,1,1,1,1
Apache Commons Collections,org.apache.commons.collections4.trie,AbstractPatriciaTrie.EntrySet.EntryIterator,0,11,0,0,0,2,0,2,0,2
Apache Commons Collections,org.apache.commons.collections4.trie,AbstractPatriciaTrie.PrefixRangeEntrySet.SingletonIterator,26,31,3,3,6,8,3,4,1,3
Apache Commons Collections,org.apache.commons.collections4.trie,AbstractBitwiseTrie.BasicEntry,23,73,3,9,5,21,5,10,2,7
Apache Commons Collections,org.apache.commons.collections4.trie,AbstractPatriciaTrie.TrieMapIterator,99,0,12,0,25,0,15,0,9,0
Apache Commons Collections,org.apache.commons.collections4.trie,AbstractPatriciaTrie.Reference,7,0,0,0,3,0,2,0,2,0
Apache Commons Collections,org.apache.commons.collections4.trie,AbstractPatriciaTrie.PrefixRangeEntrySet.EntryIterator,0,89,1,9,0,22,1,8,0,4
Apache Commons Collections,org.apache.commons.collections4.trie,AbstractPatriciaTrie,696,1173,119,177,164,272,91,108,13,38
Apache Commons Collections,org.apache.commons.collections4.trie,AbstractPatriciaTrie.PrefixRangeMap,50,265,4,36,8,56,12,23,8,7
Apache Commons Collections,org.apache.commons.collections4.trie,AbstractPatriciaTrie.Values,0,45,0,4,0,13,0,8,0,6
Apache Commons Collections,org.apache.commons.collections4.trie,AbstractBitwiseTrie,57,73,7,13,11,17,7,13,2,8
Apache Commons Collections,org.apache.commons.collections4.list,NodeCachingLinkedList,22,138,0,12,10,45,4,16,4,10
Apache Commons Collections,org.apache.commons.collections4.list,TreeList,42,222,8,10,8,46,9,16,2,14
Apache Commons Collections,org.apache.commons.collections4.list,SetUniqueList.SetListIterator,0,29,0,0,0,10,0,3,0,3
Apache Commons Collections,org.apache.commons.collections4.list,PredicatedList.PredicatedListIterator,25,0,0,0,9,0,3,0,3,0
Apache Commons Collections,org.apache.commons.collections4.list,AbstractSerializableListDecorator,15,4,0,0,6,2,2,1,2,1
Apache Commons Collections,org.apache.commons.collections4.list,TransformedList,44,103,5,3,7,21,9,11,6,10
Apache Commons Collections,org.apache.commons.collections4.list,FixedSizeList,85,9,0,0,22,3,21,2,21,2
Apache Commons Collections,org.apache.commons.collections4.list,FixedSizeList.FixedSizeListIterator,11,0,0,0,5,0,3,0,3,0
Apache Commons Collections,org.apache.commons.collections4.list,AbstractLinkedList,108,702,18,82,27,171,19,80,5,44
Apache Commons Collections,org.apache.commons.collections4.list,CursorableLinkedList.SubCursor,0,70,0,4,0,14,0,8,0,6
Apache Commons Collections,org.apache.commons.collections4.list,AbstractLinkedList.LinkedListIterator,0,211,0,14,0,50,0,19,0,12
Apache Commons Collections,org.apache.commons.collections4.list,TransformedList.TransformedListIterator,0,27,0,0,0,9,0,3,0,3
Apache Commons Collections,org.apache.commons.collections4.list,UnmodifiableList,0,87,0,2,0,22,0,18,0,17
Apache Commons Collections,org.apache.commons.collections4.list,AbstractListDecorator,8,72,0,4,3,15,2,15,2,13
Apache Commons Collections,org.apache.commons.collections4.list,GrowthList,10,90,4,6,2,20,4,8,1,6
Apache Commons Collections,org.apache.commons.collections4.list,CursorableLinkedList.Cursor,11,172,3,23,2,51,3,19,0,9
Apache Commons Collections,org.apache.commons.collections4.list,AbstractLinkedList.Node,26,22,0,0,11,10,5,4,5,4
Apache Commons Collections,org.apache.commons.collections4.list,CursorableLinkedList,23,214,7,19,9,75,9,24,2,18
Apache Commons Collections,org.apache.commons.collections4.list,SetUniqueList,97,232,8,20,21,55,12,23,6,15
Apache Commons Collections,org.apache.commons.collections4.list,AbstractLinkedList.LinkedSubList,62,249,5,11,6,57,6,16,1,13
Apache Commons Collections,org.apache.commons.collections4.list,SetUniqueList.SetListListIterator,19,36,0,2,6,11,2,5,2,4
Apache Commons Collections,org.apache.commons.collections4.list,AbstractLinkedList.LinkedSubListIterator,0,69,0,4,0,14,0,8,0,6
Apache Commons Collections,org.apache.commons.collections4.list,PredicatedList,80,34,4,2,15,8,13,5,11,4
Apache Commons Collections,org.apache.commons.collections4.list,TreeList.AVLNode,155,949,27,121,44,218,19,89,1,32
Apache Commons Collections,org.apache.commons.collections4.list,LazyList,48,91,6,8,10,24,5,9,1,6
Apache Commons Collections,org.apache.commons.collections4.list,TreeList.TreeListIterator,4,246,1,21,1,56,1,21,0,11
Apache Commons Collections,org.apache.commons.collections4.functors,MapTransformer,3,20,0,2,1,7,1,4,1,3
Apache Commons Collections,org.apache.commons.collections4.functors,ComparatorPredicate,25,80,3,17,3,23,3,13,0,4
Apache Commons Collections,org.apache.commons.collections4.functors,ExceptionPredicate,0,14,0,0,0,4,0,4,0,4
Apache Commons Collections,org.apache.commons.collections4.functors,PrototypeFactory.PrototypeSerializationFactory,8,53,0,2,4,17,0,3,0,2
Apache Commons Collections,org.apache.commons.collections4.functors,InstantiateTransformer,32,86,10,14,8,19,10,8,0,6
Apache Commons Collections,org.apache.commons.collections4.functors,OrPredicate,13,38,1,7,1,8,2,6,1,3
Apache Commons Collections,org.apache.commons.collections4.functors,NotNullPredicate,0,15,0,2,0,4,0,5,0,4
Apache Commons Collections,org.apache.commons.collections4.functors,FactoryTransformer,3,22,0,2,1,7,1,4,1,3
Apache Commons Collections,org.apache.commons.collections4.functors,NonePredicate,0,55,0,8,0,14,0,8,0,4
Apache Commons Collections,org.apache.commons.collections4.functors,ComparatorPredicate.Criterion,0,54,0,0,0,2,0,1,0,1
Apache Commons Collections,org.apache.commons.collections4.functors,ForClosure,6,39,0,8,2,12,2,7,2,3
Apache Commons Collections,org.apache.commons.collections4.functors,StringValueTransformer,0,12,0,0,0,4,0,4,0,4
Apache Commons Collections,org.apache.commons.collections4.functors,WhileClosure,9,51,0,8,3,15,3,7,3,3
Apache Commons Collections,org.apache.commons.collections4.functors,UniquePredicate,0,17,0,0,0,5,0,3,0,3
Apache Commons Collections,org.apache.commons.collections4.functors,ChainedTransformer,4,78,0,10,1,19,1,10,1,5
Apache Commons Collections,org.apache.commons.collections4.functors,TransformerClosure,3,21,0,2,1,8,1,4,1,3
Apache Commons Collections,org.apache.commons.collections4.functors,NullPredicate,0,15,0,2,0,4,0,5,0,4
Apache Commons Collections,org.apache.commons.collections4.functors,InstanceofPredicate,8,18,1,1,2,6,2,3,1,3
Apache Commons Collections,org.apache.commons.collections4.functors,AbstractQuantifierPredicate,4,6,0,0,1,3,1,1,1,1
Apache Commons Collections,org.apache.commons.collections4.functors,AnyPredicate,4,67,1,11,1,17,1,9,0,4
Apache Commons Collections,org.apache.commons.collections4.functors,IdentityPredicate,3,23,0,4,1,7,1,5,1,3
Apache Commons Collections,org.apache.commons.collections4.functors,IfTransformer,14,66,2,10,4,17,5,8,3,4
Apache Commons Collections,org.apache.commons.collections4.functors,CatchAndRethrowClosure,0,17,0,0,0,8,0,2,0,2
Apache Commons Collections,org.apache.commons.collections4.functors,PredicateTransformer,3,24,0,2,1,7,1,4,1,3
Apache Commons Collections,org.apache.commons.collections4.functors,ExceptionFactory,0,14,0,0,0,4,0,4,0,4
Apache Commons Collections,org.apache.commons.collections4.functors,SwitchTransformer,13,159,2,24,3,36,5,16,3,5
Apache Commons Collections,org.apache.commons.collections4.functors,EqualPredicate,3,48,0,6,1,15,1,8,1,5
Apache Commons Collections,org.apache.commons.collections4.functors,NullIsExceptionPredicate,8,30,0,4,1,9,1,5,1,3
Apache Commons Collections,org.apache.commons.collections4.functors,ConstantTransformer,43,31,11,3,9,11,8,7,2,6
Apache Commons Collections,org.apache.commons.collections4.functors,InstantiateFactory,23,108,5,17,7,27,5,11,0,5
Apache Commons Collections,org.apache.commons.collections4.functors,NullIsFalsePredicate,8,27,0,4,1,9,1,5,1,3
Apache Commons Collections,org.apache.commons.collections4.functors,PrototypeFactory,0,66,0,4,0,13,0,3,0,1
Apache Commons Collections,org.apache.commons.collections4.functors,NOPTransformer,0,11,0,0,0,4,0,4,0,4
Apache Commons Collections,org.apache.commons.collections4.functors,CloneTransformer,0,15,0,2,0,5,0,4,0,3
Apache Commons Collections,org.apache.commons.collections4.functors,DefaultEquator,4,25,2,6,1,4,3,6,1,4
Apache Commons Collections,org.apache.commons.collections4.functors,PrototypeFactory.PrototypeCloneFactory,33,20,1,1,10,6,2,2,1,2
Apache Commons Collections,org.apache.commons.collections4.functors,ChainedClosure,4,91,0,12,1,23,1,11,1,5
Apache Commons Collections,org.apache.commons.collections4.functors,ConstantFactory,3,24,0,2,1,8,1,5,1,4
Apache Commons Collections,org.apache.commons.collections4.functors,ClosureTransformer,3,24,0,2,1,8,1,4,1,3
Apache Commons Collections,org.apache.commons.collections4.functors,FalsePredicate,0,11,0,0,0,4,0,4,0,4
Apache Commons Collections,org.apache.commons.collections4.functors,NullIsTruePredicate,8,27,0,4,1,9,1,5,1,3
Apache Commons Collections,org.apache.commons.collections4.functors,InvokerTransformer,45,133,4,24,6,28,4,15,0,5
Apache Commons Collections,org.apache.commons.collections4.functors,FunctorUtils,10,174,3,27,5,36,5,20,2,8
Apache Commons Collections,org.apache.commons.collections4.functors,TransformedPredicate,16,34,1,3,3,10,3,4,2,3
Apache Commons Collections,org.apache.commons.collections4.functors,SwitchClosure,13,154,2,22,3,35,5,15,3,5
Apache Commons Collections,org.apache.commons.collections4.functors,ExceptionClosure,0,14,0,0,0,4,0,4,0,4
Apache Commons Collections,org.apache.commons.collections4.functors,IfClosure,25,45,3,5,7,13,7,5,4,4
Apache Commons Collections,org.apache.commons.collections4.functors,OnePredicate,4,60,1,9,1,16,1,8,0,4
Apache Commons Collections,org.apache.commons.collections4.functors,AndPredicate,13,38,1,7,1,8,2,6,1,3
Apache Commons Collections,org.apache.commons.collections4.functors,AllPredicate,0,73,0,12,0,18,0,10,0,4
Apache Commons Collections,org.apache.commons.collections4.functors,TruePredicate,0,11,0,0,0,4,0,4,0,4
Apache Commons Collections,org.apache.commons.collections4.functors,ExceptionTransformer,0,14,0,0,0,4,0,4,0,4
Apache Commons Collections,org.apache.commons.collections4.functors,NotPredicate,8,27,0,4,1,7,1,5,1,3
Apache Commons Collections,org.apache.commons.collections4.functors,TransformerPredicate,3,34,0,4,1,10,1,5,1,3
Apache Commons Collections,org.apache.commons.collections4.functors,NOPClosure,0,10,0,0,0,4,0,4,0,4
Apache Commons Collections,org.apache.commons.collections4.bidimap,AbstractDualBidiMap,0,280,0,18,0,64,0,34,0,25
Apache Commons Collections,org.apache.commons.collections4.bidimap,TreeBidiMap.InverseViewMapIterator,18,26,2,2,4,8,4,4,2,4
Apache Commons Collections,org.apache.commons.collections4.bidimap,TreeBidiMap,1054,949,143,112,219,246,105,88,20,45
Apache Commons Collections,org.apache.commons.collections4.bidimap,AbstractDualBidiMap.Values,0,41,0,2,0,9,0,5,0,4
Apache Commons Collections,org.apache.commons.collections4.bidimap,AbstractDualBidiMap.MapEntry,0,38,0,4,0,9,0,4,0,2
Apache Commons Collections,org.apache.commons.collections4.bidimap,AbstractDualBidiMap.KeySetIterator,0,53,0,2,0,16,0,4,0,3
Apache Commons Collections,org.apache.commons.collections4.bidimap,AbstractDualBidiMap.EntrySet,4,58,3,7,0,14,2,6,0,3
Apache Commons Collections,org.apache.commons.collections4.bidimap,TreeBidiMap.InverseViewMapEntryIterator,5,21,0,0,1,5,1,3,1,3
Apache Commons Collections,org.apache.commons.collections4.bidimap,TreeBidiMap.ViewMapIterator,18,26,2,2,4,8,4,4,2,4
Apache Commons Collections,org.apache.commons.collections4.bidimap,AbstractSortedBidiMapDecorator,28,8,0,0,6,3,6,2,6,2
Apache Commons Collections,org.apache.commons.collections4.bidimap,DualLinkedHashBidiMap,61,0,0,0,17,0,6,0,6,0
Apache Commons Collections,org.apache.commons.collections4.bidimap,AbstractDualBidiMap.BidiMapIterator,100,59,10,4,21,16,9,7,4,5
Apache Commons Collections,org.apache.commons.collections4.bidimap,AbstractDualBidiMap.View,0,119,1,25,0,37,1,19,0,7
Apache Commons Collections,org.apache.commons.collections4.bidimap,AbstractOrderedBidiMapDecorator,26,8,0,0,6,3,6,2,6,2
Apache Commons Collections,org.apache.commons.collections4.bidimap,TreeBidiMap.ValueView,9,28,2,2,1,6,2,4,1,3
Apache Commons Collections,org.apache.commons.collections4.bidimap,TreeBidiMap.KeyView,9,28,2,2,1,6,2,4,1,3
Apache Commons Collections,org.apache.commons.collections4.bidimap,TreeBidiMap.ViewIterator,119,69,15,5,23,16,11,5,3,3
Apache Commons Collections,org.apache.commons.collections4.bidimap,UnmodifiableBidiMap,0,79,0,4,0,23,0,14,0,12
Apache Commons Collections,org.apache.commons.collections4.bidimap,TreeBidiMap.Inverse,130,103,10,8,24,22,15,18,10,14
Apache Commons Collections,org.apache.commons.collections4.bidimap,TreeBidiMap.Node,73,198,8,15,11,40,12,21,4,17
Apache Commons Collections,org.apache.commons.collections4.bidimap,TreeBidiMap.EntryView,34,40,8,4,10,9,6,4,1,3
Apache Commons Collections,org.apache.commons.collections4.bidimap,DualTreeBidiMap,91,152,12,0,26,34,11,15,5,15
Apache Commons Collections,org.apache.commons.collections4.bidimap,DualTreeBidiMap.ViewMap,38,35,0,2,5,8,5,5,5,4
Apache Commons Collections,org.apache.commons.collections4.bidimap,DualHashBidiMap,39,22,0,0,12,5,3,3,3,3
Apache Commons Collections,org.apache.commons.collections4.bidimap,TreeBidiMap.View,4,13,0,0,2,5,1,2,1,2
Apache Commons Collections,org.apache.commons.collections4.bidimap,AbstractDualBidiMap.KeySet,0,41,0,2,0,9,0,5,0,4
Apache Commons Collections,org.apache.commons.collections4.bidimap,TreeBidiMap.DataElement,3,34,0,0,1,5,1,2,1,2
Apache Commons Collections,org.apache.commons.collections4.bidimap,DualTreeBidiMap.BidiOrderedMapIterator,27,134,0,12,6,29,3,14,3,8
Apache Commons Collections,org.apache.commons.collections4.bidimap,UnmodifiableOrderedBidiMap,0,82,0,4,0,24,0,15,0,13
Apache Commons Collections,org.apache.commons.collections4.bidimap,TreeBidiMap.ViewMapEntryIterator,3,11,0,0,1,4,1,2,1,2
Apache Commons Collections,org.apache.commons.collections4.bidimap,AbstractDualBidiMap.ValuesIterator,0,47,0,2,0,15,0,4,0,3
Apache Commons Collections,org.apache.commons.collections4.bidimap,AbstractBidiMapDecorator,13,17,0,0,3,5,3,4,3,4
Apache Commons Collections,org.apache.commons.collections4.bidimap,TreeBidiMap.InverseEntryView,34,40,7,5,10,9,5,5,1,3
Apache Commons Collections,org.apache.commons.collections4.bidimap,UnmodifiableSortedBidiMap,0,104,0,4,0,29,0,17,0,15
Apache Commons Collections,org.apache.commons.collections4.bidimap,AbstractDualBidiMap.EntrySetIterator,0,56,0,2,0,16,0,4,0,3
Apache Commons Collections,org.apache.commons.collections4.map,AbstractLinkedMap.EntrySetIterator,3,7,0,0,1,3,1,2,1,2
Apache Commons Collections,org.apache.commons.collections4.map,UnmodifiableEntrySet,2,137,2,10,1,28,2,16,0,12
Apache Commons Collections,org.apache.commons.collections4.map,LazyMap,37,44,2,4,10,14,6,4,4,3
Apache Commons Collections,org.apache.commons.collections4.map,StaticBucketMap.Node,2,73,3,17,1,14,3,12,0,5
Apache Commons Collections,org.apache.commons.collections4.map,AbstractHashedMap.Values,0,23,0,0,0,8,0,5,0,5
Apache Commons Collections,org.apache.commons.collections4.map,AbstractReferenceMap.ReferenceBaseIterator,9,164,3,21,2,47,3,16,0,7
Apache Commons Collections,org.apache.commons.collections4.map,Flat3Map.EntrySet,8,51,2,4,2,16,2,6,0,5
Apache Commons Collections,org.apache.commons.collections4.map,AbstractReferenceMap.ReferenceValues,0,34,0,2,0,8,0,4,0,3
Apache Commons Collections,org.apache.commons.collections4.map,TransformedSortedMap,0,94,1,1,0,19,1,10,0,10
Apache Commons Collections,org.apache.commons.collections4.map,AbstractReferenceMap.ReferenceStrength,8,49,3,1,3,7,3,3,0,3
Apache Commons Collections,org.apache.commons.collections4.map,FixedSizeMap,101,0,6,0,28,0,16,0,13,0
Apache Commons Collections,org.apache.commons.collections4.map,AbstractOrderedMapDecorator,25,8,0,0,7,3,6,2,6,2
Apache Commons Collections,org.apache.commons.collections4.map,ListOrderedMap.KeySetView.new AbstractUntypedIteratorDecorator() {...},0,13,0,0,0,2,0,2,0,2
Apache Commons Collections,org.apache.commons.collections4.map,PredicatedSortedMap,0,72,0,0,0,13,0,9,0,9
Apache Commons Collections,org.apache.commons.collections4.map,AbstractReferenceMap.SoftRef,11,0,0,0,4,0,2,0,2,0
Apache Commons Collections,org.apache.commons.collections4.map,ListOrderedMap.ValuesView.new AbstractUntypedIteratorDecorator() {...},0,13,0,0,0,2,0,2,0,2
Apache Commons Collections,org.apache.commons.collections4.map,PredicatedMap,19,109,1,15,8,24,3,14,2,7
Apache Commons Collections,org.apache.commons.collections4.map,StaticBucketMap.KeyIterator,0,12,0,0,0,2,0,2,0,2
Apache Commons Collections,org.apache.commons.collections4.map,Flat3Map.KeySetIterator,8,0,0,0,3,0,2,0,2,0
Apache Commons Collections,org.apache.commons.collections4.map,Flat3Map.FlatMapEntry,164,59,34,8,31,20,25,7,5,3
Apache Commons Collections,org.apache.commons.collections4.map,Flat3Map.Values,12,29,2,2,2,10,2,5,0,5
Apache Commons Collections,org.apache.commons.collections4.map,AbstractReferenceMap.WeakRef,0,11,0,0,0,4,0,2,0,2
Apache Commons Collections,org.apache.commons.collections4.map,AbstractReferenceMap.ReferenceKeySetIterator,0,8,0,0,0,3,0,2,0,2
Apache Commons Collections,org.apache.commons.collections4.map,ListOrderedMap.KeySetView,0,28,0,0,0,8,0,5,0,5
Apache Commons Collections,org.apache.commons.collections4.map,AbstractReferenceMap,20,386,10,40,5,109,10,45,0,30
Apache Commons Collections,org.apache.commons.collections4.map,UnmodifiableMap,36,50,2,2,11,16,4,10,3,9
Apache Commons Collections,org.apache.commons.collections4.map,CompositeMap,216,259,28,24,47,45,29,19,12,10
Apache Commons Collections,org.apache.commons.collections4.map,AbstractLinkedMap.ValuesIterator,4,8,0,0,1,3,1,2,1,2
Apache Commons Collections,org.apache.commons.collections4.map,AbstractHashedMap,195,912,28,108,57,227,28,92,7,45
Apache Commons Collections,org.apache.commons.collections4.map,TransformedMap,16,129,2,10,6,32,4,14,2,10
Apache Commons Collections,org.apache.commons.collections4.map,AbstractLinkedMap.LinkEntry,0,7,0,0,0,2,0,1,0,1
Apache Commons Collections,org.apache.commons.collections4.map,StaticBucketMap.ValueIterator,0,12,0,0,0,2,0,2,0,2
Apache Commons Collections,org.apache.commons.collections4.map,PassiveExpiringMap.ConstantTimeToLiveExpirationPolicy,6,33,1,3,3,10,2,4,1,3
Apache Commons Collections,org.apache.commons.collections4.map,MultiValueMap.1.1.new Map.Entry() {...},4,16,0,0,1,3,1,3,1,3
Apache Commons Collections,org.apache.commons.collections4.map,AbstractInputCheckedMapDecorator,5,20,0,2,3,5,2,3,2,2
Apache Commons Collections,org.apache.commons.collections4.map,AbstractLinkedMap.LinkIterator,19,154,5,13,5,32,5,13,0,9
Apache Commons Collections,org.apache.commons.collections4.map,LazySortedMap,0,75,0,0,0,16,0,11,0,11
Apache Commons Collections,org.apache.commons.collections4.map,StaticBucketMap.BaseIterator,0,110,0,12,0,24,0,10,0,4
Apache Commons Collections,org.apache.commons.collections4.map,LinkedMap.LinkedMapList,4,88,0,0,1,20,1,18,1,18
Apache Commons Collections,org.apache.commons.collections4.map,MultiValueMap.1.new Transformer() {...},0,15,0,0,0,2,0,2,0,2
Apache Commons Collections,org.apache.commons.collections4.map,Flat3Map.FlatMapIterator,112,102,11,15,19,30,12,13,3,6
Apache Commons Collections,org.apache.commons.collections4.map,StaticBucketMap.KeySet,0,77,2,6,0,15,2,8,0,6
Apache Commons Collections,org.apache.commons.collections4.map,ListOrderedMap.ListOrderedMapIterator,13,133,0,10,4,32,1,15,1,10
Apache Commons Collections,org.apache.commons.collections4.map,UnmodifiableEntrySet.UnmodifiableEntrySetIterator,0,21,0,0,0,5,0,3,0,3
Apache Commons Collections,org.apache.commons.collections4.map,AbstractHashedMap.ValuesIterator,0,8,0,0,0,3,0,2,0,2
Apache Commons Collections,org.apache.commons.collections4.map,MultiValueMap.new LazyIteratorChain() {...},0,36,0,2,0,6,0,3,0,2
Apache Commons Collections,org.apache.commons.collections4.map,SingletonMap.SingletonValues,4,23,0,0,1,7,1,5,1,5
Apache Commons Collections,org.apache.commons.collections4.map,MultiValueMap.ValuesIterator,0,41,0,2,0,11,0,5,0,4
Apache Commons Collections,org.apache.commons.collections4.map,EntrySetToMapIteratorAdapter,0,57,0,2,0,18,0,10,0,9
Apache Commons Collections,org.apache.commons.collections4.map,AbstractReferenceMap.ReferenceEntry,33,193,16,26,5,40,14,18,0,11
Apache Commons Collections,org.apache.commons.collections4.map,Flat3Map.KeySet,12,41,2,2,2,13,2,6,0,6
Apache Commons Collections,org.apache.commons.collections4.map,PassiveExpiringMap,67,210,2,16,21,54,9,27,8,19
Apache Commons Collections,org.apache.commons.collections4.map,AbstractInputCheckedMapDecorator.EntrySet,0,116,1,9,0,21,1,8,0,4
Apache Commons Collections,org.apache.commons.collections4.map,ListOrderedMap.ListOrderedMapEntry,0,22,0,0,0,5,0,3,0,3
Apache Commons Collections,org.apache.commons.collections4.map,AbstractReferenceMap.ReferenceMapIterator,0,48,0,6,0,15,0,8,0,5
Apache Commons Collections,org.apache.commons.collections4.map,StaticBucketMap.EntryIterator,0,11,0,0,0,2,0,2,0,2
Apache Commons Collections,org.apache.commons.collections4.map,HashedMap,16,19,0,0,8,7,3,4,3,4
Apache Commons Collections,org.apache.commons.collections4.map,StaticBucketMap.EntrySet,0,116,0,10,0,24,0,11,0,6
Apache Commons Collections,org.apache.commons.collections4.map,LRUMap,233,266,10,30,30,74,18,27,9,16
Apache Commons Collections,org.apache.commons.collections4.map,MultiKeyMap,183,1397,111,189,18,293,85,104,3,36
Apache Commons Collections,org.apache.commons.collections4.map,AbstractInputCheckedMapDecorator.MapEntry,0,20,0,0,0,6,0,2,0,2
Apache Commons Collections,org.apache.commons.collections4.map,SingletonMap.SingletonMapIterator,26,97,5,9,7,24,6,12,1,10
Apache Commons Collections,org.apache.commons.collections4.map,MultiValueMap.Values,4,36,0,2,2,7,1,4,1,3
Apache Commons Collections,org.apache.commons.collections4.map,ListOrderedMap,171,284,23,19,38,62,20,29,7,21
Apache Commons Collections,org.apache.commons.collections4.map,FixedSizeSortedMap,115,0,4,0,27,0,19,0,17,0
Apache Commons Collections,org.apache.commons.collections4.map,Flat3Map,257,1134,94,196,52,306,79,105,0,23
Apache Commons Collections,org.apache.commons.collections4.map,LinkedMap,21,64,0,4,10,15,4,10,4,8
Apache Commons Collections,org.apache.commons.collections4.map,AbstractInputCheckedMapDecorator.EntrySetIterator,0,24,0,0,0,6,0,2,0,2
Apache Commons Collections,org.apache.commons.collections4.map,AbstractReferenceMap.ReferenceEntrySet,0,38,0,2,0,8,0,4,0,3
Apache Commons Collections,org.apache.commons.collections4.map,ReferenceMap,24,28,0,0,6,10,3,4,3,4
Apache Commons Collections,org.apache.commons.collections4.map,DefaultedMap,30,64,4,6,9,15,6,8,2,7
Apache Commons Collections,org.apache.commons.collections4.map,ListOrderedMap.ListOrderedIterator,0,34,0,0,0,9,0,3,0,3
Apache Commons Collections,org.apache.commons.collections4.map,MultiValueMap.ReflectionFactory,15,31,1,3,2,8,1,4,0,3
Apache Commons Collections,org.apache.commons.collections4.map,AbstractReferenceMap.ReferenceValuesIterator,0,8,0,0,0,3,0,2,0,2
Apache Commons Collections,org.apache.commons.collections4.map,AbstractMapDecorator,0,92,0,4,0,27,0,20,0,18
Apache Commons Collections,org.apache.commons.collections4.map,StaticBucketMap,79,534,17,57,24,110,18,38,4,15
Apache Commons Collections,org.apache.commons.collections4.map,AbstractHashedMap.KeySet,0,35,0,0,0,11,0,6,0,6
Apache Commons Collections,org.apache.commons.collections4.map,SingletonMap,162,142,24,11,44,35,30,21,12,21
Apache Commons Collections,org.apache.commons.collections4.map,AbstractHashedMap.KeySetIterator,0,8,0,0,0,3,0,2,0,2
Apache Commons Collections,org.apache.commons.collections4.map,AbstractHashedMap.EntrySet,0,64,1,9,0,19,1,10,0,6
Apache Commons Collections,org.apache.commons.collections4.map,AbstractLinkedMap.KeySetIterator,4,8,0,0,1,3,1,2,1,2
Apache Commons Collections,org.apache.commons.collections4.map,Flat3Map.EntryIterator,35,41,4,2,8,9,4,3,1,3
Apache Commons Collections,org.apache.commons.collections4.map,Flat3Map.EntrySetIterator,0,7,0,0,0,3,0,2,0,2
Apache Commons Collections,org.apache.commons.collections4.map,CaseInsensitiveMap,17,48,0,4,8,13,3,7,3,5
Apache Commons Collections,org.apache.commons.collections4.map,AbstractSortedMapDecorator.SortedMapIterator,29,0,0,0,8,0,4,0,4,0
Apache Commons Collections,org.apache.commons.collections4.map,ListOrderedMap.ValuesView,0,44,0,0,0,11,0,8,0,8
Apache Commons Collections,org.apache.commons.collections4.map,AbstractIterableMap,0,9,0,0,0,2,0,2,0,2
Apache Commons Collections,org.apache.commons.collections4.map,AbstractHashedMap.EntrySetIterator,0,7,0,0,0,3,0,2,0,2
Apache Commons Collections,org.apache.commons.collections4.map,AbstractLinkedMap,73,268,12,28,16,60,14,29,8,15
Apache Commons Collections,org.apache.commons.collections4.map,AbstractReferenceMap.ReferenceKeySet,0,34,0,2,0,8,0,4,0,3
Apache Commons Collections,org.apache.commons.collections4.map,UnmodifiableSortedMap,44,52,0,2,10,15,6,12,6,11
Apache Commons Collections,org.apache.commons.collections4.map,ReferenceIdentityMap,36,49,0,6,12,10,5,9,5,6
Apache Commons Collections,org.apache.commons.collections4.map,AbstractHashedMap.HashMapIterator,0,48,0,6,0,15,0,8,0,5
Apache Commons Collections,org.apache.commons.collections4.map,AbstractSortedMapDecorator,54,20,4,0,11,6,9,5,7,5
Apache Commons Collections,org.apache.commons.collections4.map,AbstractLinkedMap.LinkMapIterator,0,52,0,6,0,16,0,9,0,6
Apache Commons Collections,org.apache.commons.collections4.map,MultiValueMap,13,327,5,39,2,86,6,38,1,21
Apache Commons Collections,org.apache.commons.collections4.map,AbstractHashedMap.HashIterator,10,143,3,17,3,35,3,13,0,6
Apache Commons Collections,org.apache.commons.collections4.map,StaticBucketMap.Values,0,21,0,0,0,5,0,4,0,4
Apache Commons Collections,org.apache.commons.collections4.map,UnmodifiableOrderedMap,31,41,0,2,10,14,6,7,6,6
Apache Commons Collections,org.apache.commons.collections4.map,AbstractReferenceMap.ReferenceEntrySetIterator,0,7,0,0,0,3,0,2,0,2
Apache Commons Collections,org.apache.commons.collections4.map,ListOrderedMap.EntrySetView,0,92,0,8,0,26,0,16,0,12
Apache Commons Collections,org.apache.commons.collections4.map,Flat3Map.ValuesIterator,8,0,0,0,3,0,2,0,2,0
Apache Commons Collections,org.apache.commons.collections4.map,UnmodifiableEntrySet.UnmodifiableEntry,0,11,0,0,0,4,0,2,0,2
Apache Commons Collections,org.apache.commons.collections4.map,AbstractHashedMap.HashEntry,2,107,3,19,1,23,3,15,0,7
Apache Commons Collections,org.apache.commons.collections4.multimap,AbstractListValuedMap.WrappedList,104,70,6,6,25,19,11,9,8,6
Apache Commons Collections,org.apache.commons.collections4.multimap,ArrayListValuedHashMap,51,31,2,0,17,9,6,4,5,4
Apache Commons Collections,org.apache.commons.collections4.multimap,AbstractListValuedMap.ValuesListIterator,44,76,0,4,11,18,6,7,6,5
Apache Commons Collections,org.apache.commons.collections4.multimap,TransformedMultiValuedMap,69,97,12,8,13,24,9,10,2,7
Apache Commons Collections,org.apache.commons.collections4.multimap,HashSetValuedHashMap,42,21,0,0,15,6,5,3,5,3
Apache Commons Collections,org.apache.commons.collections4.multimap,AbstractMultiValuedMap.KeysMultiSet.MapEntryTransformer,0,12,0,0,0,2,0,2,0,2
Apache Commons Collections,org.apache.commons.collections4.multimap,AbstractMultiValuedMap,242,192,40,18,55,42,36,22,12,17
Apache Commons Collections,org.apache.commons.collections4.multimap,AbstractMultiValuedMap.EntryValues.1.new Transformer() {...},0,20,0,0,0,2,0,2,0,2
Apache Commons Collections,org.apache.commons.collections4.multimap,AbstractMultiValuedMap.MultiValuedMapEntry,0,12,0,0,0,4,0,2,0,2
Apache Commons Collections,org.apache.commons.collections4.multimap,AbstractListValuedMap,3,24,0,0,2,6,1,5,1,5
Apache Commons Collections,org.apache.commons.collections4.multimap,AbstractMultiValuedMap.KeysMultiSet.MapEntryTransformer.new AbstractMultiSet.AbstractEntry() {...},0,19,0,0,0,3,0,3,0,3
Apache Commons Collections,org.apache.commons.collections4.multimap,AbstractMultiValuedMap.EntryValues.new LazyIteratorChain() {...},0,49,0,2,0,8,0,3,0,2
Apache Commons Collections,org.apache.commons.collections4.multimap,AbstractMultiValuedMap.WrappedCollection,123,115,25,15,36,28,22,14,7,9
Apache Commons Collections,org.apache.commons.collections4.multimap,AbstractMultiValuedMap.ValuesIterator,0,43,0,2,0,11,0,5,0,4
Apache Commons Collections,org.apache.commons.collections4.multimap,AbstractMultiValuedMap.KeysMultiSet,16,40,2,0,5,7,2,6,1,6
Apache Commons Collections,org.apache.commons.collections4.multimap,AbstractMultiValuedMap.AsMap.AsMapEntrySet,0,50,0,2,0,11,0,7,0,6
Apache Commons Collections,org.apache.commons.collections4.multimap,AbstractMultiValuedMap.EntryValues,0,15,0,0,0,3,0,3,0,3
Apache Commons Collections,org.apache.commons.collections4.multimap,UnmodifiableMultiValuedMap,30,49,0,2,7,12,7,10,7,9
Apache Commons Collections,org.apache.commons.collections4.multimap,AbstractMultiValuedMap.MultiValuedMapIterator,52,14,6,0,14,4,9,1,6,1
Apache Commons Collections,org.apache.commons.collections4.multimap,AbstractMultiValuedMap.AsMap,0,90,0,8,0,24,0,15,0,11
Apache Commons Collections,org.apache.commons.collections4.multimap,AbstractMultiValuedMap.Values,0,40,0,2,0,9,0,5,0,4
Apache Commons Collections,org.apache.commons.collections4.multimap,AbstractSetValuedMap,3,24,0,0,2,6,1,5,1,5
Apache Commons Collections,org.apache.commons.collections4.multimap,AbstractMultiValuedMap.AsMap.AsMapEntrySetIterator,0,24,0,0,0,6,0,2,0,2
Apache Commons Collections,org.apache.commons.collections4.multimap,AbstractMultiValuedMapDecorator,56,68,2,2,12,19,11,15,10,14
Apache Commons Collections,org.apache.commons.collections4.multimap,AbstractSetValuedMap.WrappedSet,0,37,0,4,0,12,0,5,0,3
Apache Commons Collections,org.apache.commons.collections4.set,UnmodifiableSet,0,49,0,2,0,14,0,11,0,10
Apache Commons Collections,org.apache.commons.collections4.set,UnmodifiableSortedSet,15,72,0,2,6,19,2,14,2,13
Apache Commons Collections,org.apache.commons.collections4.set,MapBackedSet,95,67,6,4,18,15,16,8,12,7
Apache Commons Collections,org.apache.commons.collections4.set,ListOrderedSet.OrderedSetIterator,27,15,0,0,7,5,3,2,3,2
Apache Commons Collections,org.apache.commons.collections4.set,TransformedSet,0,67,1,7,0,12,1,8,0,5
Apache Commons Collections,org.apache.commons.collections4.set,AbstractSetDecorator,3,24,0,4,2,5,1,6,1,4
Apache Commons Collections,org.apache.commons.collections4.set,AbstractNavigableSetDecorator,39,28,0,0,9,7,8,6,8,6
Apache Commons Collections,org.apache.commons.collections4.set,UnmodifiableNavigableSet,15,111,0,2,6,27,2,19,2,18
Apache Commons Collections,org.apache.commons.collections4.set,AbstractSerializableSetDecorator,15,4,0,0,6,2,2,1,2,1
Apache Commons Collections,org.apache.commons.collections4.set,PredicatedSet,0,31,0,4,0,6,0,7,0,5
Apache Commons Collections,org.apache.commons.collections4.set,CompositeSet,261,252,40,34,63,63,35,29,11,16
Apache Commons Collections,org.apache.commons.collections4.set,ListOrderedSet,95,232,14,26,26,60,17,26,7,16
Apache Commons Collections,org.apache.commons.collections4.set,TransformedSortedSet,44,60,4,0,8,12,4,8,2,8
Apache Commons Collections,org.apache.commons.collections4.set,AbstractSortedSetDecorator,19,20,0,0,5,6,4,5,4,5
Apache Commons Collections,org.apache.commons.collections4.set,PredicatedNavigableSet,15,74,0,0,3,15,3,11,3,11
Apache Commons Collections,org.apache.commons.collections4.set,TransformedNavigableSet,55,74,4,0,10,15,6,11,4,11
Apache Commons Collections,org.apache.commons.collections4.set,PredicatedSortedSet,0,64,0,0,0,13,0,9,0,9
Apache Commons Collections,org.apache.commons.collections4.iterators,EnumerationIterator,36,29,4,0,11,10,6,4,4,4
Apache Commons Collections,org.apache.commons.collections4.iterators,IteratorChain,104,134,6,14,16,40,9,15,5,9
Apache Commons Collections,org.apache.commons.collections4.iterators,EmptyMapIterator,0,10,0,0,0,4,0,3,0,3
Apache Commons Collections,org.apache.commons.collections4.iterators,SingletonIterator,4,71,3,11,1,21,3,10,0,6
Apache Commons Collections,org.apache.commons.collections4.iterators,ObjectArrayIterator,11,100,0,12,3,26,3,13,3,7
Apache Commons Collections,org.apache.commons.collections4.iterators,FilterIterator,17,98,1,13,5,32,4,14,3,8
Apache Commons Collections,org.apache.commons.collections4.iterators,SkippingIterator,0,60,0,8,0,17,0,8,0,4
Apache Commons Collections,org.apache.commons.collections4.iterators,IteratorIterable,0,44,1,5,0,12,1,6,0,4
Apache Commons Collections,org.apache.commons.collections4.iterators,ReverseListIterator,50,60,7,1,15,18,7,8,3,8
Apache Commons Collections,org.apache.commons.collections4.iterators,AbstractListIteratorDecorator,30,24,1,1,9,9,7,5,6,5
Apache Commons Collections,org.apache.commons.collections4.iterators,EmptyIterator,0,14,0,0,0,6,0,4,0,4
Apache Commons Collections,org.apache.commons.collections4.iterators,AbstractUntypedIteratorDecorator,5,19,1,1,1,8,1,4,0,4
Apache Commons Collections,org.apache.commons.collections4.iterators,TransformIterator,23,28,0,0,11,9,6,5,6,5
Apache Commons Collections,org.apache.commons.collections4.iterators,ArrayListIterator,15,103,1,7,5,21,3,12,2,9
Apache Commons Collections,org.apache.commons.collections4.iterators,UnmodifiableOrderedMapIterator,8,51,0,4,2,15,2,10,2,8
Apache Commons Collections,org.apache.commons.collections4.iterators,LoopingIterator,0,56,0,8,0,17,0,10,0,6
Apache Commons Collections,org.apache.commons.collections4.iterators,EmptyOrderedMapIterator,0,10,0,0,0,4,0,3,0,3
Apache Commons Collections,org.apache.commons.collections4.iterators,NodeListIterator,10,66,3,9,2,14,4,7,1,4
Apache Commons Collections,org.apache.commons.collections4.iterators,AbstractEmptyMapIterator,0,18,0,0,0,5,0,4,0,4
Apache Commons Collections,org.apache.commons.collections4.iterators,AbstractIteratorDecorator,0,8,0,0,0,3,0,2,0,2
Apache Commons Collections,org.apache.commons.collections4.iterators,ObjectGraphIterator,0,195,0,30,0,56,0,23,0,8
Apache Commons Collections,org.apache.commons.collections4.iterators,UnmodifiableIterator,0,38,0,4,0,12,0,7,0,5
Apache Commons Collections,org.apache.commons.collections4.iterators,IteratorIterable.new Iterator() {...},4,14,0,0,2,3,1,3,1,3
Apache Commons Collections,org.apache.commons.collections4.iterators,LazyIteratorChain,0,99,0,12,0,28,0,11,0,5
Apache Commons Collections,org.apache.commons.collections4.iterators,AbstractMapIteratorDecorator,41,0,2,0,13,0,9,0,8,0
Apache Commons Collections,org.apache.commons.collections4.iterators,AbstractOrderedMapIteratorDecorator,49,0,2,0,15,0,11,0,10,0
Apache Commons Collections,org.apache.commons.collections4.iterators,UnmodifiableListIterator,0,64,0,4,0,18,0,13,0,11
Apache Commons Collections,org.apache.commons.collections4.iterators,LoopingListIterator,16,137,3,21,4,39,4,21,1,12
Apache Commons Collections,org.apache.commons.collections4.iterators,BoundedIterator,5,117,1,17,1,31,1,14,0,6
Apache Commons Collections,org.apache.commons.collections4.iterators,PeekingIterator,16,121,4,22,5,34,4,17,0,8
Apache Commons Collections,org.apache.commons.collections4.iterators,SingletonListIterator,36,91,12,16,10,22,11,14,3,8
Apache Commons Collections,org.apache.commons.collections4.iterators,UnmodifiableMapIterator,0,51,0,4,0,15,0,10,0,8
Apache Commons Collections,org.apache.commons.collections4.iterators,EmptyListIterator,2,12,0,0,1,5,1,3,1,3
Apache Commons Collections,org.apache.commons.collections4.iterators,FilterListIterator,68,191,6,30,18,58,15,24,9,12
Apache Commons Collections,org.apache.commons.collections4.iterators,ZippingIterator,14,125,3,11,3,32,3,10,0,6
Apache Commons Collections,org.apache.commons.collections4.iterators,CollatingIterator,88,313,11,37,20,85,12,34,4,18
Apache Commons Collections,org.apache.commons.collections4.iterators,UniqueFilterIterator,0,5,0,0,0,2,0,1,0,1
Apache Commons Collections,org.apache.commons.collections4.iterators,PermutationIterator,5,257,0,34,1,44,1,20,1,3
Apache Commons Collections,org.apache.commons.collections4.iterators,PushbackIterator,14,50,3,7,4,11,4,7,1,5
Apache Commons Collections,org.apache.commons.collections4.iterators,IteratorEnumeration,7,17,0,0,4,6,2,4,2,4
Apache Commons Collections,org.apache.commons.collections4.iterators,EntrySetMapIterator,121,0,10,0,31,0,14,0,9,0
Apache Commons Collections,org.apache.commons.collections4.iterators,EmptyOrderedIterator,0,10,0,0,0,4,0,3,0,3
Apache Commons Collections,org.apache.commons.collections4.iterators,ArrayIterator,14,117,0,10,4,27,4,12,4,7
Apache Commons Collections,org.apache.commons.collections4.iterators,AbstractEmptyIterator,0,37,0,0,0,12,0,11,0,11
Apache Commons Collections,org.apache.commons.collections4.iterators,ListIteratorWrapper,41,253,8,32,11,61,8,23,2,9
Apache Commons Collections,org.apache.commons.collections4.iterators,ObjectArrayListIterator,15,103,1,7,5,21,3,12,2,9
Apache Commons Collections,org.apache.commons.collections4,PredicateUtils,15,95,0,0,6,25,6,23,6,23
Apache Commons Collections,org.apache.commons.collections4,FunctorException,8,8,0,0,4,4,2,2,2,2
Apache Commons Collections,org.apache.commons.collections4,EnumerationUtils,0,53,0,6,0,13,0,6,0,3
Apache Commons Collections,org.apache.commons.collections4,BagUtils,8,39,0,0,3,11,3,9,3,9
Apache Commons Collections,org.apache.commons.collections4,IterableUtils.2.new LazyIteratorChain() {...},0,23,0,2,0,4,0,3,0,2
Apache Commons Collections,org.apache.commons.collections4,ListUtils.LcsVisitor,0,19,0,0,0,8,0,5,0,5
Apache Commons Collections,org.apache.commons.collections4,SetUtils,37,176,1,35,11,43,12,31,11,14
Apache Commons Collections,org.apache.commons.collections4,ComparatorUtils,24,90,5,13,6,23,6,14,2,9
Apache Commons Collections,org.apache.commons.collections4,IterableUtils.UnmodifiableIterable,0,11,0,0,0,4,0,2,0,2
Apache Commons Collections,org.apache.commons.collections4,FluentIterable,0,190,0,4,0,45,0,36,0,34
Apache Commons Collections,org.apache.commons.collections4,SetUtils.new SetUtils.SetView() {...},13,41,5,3,1,4,4,5,1,4
Apache Commons Collections,org.apache.commons.collections4,SetUtils.new SetUtils.SetView() {...},0,33,0,4,0,3,0,5,0,3
Apache Commons Collections,org.apache.commons.collections4,SetUtils.new Predicate() {...},0,11,0,0,0,2,0,2,0,2
Apache Commons Collections,org.apache.commons.collections4,SetUtils.new SetUtils.SetView() {...},12,41,4,0,1,4,3,4,1,4
Apache Commons Collections,org.apache.commons.collections4,SetUtils.new SetUtils.SetView() {...},0,33,0,4,0,3,0,5,0,3
Apache Commons Collections,org.apache.commons.collections4,SetUtils.new Predicate() {...},0,15,0,2,0,2,0,3,0,2
Apache Commons Collections,org.apache.commons.collections4,CollectionUtils.SetOperationCardinalityHelper,0,48,0,2,0,11,0,5,0,4
Apache Commons Collections,org.apache.commons.collections4,IterableUtils.7.new LazyIteratorChain() {...},0,18,0,2,0,4,0,3,0,2
Apache Commons Collections,org.apache.commons.collections4,IteratorUtils,256,619,43,99,60,166,45,96,17,53
Apache Commons Collections,org.apache.commons.collections4,SetUtils.SetView,16,11,0,0,5,3,2,3,2,3
Apache Commons Collections,org.apache.commons.collections4,ClosureUtils,0,112,0,4,0,28,0,18,0,16
Apache Commons Collections,org.apache.commons.collections4,ArrayUtils,22,38,7,9,6,9,6,6,1,3
Apache Commons Collections,org.apache.commons.collections4,SplitMapUtils,13,32,3,7,3,8,3,4,0,2
Apache Commons Collections,org.apache.commons.collections4,IterableUtils.new FluentIterable() {...},0,13,0,0,0,2,0,2,0,2
Apache Commons Collections,org.apache.commons.collections4,IterableUtils.new FluentIterable() {...},0,17,0,0,0,2,0,2,0,2
Apache Commons Collections,org.apache.commons.collections4,IterableUtils.new FluentIterable() {...},0,44,0,2,0,6,0,3,0,2
Apache Commons Collections,org.apache.commons.collections4,IterableUtils.new FluentIterable() {...},0,16,0,0,0,2,0,2,0,2
Apache Commons Collections,org.apache.commons.collections4,IterableUtils.new FluentIterable() {...},0,11,0,0,0,2,0,2,0,2
Apache Commons Collections,org.apache.commons.collections4,IterableUtils.new FluentIterable() {...},0,16,0,0,0,2,0,2,0,2
Apache Commons Collections,org.apache.commons.collections4,IterableUtils.new FluentIterable() {...},0,16,0,0,0,2,0,2,0,2
Apache Commons Collections,org.apache.commons.collections4,IterableUtils.new FluentIterable() {...},0,22,0,0,0,2,0,2,0,2
Apache Commons Collections,org.apache.commons.collections4,IterableUtils.new FluentIterable() {...},0,18,0,0,0,2,0,2,0,2
Apache Commons Collections,org.apache.commons.collections4,CollectionUtils,64,1400,23,247,14,332,22,181,1,67
Apache Commons Collections,org.apache.commons.collections4,IterableUtils.new FluentIterable() {...},0,11,0,0,0,2,0,2,0,2
Apache Commons Collections,org.apache.commons.collections4,IterableUtils.new FluentIterable() {...},0,5,0,0,0,2,0,2,0,2
Apache Commons Collections,org.apache.commons.collections4,MultiMapUtils,29,77,4,16,8,22,8,14,4,8
Apache Commons Collections,org.apache.commons.collections4,TrieUtils,0,3,0,0,0,1,0,1,0,1
Apache Commons Collections,org.apache.commons.collections4,IterableUtils,58,526,3,59,7,120,7,68,4,40
Apache Commons Collections,org.apache.commons.collections4,ArrayStack,23,70,6,10,6,24,6,10,2,6
Apache Commons Collections,org.apache.commons.collections4,FactoryUtils,0,21,0,0,0,6,0,6,0,6
Apache Commons Collections,org.apache.commons.collections4,MapUtils,1093,0,188,0,306,0,168,0,74,0
Apache Commons Collections,org.apache.commons.collections4,CollectionUtils.EquatorWrapper,2,32,1,1,1,9,1,4,0,4
Apache Commons Collections,org.apache.commons.collections4,IterableUtils.new FluentIterable() {...},0,16,0,0,0,2,0,2,0,2
Apache Commons Collections,org.apache.commons.collections4,IterableUtils.new FluentIterable() {...},4,20,1,1,0,4,1,2,0,2
Apache Commons Collections,org.apache.commons.collections4,ListUtils,48,380,8,66,9,91,12,49,5,19
Apache Commons Collections,org.apache.commons.collections4,QueueUtils,0,22,0,0,0,6,0,6,0,6
Apache Commons Collections,org.apache.commons.collections4,ListUtils.Partition,34,48,2,2,3,11,3,3,1,3
Apache Commons Collections,org.apache.commons.collections4,MultiSetUtils,0,18,0,0,0,6,0,5,0,5
Apache Commons Collections,org.apache.commons.collections4,CollectionUtils.new Transformer() {...},0,13,0,0,0,2,0,2,0,2
Apache Commons Collections,org.apache.commons.collections4,CollectionUtils.new Transformer() {...},0,13,0,0,0,2,0,2,0,2
Apache Commons Collections,org.apache.commons.collections4,CollectionUtils.new Transformer() {...},0,13,0,0,0,2,0,2,0,2
Apache Commons Collections,org.apache.commons.collections4,ListUtils.CharSequenceAsList,0,16,0,0,0,5,0,3,0,3
Apache Commons Collections,org.apache.commons.collections4,MapUtils.new AbstractMapDecorator() {...},4,0,0,0,1,0,1,0,1,0
Apache Commons Collections,org.apache.commons.collections4,MapUtils.new AbstractSortedMapDecorator() {...},4,0,0,0,1,0,1,0,1,0
Apache Commons Collections,org.apache.commons.collections4,SplitMapUtils.WrappedGet,30,79,4,4,6,17,8,12,4,12
Apache Commons Collections,org.apache.commons.collections4,TransformerUtils,0,137,0,4,0,34,0,25,0,23
Apache Commons Collections,org.apache.commons.collections4,CollectionUtils.CardinalityHelper,0,51,0,2,0,12,0,7,0,6
Apache Commons Collections,org.apache.commons.collections4,SplitMapUtils.WrappedPut,3,82,3,3,1,20,3,15,0,15
Apache Commons Collections,org.apache.commons.collections4.multiset,AbstractMapMultiSet.MutableInteger,18,6,4,0,4,3,4,1,2,1
Apache Commons Collections,org.apache.commons.collections4.multiset,AbstractMapMultiSet.UniqueSetIterator,0,53,0,2,0,16,0,4,0,3
Apache Commons Collections,org.apache.commons.collections4.multiset,SynchronizedMultiSet.SynchronizedSet,5,0,0,0,2,0,1,0,1,0
Apache Commons Collections,org.apache.commons.collections4.multiset,AbstractMultiSet.EntrySet,61,10,10,0,16,4,8,2,3,2
Apache Commons Collections,org.apache.commons.collections4.multiset,AbstractMultiSetDecorator,29,29,0,4,7,6,6,7,6,5
Apache Commons Collections,org.apache.commons.collections4.multiset,AbstractMultiSet.AbstractEntry,45,19,12,0,9,2,8,2,2,2
Apache Commons Collections,org.apache.commons.collections4.multiset,HashMultiSet,17,13,0,0,7,5,2,2,2,2
Apache Commons Collections,org.apache.commons.collections4.multiset,SynchronizedMultiSet,108,25,2,0,20,6,9,4,8,4
Apache Commons Collections,org.apache.commons.collections4.multiset,AbstractMapMultiSet.MapBasedMultiSetIterator,48,68,7,7,12,15,5,6,1,3
Apache Commons Collections,org.apache.commons.collections4.multiset,AbstractMapMultiSet,240,202,28,20,56,49,27,18,9,12
Apache Commons Collections,org.apache.commons.collections4.multiset,AbstractMultiSet.UniqueSet,0,41,0,2,0,10,0,8,0,7
Apache Commons Collections,org.apache.commons.collections4.multiset,AbstractMapMultiSet.MultiSetEntry,16,0,0,0,5,0,3,0,3,0
Apache Commons Collections,org.apache.commons.collections4.multiset,AbstractMultiSet.MultiSetIterator,29,55,4,6,8,13,3,6,1,3
Apache Commons Collections,org.apache.commons.collections4.multiset,AbstractMultiSet.new Transformer() {...},0,9,0,0,0,2,0,2,0,2
Apache Commons Collections,org.apache.commons.collections4.multiset,PredicatedMultiSet,44,24,4,0,8,6,8,5,6,5
Apache Commons Collections,org.apache.commons.collections4.multiset,AbstractMapMultiSet.EntrySetIterator,52,0,2,0,16,0,5,0,4,0
Apache Commons Collections,org.apache.commons.collections4.multiset,AbstractMultiSet,213,97,36,10,52,25,30,15,10,12
Apache Commons Collections,org.apache.commons.collections4.multiset,UnmodifiableMultiSet,34,56,0,2,11,16,6,12,6,11
Apache Commons Collections,org.apache.commons.collections4.queue,SynchronizedQueue,89,13,2,0,18,4,9,3,8,3
Apache Commons Collections,org.apache.commons.collections4.queue,AbstractQueueDecorator,24,8,0,0,7,3,6,2,6,2
Apache Commons Collections,org.apache.commons.collections4.queue,TransformedQueue,27,51,1,3,6,10,7,4,6,3
Apache Commons Collections,org.apache.commons.collections4.queue,CircularFifoQueue.new Iterator() {...},16,176,3,15,5,27,3,10,0,4
Apache Commons Collections,org.apache.commons.collections4.queue,CircularFifoQueue,66,298,9,39,19,73,12,33,5,16
Apache Commons Collections,org.apache.commons.collections4.queue,PredicatedQueue,16,23,0,0,4,6,3,5,3,5
Apache Commons Collections,org.apache.commons.collections4.queue,UnmodifiableQueue,52,24,0,2,15,8,11,5,11,4
